2018-06-27 18:14:39,388 - Method_Log - INFO - 正在获取apilist===============================================
2018-06-27 18:14:39,710 - Method_Log - INFO - 已经获取到apilist并返回=========================
2018-06-27 18:14:39,711 - testlog - INFO - ((1L, u'\u5b66\u5386\u7b80\u7248', u'/data-service/edu/querydet', u'get', u'cid,name', u'7', u'account,cid,name,reqTid', u'cid,name,reqTid,account,sign', u'ds_edu.user_edu_data'), (2L, u'\u5b66\u5386\u7b80\u72482', u'/data-service/edu/querydet', u'get', u'cid,name', u'7', u'account,cid,name,reqTid', u'cid,name,reqTid,account,sign', u'ds_edu.user_edu_data'))
2018-06-27 18:14:40,433 - Method_Log - INFO - 正在获取apilist===============================================
2018-06-27 18:14:40,753 - Method_Log - INFO - 已经获取到apilist并返回=========================
2018-06-27 18:14:40,755 - testlog - INFO - ((1L, u'\u5b66\u5386\u7b80\u7248', u'/data-service/edu/querydet', u'get', u'cid,name', u'7', u'account,cid,name,reqTid', u'cid,name,reqTid,account,sign', u'ds_edu.user_edu_data'), (2L, u'\u5b66\u5386\u7b80\u72482', u'/data-service/edu/querydet', u'get', u'cid,name', u'7', u'account,cid,name,reqTid', u'cid,name,reqTid,account,sign', u'ds_edu.user_edu_data'))
2018-06-27 18:14:46,391 - Flask - INFO - 来到了主页面===========================
2018-06-27 18:14:47,746 - Flask - INFO - 来到了start_test页面=========================
2018-06-27 18:14:49,634 - Flask - INFO - 开始执行测试==================================
2018-06-27 18:14:49,634 - testlog - INFO - 正在初始化当前测试用例
2018-06-27 18:14:49,634 - testlog - INFO - {'account': 'apisunsuwei', 'reqId': '1234', 'reqTid': '1234'}
2018-06-27 18:14:49,634 - testlog - INFO - 正在执行的是第1个接口:学历简版，查询缓存
2018-06-27 18:14:49,634 - Method_Log - INFO - 正在从数据库中获取数据.......
2018-06-27 18:14:49,684 - Method_Log - INFO - 正在从ds_edu.user_edu_data获取数据......
2018-06-27 18:14:49,690 - Method_Log - INFO - 正在使用idt排序查询
2018-06-27 18:14:49,707 - testlog - INFO - md5排序后的值为：=============accountapisunsuweicid422103197102276312name丰海兵reqTid1234
2018-06-27 18:14:49,707 - Method_Log - INFO - 正在进行md5加密
2018-06-27 18:14:49,707 - testlog - INFO - 正在发送get请求:/data-service/edu/querydet
2018-06-27 18:14:53,332 - testlog - INFO - 返回码statusCode为：================200
2018-06-27 18:14:53,332 - testlog - INFO - 正在初始化当前测试用例
2018-06-27 18:14:53,332 - testlog - INFO - {'account': 'apisunsuwei', 'reqId': '1234', 'reqTid': '1234'}
2018-06-27 18:14:53,332 - testlog - INFO - 正在执行的是第2个接口:学历简版2，查询缓存
2018-06-27 18:14:53,332 - Method_Log - INFO - 正在从数据库中获取数据.......
2018-06-27 18:14:53,365 - Method_Log - INFO - 正在从ds_edu.user_edu_data获取数据......
2018-06-27 18:14:53,371 - Method_Log - INFO - 正在使用idt排序查询
2018-06-27 18:14:53,381 - testlog - INFO - md5排序后的值为：=============accountapisunsuweicid422103197102276312name丰海兵reqTid1234
2018-06-27 18:14:53,381 - Method_Log - INFO - 正在进行md5加密
2018-06-27 18:14:53,381 - testlog - INFO - 正在发送get请求:/data-service/edu/querydet
2018-06-27 18:14:53,473 - testlog - INFO - 返回码statusCode为：================200
