2018-06-28 21:17:22,769 - Method_Log - INFO - 正在获取apilist===============================================
2018-06-28 21:17:22,838 - Method_Log - INFO - 已经获取到apilist并返回=========================
2018-06-28 21:17:22,838 - testlog - INFO - ((1L, u'\u5b66\u5386\u7b80\u7248', u'/data-service/edu/querydet', u'get', u'cid,name', u'7', u'account,cid,name,reqTid', u'cid,name,reqTid,account,sign', u'ds_edu.user_edu_data'), (2L, u'\u5b66\u5386\u7b80\u72482', u'/data-service/edu/querydet', u'get', u'cid,name', u'7', u'account,cid,name,reqTid', u'cid,name,reqTid,account,sign', u'ds_edu.user_edu_data'))
2018-06-28 21:17:23,355 - Method_Log - INFO - 正在获取apilist===============================================
2018-06-28 21:17:23,404 - Method_Log - INFO - 已经获取到apilist并返回=========================
2018-06-28 21:17:23,404 - testlog - INFO - ((1L, u'\u5b66\u5386\u7b80\u7248', u'/data-service/edu/querydet', u'get', u'cid,name', u'7', u'account,cid,name,reqTid', u'cid,name,reqTid,account,sign', u'ds_edu.user_edu_data'), (2L, u'\u5b66\u5386\u7b80\u72482', u'/data-service/edu/querydet', u'get', u'cid,name', u'7', u'account,cid,name,reqTid', u'cid,name,reqTid,account,sign', u'ds_edu.user_edu_data'))
2018-06-28 21:17:26,230 - Flask - INFO - 来到了主界面===========================
2018-06-28 21:17:29,038 - Flask - INFO - 来到了测试历史记录页面===================
2018-06-28 21:17:31,354 - Flask - INFO - 来到了start_test页面=========================
2018-06-28 21:17:48,140 - Flask - INFO - 来到了测试历史记录页面===================
2018-06-28 21:17:48,999 - Flask - INFO - 来到了主界面===========================
2018-06-28 21:17:50,798 - Flask - INFO - 来到了start_test页面=========================
2018-06-28 21:59:04,278 - Flask - INFO - 来到了start_test页面=========================
2018-06-28 22:00:17,147 - Flask - INFO - 来到了start_test页面=========================
2018-06-28 22:00:46,082 - Flask - INFO - 来到了start_test页面=========================
2018-06-28 22:03:17,407 - Flask - INFO - 来到了start_test页面=========================
2018-06-28 22:04:15,095 - Flask - INFO - 来到了start_test页面=========================
2018-06-28 22:22:10,611 - Flask - INFO - 来到了start_test页面=========================
2018-06-28 22:23:00,144 - Flask - INFO - 来到了start_test页面=========================
2018-06-28 22:23:45,394 - Flask - INFO - 来到了主界面===========================
2018-06-28 22:23:50,483 - Flask - INFO - 来到了主界面===========================
2018-06-28 22:25:15,002 - Flask - INFO - 来到了主界面===========================
2018-06-28 22:26:15,809 - Flask - INFO - 来到了主界面===========================
2018-06-28 22:26:17,604 - Flask - INFO - 来到了测试历史记录页面===================
2018-06-28 22:26:18,028 - Flask - INFO - 来到了start_test页面=========================
2018-06-28 22:41:23,332 - Flask - INFO - 来到了start_test页面=========================
2018-06-28 22:41:32,164 - Flask - INFO - 来到了测试历史记录页面===================
2018-06-28 22:41:32,937 - Flask - INFO - 来到了start_test页面=========================
2018-06-28 22:41:36,240 - Flask - INFO - 来到了start_test页面=========================
2018-06-28 22:41:37,526 - Flask - INFO - 来到了测试历史记录页面===================
2018-06-28 22:41:38,691 - Flask - INFO - 来到了start_test页面=========================
2018-06-29 11:12:44,723 - Flask - INFO - 来到了主界面===========================
2018-06-29 11:13:01,354 - Flask - INFO - 来到了主界面===========================
2018-06-29 11:13:04,434 - Flask - INFO - 来到了主界面===========================
2018-06-29 11:13:11,282 - Flask - INFO - 来到了主界面===========================
2018-06-29 11:37:05,410 - Flask - INFO - 来到了测试历史记录页面===================
2018-06-29 11:37:06,282 - Flask - INFO - 来到了start_test页面=========================
2018-06-29 11:37:06,832 - Flask - INFO - 来到了添加新接口界面=========================
2018-06-29 11:37:07,964 - Flask - INFO - 来到了测试历史记录页面===================
2018-06-29 11:37:08,470 - Flask - INFO - 来到了主界面===========================
2018-06-29 11:37:12,730 - Flask - INFO - 来到了主界面===========================
2018-06-29 11:37:15,792 - Flask - INFO - 来到了测试历史记录页面===================
2018-06-29 11:37:16,845 - Flask - INFO - 来到了start_test页面=========================
2018-06-29 11:37:18,220 - Flask - INFO - 来到了主界面===========================
2018-06-29 11:37:18,528 - Flask - INFO - 来到了测试历史记录页面===================
2018-06-29 11:37:19,191 - Flask - INFO - 来到了主界面===========================
2018-06-29 11:37:19,687 - Flask - INFO - 来到了测试历史记录页面===================
2018-06-29 11:37:21,632 - Flask - INFO - 来到了主界面===========================
2018-06-29 11:37:41,039 - Flask - INFO - 来到了测试历史记录页面===================
2018-06-29 11:37:41,691 - Flask - INFO - 来到了主界面===========================
2018-06-29 11:37:42,082 - Flask - INFO - 来到了主界面===========================
2018-06-29 12:01:44,609 - Flask - INFO - 来到了主界面===========================
2018-06-29 12:01:45,904 - Flask - INFO - 来到了测试历史记录页面===================
2018-06-29 12:01:47,086 - Flask - INFO - 来到了start_test页面=========================
2018-06-29 12:01:47,950 - Flask - INFO - 来到了添加新接口界面=========================
2018-06-29 12:01:49,002 - Flask - INFO - 来到了主界面===========================
2018-06-29 12:01:49,581 - Flask - INFO - 来到了测试历史记录页面===================
2018-06-29 12:01:59,917 - Flask - INFO - 来到了主界面===========================
2018-06-29 12:02:13,526 - Flask - INFO - 来到了主界面===========================
2018-06-29 12:02:15,944 - Flask - INFO - 来到了测试历史记录页面===================
2018-06-29 12:02:17,466 - Flask - INFO - 来到了主界面===========================
2018-06-29 12:02:29,625 - Flask - INFO - 来到了主界面===========================
2018-06-29 12:02:31,434 - Flask - INFO - 来到了主界面===========================
2018-06-29 12:02:32,612 - Flask - INFO - 来到了测试历史记录页面===================
2018-06-29 12:02:33,594 - Flask - INFO - 来到了start_test页面=========================
2018-06-29 12:02:34,476 - Flask - INFO - 来到了添加新接口界面=========================
2018-06-29 12:02:35,739 - Flask - INFO - 来到了主界面===========================
2018-06-29 12:02:36,401 - Flask - INFO - 来到了测试历史记录页面===================
2018-06-29 12:02:37,121 - Flask - INFO - 来到了主界面===========================
2018-06-29 12:02:58,562 - Flask - INFO - 来到了主界面===========================
2018-06-29 12:02:59,607 - Flask - INFO - 来到了测试历史记录页面===================
2018-06-29 12:03:00,530 - Flask - INFO - 来到了主界面===========================
2018-06-29 12:03:01,240 - Flask - INFO - 来到了start_test页面=========================
2018-06-29 12:03:02,956 - Flask - INFO - 来到了主界面===========================
2018-06-29 12:03:03,779 - Flask - INFO - 来到了测试历史记录页面===================
