2018-06-29 14:38:04,374 - Method_Log - INFO - 正在获取apilist===============================================
2018-06-29 14:38:04,444 - Method_Log - INFO - 已经获取到apilist并返回=========================
2018-06-29 14:38:04,446 - testlog - INFO - ((1L, u'\u5b66\u5386\u7b80\u7248', u'/data-service/edu/querydet', u'get', u'cid,name', u'7', u'account,cid,name,reqTid', u'cid,name,reqTid,account,sign', u'ds_edu.user_edu_data'), (2L, u'\u5b66\u5386\u7b80\u72482', u'/data-service/edu/querydet', u'get', u'cid,name', u'7', u'account,cid,name,reqTid', u'cid,name,reqTid,account,sign', u'ds_edu.user_edu_data'), (4L, u'\u5b66\u5386\u7b80\u72483', u'/data-service/edu/querydet', u'get', u'cid,name', u'7', u'account,cid,name,reqTid', u'cid,name,reqTid,account,sign', u'ds_edu.user_edu_data'), (5L, u'\u5b66\u5386\u7b80\u72482', u'/data-service/edu/querydet', u'get', u'cid,name', u'7', u'account,cid,name,reqTid', u'cid,name,reqTid,account,sign', u'ds_edu.user_edu_data'), (6L, u'\u5b66\u5386\u7b80\u72482', u'/data-service/edu/querydet', u'get', u'cid,name', u'7', u'account,cid,name,reqTid', u'cid,name,reqTid,account,sign', u'ds_edu.user_edu_data'), (7L, u'\u5b66\u5386\u7b80\u72482', u'/data-service/edu/querydet', u'get', u'cid,name', u'7', u'account,cid,name,reqTid', u'cid,name,reqTid,account,sign', u'ds_edu.user_edu_data'), (8L, u'\u5b66\u5386\u7b80\u72482', u'/data-service/edu/querydet', u'get', u'cid,name', u'7', u'account,cid,name,reqTid', u'cid,name,reqTid,account,sign', u'ds_edu.user_edu_data'), (9L, u'\u5b66\u5386\u7b80\u72482', u'/data-service/edu/querydet', u'get', u'cid,name', u'7', u'account,cid,name,reqTid', u'cid,name,reqTid,account,sign', u'ds_edu.user_edu_data'), (10L, u'\u5b66\u5386\u7b80\u72482', u'/data-service/edu/querydet', u'get', u'cid,name', u'7', u'account,cid,name,reqTid', u'cid,name,reqTid,account,sign', u'ds_edu.user_edu_data'), (11L, u'\u5b66\u5386\u7b80\u72482', u'/data-service/edu/querydet', u'get', u'cid,name', u'7', u'account,cid,name,reqTid', u'cid,name,reqTid,account,sign', u'ds_edu.user_edu_data'), (12L, u'\u5b66\u5386\u7b80\u72482', u'/data-service/edu/querydet', u'get', u'cid,name', u'7', u'account,cid,name,reqTid', u'cid,name,reqTid,account,sign', u'ds_edu.user_edu_data'), (13L, u'\u5b66\u5386\u7b80\u72482', u'/data-service/edu/querydet', u'get', u'cid,name', u'7', u'account,cid,name,reqTid', u'cid,name,reqTid,account,sign', u'ds_edu.user_edu_data'))
2018-06-29 14:38:04,802 - Method_Log - INFO - 正在获取apilist===============================================
2018-06-29 14:38:04,891 - Method_Log - INFO - 已经获取到apilist并返回=========================
2018-06-29 14:38:04,891 - testlog - INFO - ((1L, u'\u5b66\u5386\u7b80\u7248', u'/data-service/edu/querydet', u'get', u'cid,name', u'7', u'account,cid,name,reqTid', u'cid,name,reqTid,account,sign', u'ds_edu.user_edu_data'), (2L, u'\u5b66\u5386\u7b80\u72482', u'/data-service/edu/querydet', u'get', u'cid,name', u'7', u'account,cid,name,reqTid', u'cid,name,reqTid,account,sign', u'ds_edu.user_edu_data'), (4L, u'\u5b66\u5386\u7b80\u72483', u'/data-service/edu/querydet', u'get', u'cid,name', u'7', u'account,cid,name,reqTid', u'cid,name,reqTid,account,sign', u'ds_edu.user_edu_data'), (5L, u'\u5b66\u5386\u7b80\u72482', u'/data-service/edu/querydet', u'get', u'cid,name', u'7', u'account,cid,name,reqTid', u'cid,name,reqTid,account,sign', u'ds_edu.user_edu_data'), (6L, u'\u5b66\u5386\u7b80\u72482', u'/data-service/edu/querydet', u'get', u'cid,name', u'7', u'account,cid,name,reqTid', u'cid,name,reqTid,account,sign', u'ds_edu.user_edu_data'), (7L, u'\u5b66\u5386\u7b80\u72482', u'/data-service/edu/querydet', u'get', u'cid,name', u'7', u'account,cid,name,reqTid', u'cid,name,reqTid,account,sign', u'ds_edu.user_edu_data'), (8L, u'\u5b66\u5386\u7b80\u72482', u'/data-service/edu/querydet', u'get', u'cid,name', u'7', u'account,cid,name,reqTid', u'cid,name,reqTid,account,sign', u'ds_edu.user_edu_data'), (9L, u'\u5b66\u5386\u7b80\u72482', u'/data-service/edu/querydet', u'get', u'cid,name', u'7', u'account,cid,name,reqTid', u'cid,name,reqTid,account,sign', u'ds_edu.user_edu_data'), (10L, u'\u5b66\u5386\u7b80\u72482', u'/data-service/edu/querydet', u'get', u'cid,name', u'7', u'account,cid,name,reqTid', u'cid,name,reqTid,account,sign', u'ds_edu.user_edu_data'), (11L, u'\u5b66\u5386\u7b80\u72482', u'/data-service/edu/querydet', u'get', u'cid,name', u'7', u'account,cid,name,reqTid', u'cid,name,reqTid,account,sign', u'ds_edu.user_edu_data'), (12L, u'\u5b66\u5386\u7b80\u72482', u'/data-service/edu/querydet', u'get', u'cid,name', u'7', u'account,cid,name,reqTid', u'cid,name,reqTid,account,sign', u'ds_edu.user_edu_data'), (13L, u'\u5b66\u5386\u7b80\u72482', u'/data-service/edu/querydet', u'get', u'cid,name', u'7', u'account,cid,name,reqTid', u'cid,name,reqTid,account,sign', u'ds_edu.user_edu_data'))
2018-06-29 14:38:09,293 - Flask - INFO - 来到了start_test页面=========================
2018-06-29 14:38:09,293 - Flask - INFO - 当前展示第页数据
2018-06-29 14:38:55,026 - Flask - INFO - 来到了start_test页面=========================
2018-06-29 14:38:55,026 - Flask - INFO - 当前展示第页数据
2018-06-29 14:40:02,595 - Flask - INFO - 来到了start_test页面=========================
2018-06-29 14:40:02,595 - Flask - INFO - 当前展示第页数据
2018-06-29 14:42:45,693 - Flask - INFO - 来到了start_test页面=========================
2018-06-29 14:42:45,694 - Flask - INFO - 当前展示第页数据
2018-06-29 14:43:24,982 - Flask - INFO - 来到了start_test页面=========================
2018-06-29 14:43:24,983 - Flask - INFO - 当前展示第页数据
2018-06-29 14:43:46,638 - Flask - INFO - 来到了start_test页面=========================
2018-06-29 14:43:46,638 - Flask - INFO - 当前展示第页数据
2018-06-29 14:44:10,565 - Flask - INFO - 来到了start_test页面=========================
2018-06-29 14:44:10,565 - Flask - INFO - 当前展示第页数据
2018-06-29 14:44:24,336 - Flask - INFO - 来到了start_test页面=========================
2018-06-29 14:44:24,336 - Flask - INFO - 当前展示第1页数据
2018-06-29 14:52:52,836 - Flask - INFO - 来到了start_test页面=========================
2018-06-29 14:52:52,838 - Flask - INFO - 当前展示第1页数据
2018-06-29 14:53:36,048 - Flask - INFO - 来到了start_test页面=========================
2018-06-29 14:53:36,049 - Flask - INFO - 当前展示第1页数据
2018-06-29 14:53:38,551 - Flask - INFO - 来到了start_test页面=========================
2018-06-29 14:53:38,551 - Flask - INFO - 当前展示第1页数据
2018-06-29 15:00:06,971 - Flask - INFO - 来到了start_test页面=========================
2018-06-29 15:00:06,973 - Flask - INFO - 当前展示第1页数据
