2018-06-29 12:04:32,279 - Method_Log - INFO - 正在获取apilist===============================================
2018-06-29 12:04:32,420 - Method_Log - INFO - 已经获取到apilist并返回=========================
2018-06-29 12:04:32,421 - testlog - INFO - ((1L, u'\u5b66\u5386\u7b80\u7248', u'/data-service/edu/querydet', u'get', u'cid,name', u'7', u'account,cid,name,reqTid', u'cid,name,reqTid,account,sign', u'ds_edu.user_edu_data'), (2L, u'\u5b66\u5386\u7b80\u72482', u'/data-service/edu/querydet', u'get', u'cid,name', u'7', u'account,cid,name,reqTid', u'cid,name,reqTid,account,sign', u'ds_edu.user_edu_data'))
2018-06-29 12:04:33,193 - Method_Log - INFO - 正在获取apilist===============================================
2018-06-29 12:04:33,243 - Method_Log - INFO - 已经获取到apilist并返回=========================
2018-06-29 12:04:33,244 - testlog - INFO - ((1L, u'\u5b66\u5386\u7b80\u7248', u'/data-service/edu/querydet', u'get', u'cid,name', u'7', u'account,cid,name,reqTid', u'cid,name,reqTid,account,sign', u'ds_edu.user_edu_data'), (2L, u'\u5b66\u5386\u7b80\u72482', u'/data-service/edu/querydet', u'get', u'cid,name', u'7', u'account,cid,name,reqTid', u'cid,name,reqTid,account,sign', u'ds_edu.user_edu_data'))
2018-06-29 12:04:43,526 - Flask - INFO - 来到了主界面===========================
2018-06-29 12:04:44,746 - Flask - INFO - 来到了测试历史记录页面===================
2018-06-29 12:04:45,849 - Flask - INFO - 来到了start_test页面=========================
2018-06-29 12:04:46,605 - Flask - INFO - 来到了添加新接口界面=========================
2018-06-29 12:04:47,388 - Flask - INFO - 来到了测试历史记录页面===================
2018-06-29 12:04:47,743 - Flask - INFO - 来到了主界面===========================
2018-06-29 12:04:50,746 - Flask - INFO - 来到了测试历史记录页面===================
2018-06-29 12:04:51,213 - Flask - INFO - 来到了start_test页面=========================
2018-06-29 12:05:46,273 - Flask - INFO - 来到了start_test页面=========================
2018-06-29 12:06:42,098 - Flask - INFO - 来到了start_test页面=========================
2018-06-29 12:08:56,812 - Flask - INFO - 来到了start_test页面=========================
2018-06-29 12:09:27,046 - Flask - INFO - 来到了start_test页面=========================
2018-06-29 12:10:12,026 - Flask - INFO - 来到了start_test页面=========================
2018-06-29 12:10:20,209 - Flask - INFO - 来到了start_test页面=========================
2018-06-29 12:11:11,822 - Flask - INFO - 来到了start_test页面=========================
2018-06-29 12:11:33,990 - Flask - INFO - 来到了start_test页面=========================
2018-06-29 12:12:12,651 - Flask - INFO - 来到了start_test页面=========================
2018-06-29 12:14:04,424 - Flask - INFO - 来到了start_test页面=========================
2018-06-29 12:14:24,625 - Flask - INFO - 来到了start_test页面=========================
2018-06-29 12:15:11,210 - Flask - INFO - 来到了start_test页面=========================
2018-06-29 12:18:49,996 - Flask - INFO - 来到了start_test页面=========================
2018-06-29 12:28:44,721 - Flask - INFO - 来到了start_test页面=========================
2018-06-29 12:29:55,499 - Flask - INFO - 来到了start_test页面=========================
2018-06-29 12:30:13,752 - Flask - INFO - 来到了start_test页面=========================
