2018-07-09 15:36:13,984 - Method_Log - INFO - 正在获取apilist===============================================
2018-07-09 15:36:14,128 - Method_Log - INFO - 已经获取到apilist并返回=========================
2018-07-09 15:36:16,385 - Flask - INFO - 进入add_entry()方法
2018-07-09 15:36:50,394 - Method_Log - INFO - 正在获取apilist===============================================
2018-07-09 15:36:50,693 - Method_Log - INFO - 已经获取到apilist并返回=========================
2018-07-09 15:36:55,713 - Flask - INFO - 来到了添加新接口界面=========================
2018-07-09 15:36:57,319 - Flask - INFO - 来到了添加新接口界面=========================
2018-07-09 15:37:02,032 - Flask - INFO - 进入add_entry()方法
2018-07-09 15:37:40,665 - Flask - INFO - 来到了添加新接口界面=========================
2018-07-09 15:38:42,691 - Flask - INFO - 来到了添加新接口界面=========================
2018-07-09 15:38:47,394 - Flask - INFO - 进入add_entry()方法
2018-07-09 15:38:47,394 - Flask - INFO - url_name:1
2018-07-09 15:38:47,552 - Flask - INFO - 来到了主界面===========================
2018-07-09 15:38:59,424 - Flask - INFO - 来到了start_test页面=========================
2018-07-09 15:38:59,424 - Flask - INFO - 获取到的select_value为：None
2018-07-09 15:38:59,424 - Flask - INFO - 当前展示第1页数据
2018-07-09 15:38:59,556 - Flask - INFO - 总共有4个api
2018-07-09 15:38:59,556 - Flask - INFO - (0.4, 0.0)
2018-07-09 15:38:59,556 - Flask - INFO - ================当前的页数为1=========
2018-07-09 15:38:59,556 - Flask - INFO - ===============应分为1页=============
2018-07-09 15:38:59,576 - Flask - INFO - [{'cache_table': u'ds_edu.user_edu_data', 'url': u'/data-service/edu/querydet', 'url_name': u'\u5b66\u5386\u7b80\u7248', 'id': 1L}, {'cache_table': u'ds_edu.user_edu_data', 'url': u'/data-service/edu/querydet', 'url_name': u'\u5b66\u5386\u7b80\u72482', 'id': 2L}, {'cache_table': u'', 'url': u'/data-service/telecom/rephonenum', 'url_name': u'\u8fd0\u8425\u5546\u4e8c\u6b21\u653e\u53f7', 'id': 14L}, {'cache_table': u'1', 'url': u'1', 'url_name': u'1', 'id': 15L}]
2018-07-09 15:39:22,627 - Flask - INFO - 来到了Mock测试界面=========================
