2018-06-27 16:30:15,898 - testlog - INFO - 正在获取apilist===============================================
2018-06-27 16:30:15,898 - testlog - INFO - 正在获取apilist===============================================
2018-06-27 16:30:15,960 - testlog - INFO - 已经获取到apilist并返回=========================
2018-06-27 16:30:15,960 - testlog - INFO - 已经获取到apilist并返回=========================
2018-06-27 16:30:15,960 - testlog - INFO - ((1L, u'\u5b66\u5386\u7b80\u7248', u'/data-service/edu/querydet', u'get', u'cid,name', u'7', u'account,cid,name,reqTid', u'cid,name,reqTid,account,sign', u'ds_edu.user_edu_data'), (2L, u'\u5b66\u5386\u7b80\u72482', u'/data-service/edu/querydet', u'get', u'cid,name', u'7', u'account,cid,name,reqTid', u'cid,name,reqTid,account,sign', u'ds_edu.user_edu_data'), (3L, u'test1', u'/data-server/ssw', u'post', u'name,cid', u'1111', u'name,cid,phone', u'name,cid', u'zx_user_history'))
2018-06-27 16:30:15,960 - testlog - INFO - ((1L, u'\u5b66\u5386\u7b80\u7248', u'/data-service/edu/querydet', u'get', u'cid,name', u'7', u'account,cid,name,reqTid', u'cid,name,reqTid,account,sign', u'ds_edu.user_edu_data'), (2L, u'\u5b66\u5386\u7b80\u72482', u'/data-service/edu/querydet', u'get', u'cid,name', u'7', u'account,cid,name,reqTid', u'cid,name,reqTid,account,sign', u'ds_edu.user_edu_data'), (3L, u'test1', u'/data-server/ssw', u'post', u'name,cid', u'1111', u'name,cid,phone', u'name,cid', u'zx_user_history'))
2018-06-27 16:30:16,358 - testlog - INFO - 正在获取apilist===============================================
2018-06-27 16:30:16,358 - testlog - INFO - 正在获取apilist===============================================
2018-06-27 16:30:16,401 - testlog - INFO - 已经获取到apilist并返回=========================
2018-06-27 16:30:16,401 - testlog - INFO - 已经获取到apilist并返回=========================
2018-06-27 16:30:16,401 - testlog - INFO - ((1L, u'\u5b66\u5386\u7b80\u7248', u'/data-service/edu/querydet', u'get', u'cid,name', u'7', u'account,cid,name,reqTid', u'cid,name,reqTid,account,sign', u'ds_edu.user_edu_data'), (2L, u'\u5b66\u5386\u7b80\u72482', u'/data-service/edu/querydet', u'get', u'cid,name', u'7', u'account,cid,name,reqTid', u'cid,name,reqTid,account,sign', u'ds_edu.user_edu_data'), (3L, u'test1', u'/data-server/ssw', u'post', u'name,cid', u'1111', u'name,cid,phone', u'name,cid', u'zx_user_history'))
2018-06-27 16:30:16,401 - testlog - INFO - ((1L, u'\u5b66\u5386\u7b80\u7248', u'/data-service/edu/querydet', u'get', u'cid,name', u'7', u'account,cid,name,reqTid', u'cid,name,reqTid,account,sign', u'ds_edu.user_edu_data'), (2L, u'\u5b66\u5386\u7b80\u72482', u'/data-service/edu/querydet', u'get', u'cid,name', u'7', u'account,cid,name,reqTid', u'cid,name,reqTid,account,sign', u'ds_edu.user_edu_data'), (3L, u'test1', u'/data-server/ssw', u'post', u'name,cid', u'1111', u'name,cid,phone', u'name,cid', u'zx_user_history'))
2018-06-27 16:30:27,612 - testlog - INFO - 正在初始化当前测试用例
2018-06-27 16:30:27,612 - testlog - INFO - 正在初始化当前测试用例
2018-06-27 16:30:27,612 - testlog - INFO - {'account': 'apisunsuwei', 'reqId': '1234', 'reqTid': '1234'}
2018-06-27 16:30:27,612 - testlog - INFO - {'account': 'apisunsuwei', 'reqId': '1234', 'reqTid': '1234'}
2018-06-27 16:30:27,614 - testlog - INFO - 正在执行的是第1个接口:学历简版，查询缓存
2018-06-27 16:30:27,614 - testlog - INFO - 正在执行的是第1个接口:学历简版，查询缓存
2018-06-27 16:30:27,614 - testlog - INFO - 正在从数据库中获取数据.......
2018-06-27 16:30:27,614 - testlog - INFO - 正在从数据库中获取数据.......
2018-06-27 16:30:27,667 - testlog - INFO - 正在从ds_edu.user_edu_data获取数据......
2018-06-27 16:30:27,667 - testlog - INFO - 正在从ds_edu.user_edu_data获取数据......
2018-06-27 16:30:27,673 - testlog - INFO - 正在使用idt排序查询
2018-06-27 16:30:27,673 - testlog - INFO - 正在使用idt排序查询
2018-06-27 16:30:27,690 - testlog - INFO - md5排序后的值为：=============accountapisunsuweicid422103197102276312name丰海兵reqTid1234
2018-06-27 16:30:27,690 - testlog - INFO - md5排序后的值为：=============accountapisunsuweicid422103197102276312name丰海兵reqTid1234
2018-06-27 16:30:27,690 - testlog - INFO - 正在进行md5加密
2018-06-27 16:30:27,690 - testlog - INFO - 正在进行md5加密
2018-06-27 16:30:27,691 - testlog - INFO - 正在初始化当前测试用例
2018-06-27 16:30:27,691 - testlog - INFO - 正在初始化当前测试用例
2018-06-27 16:30:27,693 - testlog - INFO - {'account': 'apisunsuwei', 'reqId': '1234', 'reqTid': '1234'}
2018-06-27 16:30:27,693 - testlog - INFO - {'account': 'apisunsuwei', 'reqId': '1234', 'reqTid': '1234'}
2018-06-27 16:30:27,693 - testlog - INFO - 正在执行的是第2个接口:学历简版2，查询缓存
2018-06-27 16:30:27,693 - testlog - INFO - 正在执行的是第2个接口:学历简版2，查询缓存
2018-06-27 16:30:27,693 - testlog - INFO - 正在从数据库中获取数据.......
2018-06-27 16:30:27,693 - testlog - INFO - 正在从数据库中获取数据.......
2018-06-27 16:30:27,723 - testlog - INFO - 正在从ds_edu.user_edu_data获取数据......
2018-06-27 16:30:27,723 - testlog - INFO - 正在从ds_edu.user_edu_data获取数据......
2018-06-27 16:30:27,730 - testlog - INFO - 正在使用idt排序查询
2018-06-27 16:30:27,730 - testlog - INFO - 正在使用idt排序查询
2018-06-27 16:30:27,740 - testlog - INFO - md5排序后的值为：=============accountapisunsuweicid422103197102276312name丰海兵reqTid1234
2018-06-27 16:30:27,740 - testlog - INFO - md5排序后的值为：=============accountapisunsuweicid422103197102276312name丰海兵reqTid1234
2018-06-27 16:30:27,740 - testlog - INFO - 正在进行md5加密
2018-06-27 16:30:27,740 - testlog - INFO - 正在进行md5加密
2018-06-27 16:30:27,742 - testlog - INFO - 正在初始化当前测试用例
2018-06-27 16:30:27,742 - testlog - INFO - 正在初始化当前测试用例
2018-06-27 16:30:27,742 - testlog - INFO - {'account': 'apisunsuwei', 'reqId': '1234', 'reqTid': '1234'}
2018-06-27 16:30:27,742 - testlog - INFO - {'account': 'apisunsuwei', 'reqId': '1234', 'reqTid': '1234'}
2018-06-27 16:30:27,743 - testlog - INFO - 正在执行的是第3个接口:test1，查询缓存
2018-06-27 16:30:27,743 - testlog - INFO - 正在执行的是第3个接口:test1，查询缓存
2018-06-27 16:30:27,743 - testlog - INFO - 正在从数据库中获取数据.......
2018-06-27 16:30:27,743 - testlog - INFO - 正在从数据库中获取数据.......
