2018-06-27 18:39:55,552 - Method_Log - INFO - 正在获取apilist===============================================
2018-06-27 18:39:55,698 - Method_Log - INFO - 已经获取到apilist并返回=========================
2018-06-27 18:39:55,700 - testlog - INFO - ((1L, u'\u5b66\u5386\u7b80\u7248', u'/data-service/edu/querydet', u'get', u'cid,name', u'7', u'account,cid,name,reqTid', u'cid,name,reqTid,account,sign', u'ds_edu.user_edu_data'), (2L, u'\u5b66\u5386\u7b80\u72482', u'/data-service/edu/querydet', u'get', u'cid,name', u'7', u'account,cid,name,reqTid', u'cid,name,reqTid,account,sign', u'ds_edu.user_edu_data'))
2018-06-27 18:39:56,749 - Method_Log - INFO - 正在获取apilist===============================================
2018-06-27 18:39:56,801 - Method_Log - INFO - 已经获取到apilist并返回=========================
2018-06-27 18:39:56,801 - testlog - INFO - ((1L, u'\u5b66\u5386\u7b80\u7248', u'/data-service/edu/querydet', u'get', u'cid,name', u'7', u'account,cid,name,reqTid', u'cid,name,reqTid,account,sign', u'ds_edu.user_edu_data'), (2L, u'\u5b66\u5386\u7b80\u72482', u'/data-service/edu/querydet', u'get', u'cid,name', u'7', u'account,cid,name,reqTid', u'cid,name,reqTid,account,sign', u'ds_edu.user_edu_data'))
2018-06-27 18:40:01,854 - Flask - INFO - 来到了主页面===========================
2018-06-27 18:40:03,180 - Flask - INFO - 来到了start_test页面=========================
2018-06-27 18:40:04,799 - Flask - INFO - 开始执行测试==================================
2018-06-27 18:40:04,799 - testlog - INFO - 正在初始化当前测试用例
2018-06-27 18:40:04,799 - testlog - INFO - {'account': 'apisunsuwei', 'reqId': '1234', 'reqTid': '1234'}
2018-06-27 18:40:04,799 - testlog - INFO - 正在执行的是第1个接口:学历简版，查询缓存
2018-06-27 18:40:04,799 - Method_Log - INFO - 正在从数据库中获取数据.......
2018-06-27 18:40:04,839 - Method_Log - INFO - 正在从ds_edu.user_edu_data获取数据......
2018-06-27 18:40:04,848 - Method_Log - INFO - 正在使用idt排序查询
2018-06-27 18:40:04,858 - testlog - INFO - md5排序后的值为：=============accountapisunsuweicid422103197102276312name丰海兵reqTid1234
2018-06-27 18:40:04,858 - Method_Log - INFO - 正在进行md5加密
2018-06-27 18:40:04,858 - testlog - INFO - 正在发送get请求:/data-service/edu/querydet
2018-06-27 18:40:04,969 - testlog - INFO - 返回码statusCode为：================200
2018-06-27 18:40:04,969 - testlog - INFO - 正在初始化当前测试用例
2018-06-27 18:40:04,969 - testlog - INFO - {'account': 'apisunsuwei', 'reqId': '1234', 'reqTid': '1234'}
2018-06-27 18:40:04,970 - testlog - INFO - 正在执行的是第2个接口:学历简版2，查询缓存
2018-06-27 18:40:04,970 - Method_Log - INFO - 正在从数据库中获取数据.......
2018-06-27 18:40:05,000 - Method_Log - INFO - 正在从ds_edu.user_edu_data获取数据......
2018-06-27 18:40:05,005 - Method_Log - INFO - 正在使用idt排序查询
2018-06-27 18:40:05,016 - testlog - INFO - md5排序后的值为：=============accountapisunsuweicid422103197102276312name丰海兵reqTid1234
2018-06-27 18:40:05,016 - Method_Log - INFO - 正在进行md5加密
2018-06-27 18:40:05,016 - testlog - INFO - 正在发送get请求:/data-service/edu/querydet
2018-06-27 18:40:05,078 - testlog - INFO - 返回码statusCode为：================200
2018-06-27 18:40:05,109 - sendEmail - INFO - The new report name:2018-06-27-18_33_20HTMLtemplate.html
2018-06-27 18:40:07,338 - sendEmail - INFO - Send email successful!
