2018-07-05 14:47:29,960 - Method_Log - INFO - 正在获取apilist===============================================
2018-07-05 14:47:30,028 - Method_Log - INFO - 已经获取到apilist并返回=========================
2018-07-05 14:47:30,381 - Method_Log - INFO - 正在获取apilist===============================================
2018-07-05 14:47:30,461 - Method_Log - INFO - 已经获取到apilist并返回=========================
2018-07-05 14:47:33,361 - Flask - INFO - 来到了start_test页面=========================
2018-07-05 14:47:33,361 - Flask - INFO - 获取到的select_value为：None
2018-07-05 14:47:33,361 - Flask - INFO - 当前展示第1页数据
2018-07-05 14:47:33,424 - Flask - INFO - 总共有3个api
2018-07-05 14:47:33,430 - Flask - INFO - (0.3, 0.0)
2018-07-05 14:47:33,430 - Flask - INFO - ================当前的页数为1=========
2018-07-05 14:47:33,430 - Flask - INFO - ===============应分为1页=============
2018-07-05 14:47:33,437 - Flask - INFO - [{'cache_table': u'ds_edu.user_edu_data', 'url': u'/data-service/edu/querydet', 'url_name': u'\u5b66\u5386\u7b80\u7248', 'id': 1L}, {'cache_table': u'ds_edu.user_edu_data', 'url': u'/data-service/edu/querydet', 'url_name': u'\u5b66\u5386\u7b80\u72482', 'id': 2L}, {'cache_table': u'', 'url': u'/data-service/telecom/rephonenum', 'url_name': u'\u8fd0\u8425\u5546\u4e8c\u6b21\u653e\u53f7', 'id': 14L}]
2018-07-05 14:47:35,348 - Flask - INFO - 来到了添加新接口界面=========================
2018-07-05 14:47:40,082 - Flask - INFO - 来到了start_test页面=========================
2018-07-05 14:47:40,082 - Flask - INFO - 获取到的select_value为：None
2018-07-05 14:47:40,082 - Flask - INFO - 当前展示第1页数据
2018-07-05 14:47:40,134 - Flask - INFO - 总共有3个api
2018-07-05 14:47:40,134 - Flask - INFO - (0.3, 0.0)
2018-07-05 14:47:40,134 - Flask - INFO - ================当前的页数为1=========
2018-07-05 14:47:40,134 - Flask - INFO - ===============应分为1页=============
2018-07-05 14:47:40,148 - Flask - INFO - [{'cache_table': u'ds_edu.user_edu_data', 'url': u'/data-service/edu/querydet', 'url_name': u'\u5b66\u5386\u7b80\u7248', 'id': 1L}, {'cache_table': u'ds_edu.user_edu_data', 'url': u'/data-service/edu/querydet', 'url_name': u'\u5b66\u5386\u7b80\u72482', 'id': 2L}, {'cache_table': u'', 'url': u'/data-service/telecom/rephonenum', 'url_name': u'\u8fd0\u8425\u5546\u4e8c\u6b21\u653e\u53f7', 'id': 14L}]
2018-07-05 14:47:59,000 - Flask - INFO - 来到了start_test页面=========================
2018-07-05 14:47:59,000 - Flask - INFO - 获取到的select_value为：None
2018-07-05 14:47:59,000 - Flask - INFO - 当前展示第1页数据
2018-07-05 14:47:59,063 - Flask - INFO - 总共有3个api
2018-07-05 14:47:59,063 - Flask - INFO - (0.3, 0.0)
2018-07-05 14:47:59,065 - Flask - INFO - ================当前的页数为1=========
2018-07-05 14:47:59,065 - Flask - INFO - ===============应分为1页=============
2018-07-05 14:47:59,082 - Flask - INFO - [{'cache_table': u'ds_edu.user_edu_data', 'url': u'/data-service/edu/querydet', 'url_name': u'\u5b66\u5386\u7b80\u7248', 'id': 1L}, {'cache_table': u'ds_edu.user_edu_data', 'url': u'/data-service/edu/querydet', 'url_name': u'\u5b66\u5386\u7b80\u72482', 'id': 2L}, {'cache_table': u'', 'url': u'/data-service/telecom/rephonenum', 'url_name': u'\u8fd0\u8425\u5546\u4e8c\u6b21\u653e\u53f7', 'id': 14L}]
2018-07-05 14:48:08,065 - Flask - INFO - 来到了start_test页面=========================
2018-07-05 14:48:08,065 - Flask - INFO - 获取到的select_value为：None
2018-07-05 14:48:08,065 - Flask - INFO - 当前展示第1页数据
2018-07-05 14:48:08,147 - Flask - INFO - 总共有3个api
2018-07-05 14:48:08,147 - Flask - INFO - (0.3, 0.0)
2018-07-05 14:48:08,147 - Flask - INFO - ================当前的页数为1=========
2018-07-05 14:48:08,147 - Flask - INFO - ===============应分为1页=============
2018-07-05 14:48:08,164 - Flask - INFO - [{'cache_table': u'ds_edu.user_edu_data', 'url': u'/data-service/edu/querydet', 'url_name': u'\u5b66\u5386\u7b80\u7248', 'id': 1L}, {'cache_table': u'ds_edu.user_edu_data', 'url': u'/data-service/edu/querydet', 'url_name': u'\u5b66\u5386\u7b80\u72482', 'id': 2L}, {'cache_table': u'', 'url': u'/data-service/telecom/rephonenum', 'url_name': u'\u8fd0\u8425\u5546\u4e8c\u6b21\u653e\u53f7', 'id': 14L}]
2018-07-05 14:48:10,194 - Flask - INFO - 来到了添加新接口界面=========================
2018-07-05 14:48:10,961 - Flask - INFO - 开始执行测试==================================
2018-07-05 14:48:10,963 - testlog - INFO - 正在初始化当前测试用例
2018-07-05 14:48:10,963 - testlog - INFO - ((1L, u'\u5b66\u5386\u7b80\u7248', u'/data-service/edu/querydet', u'get', u'cid,name', u'7', u'account,cid,name,reqTid', u'cid,name,reqTid,account,sign', u'ds_edu.user_edu_data', u'30\u5929'), (2L, u'\u5b66\u5386\u7b80\u72482', u'/data-service/edu/querydet', u'get', u'cid,name', u'7', u'account,cid,name,reqTid', u'cid,name,reqTid,account,sign', u'ds_edu.user_edu_data', u'30\u5929'), (14L, u'\u8fd0\u8425\u5546\u4e8c\u6b21\u653e\u53f7', u'/data-service/telecom/rephonenum', u'get', u'name,cid,mobile', u'456', u'mobile,reqTid,account', u'name,cid,mobile', u'', None))
2018-07-05 14:48:10,963 - testlog - INFO - 正在执行的是第1个接口:学历简版，查询缓存
2018-07-05 14:48:10,963 - Method_Log - INFO - 正在从数据库中获取数据.......
2018-07-05 14:48:11,000 - Method_Log - INFO - 正在从ds_edu.user_edu_data获取数据......
2018-07-05 14:48:11,016 - Method_Log - INFO - 正在使用idt排序查询
2018-07-05 14:48:11,032 - testlog - INFO - {u'name': u'\u4e30\u6d77\u5175', u'cid': u'422103197102276312'}
2018-07-05 14:48:11,033 - testlog - INFO - md5排序后的值为：=============accountapisunsuweicid422103197102276312name丰海兵reqTid1234
2018-07-05 14:48:11,033 - Method_Log - INFO - 正在进行md5加密
2018-07-05 14:48:11,033 - testlog - INFO - 正在发送get请求:/data-service/edu/querydet
2018-07-05 14:48:11,108 - testlog - INFO - 返回码statusCode为：================200
2018-07-05 14:48:11,108 - testlog - INFO - 正在初始化当前测试用例
2018-07-05 14:48:11,108 - testlog - INFO - ((1L, u'\u5b66\u5386\u7b80\u7248', u'/data-service/edu/querydet', u'get', u'cid,name', u'7', u'account,cid,name,reqTid', u'cid,name,reqTid,account,sign', u'ds_edu.user_edu_data', u'30\u5929'), (2L, u'\u5b66\u5386\u7b80\u72482', u'/data-service/edu/querydet', u'get', u'cid,name', u'7', u'account,cid,name,reqTid', u'cid,name,reqTid,account,sign', u'ds_edu.user_edu_data', u'30\u5929'), (14L, u'\u8fd0\u8425\u5546\u4e8c\u6b21\u653e\u53f7', u'/data-service/telecom/rephonenum', u'get', u'name,cid,mobile', u'456', u'mobile,reqTid,account', u'name,cid,mobile', u'', None))
2018-07-05 14:48:11,108 - testlog - INFO - 正在执行的是第2个接口:学历简版2，查询缓存
2018-07-05 14:48:11,108 - Method_Log - INFO - 正在从数据库中获取数据.......
2018-07-05 14:48:11,151 - Method_Log - INFO - 正在从ds_edu.user_edu_data获取数据......
2018-07-05 14:48:11,164 - Method_Log - INFO - 正在使用idt排序查询
2018-07-05 14:48:11,194 - testlog - INFO - {u'name': u'\u4e30\u6d77\u5175', u'cid': u'422103197102276312'}
2018-07-05 14:48:11,196 - testlog - INFO - md5排序后的值为：=============accountapisunsuweicid422103197102276312name丰海兵reqTid1234
2018-07-05 14:48:11,196 - Method_Log - INFO - 正在进行md5加密
2018-07-05 14:48:11,196 - testlog - INFO - 正在发送get请求:/data-service/edu/querydet
2018-07-05 14:48:11,246 - testlog - INFO - 返回码statusCode为：================200
2018-07-05 14:48:11,246 - testlog - INFO - 正在初始化当前测试用例
2018-07-05 14:48:11,246 - testlog - INFO - ((1L, u'\u5b66\u5386\u7b80\u7248', u'/data-service/edu/querydet', u'get', u'cid,name', u'7', u'account,cid,name,reqTid', u'cid,name,reqTid,account,sign', u'ds_edu.user_edu_data', u'30\u5929'), (2L, u'\u5b66\u5386\u7b80\u72482', u'/data-service/edu/querydet', u'get', u'cid,name', u'7', u'account,cid,name,reqTid', u'cid,name,reqTid,account,sign', u'ds_edu.user_edu_data', u'30\u5929'), (14L, u'\u8fd0\u8425\u5546\u4e8c\u6b21\u653e\u53f7', u'/data-service/telecom/rephonenum', u'get', u'name,cid,mobile', u'456', u'mobile,reqTid,account', u'name,cid,mobile', u'', None))
2018-07-05 14:48:11,246 - testlog - INFO - 正在执行的是第14个接口:运营商二次放号，查询缓存
2018-07-05 14:48:11,246 - testlog - INFO - 无缓存表。。。
2018-07-05 14:48:11,246 - testlog - INFO - 正在初始化当前测试用例
2018-07-05 14:48:11,246 - testlog - INFO - ((1L, u'\u5b66\u5386\u7b80\u7248', u'/data-service/edu/querydet', u'get', u'cid,name', u'7', u'account,cid,name,reqTid', u'cid,name,reqTid,account,sign', u'ds_edu.user_edu_data', u'30\u5929'), (2L, u'\u5b66\u5386\u7b80\u72482', u'/data-service/edu/querydet', u'get', u'cid,name', u'7', u'account,cid,name,reqTid', u'cid,name,reqTid,account,sign', u'ds_edu.user_edu_data', u'30\u5929'), (14L, u'\u8fd0\u8425\u5546\u4e8c\u6b21\u653e\u53f7', u'/data-service/telecom/rephonenum', u'get', u'name,cid,mobile', u'456', u'mobile,reqTid,account', u'name,cid,mobile', u'', None))
2018-07-05 14:48:11,246 - testlog - INFO - 正在执行的是第1个接口:学历简版，查询上游数据源
2018-07-05 14:48:11,246 - Method_Log - INFO - 存的有效期无效
2018-07-05 14:48:11,246 - testlog - INFO - new_date:None
2018-07-05 14:48:11,246 - testlog - INFO - 验证失败，查询缓存有效期日期格式不对
2018-07-05 14:48:11,247 - testlog - INFO - 正在初始化当前测试用例
2018-07-05 14:48:11,247 - testlog - INFO - ((1L, u'\u5b66\u5386\u7b80\u7248', u'/data-service/edu/querydet', u'get', u'cid,name', u'7', u'account,cid,name,reqTid', u'cid,name,reqTid,account,sign', u'ds_edu.user_edu_data', u'30\u5929'), (2L, u'\u5b66\u5386\u7b80\u72482', u'/data-service/edu/querydet', u'get', u'cid,name', u'7', u'account,cid,name,reqTid', u'cid,name,reqTid,account,sign', u'ds_edu.user_edu_data', u'30\u5929'), (14L, u'\u8fd0\u8425\u5546\u4e8c\u6b21\u653e\u53f7', u'/data-service/telecom/rephonenum', u'get', u'name,cid,mobile', u'456', u'mobile,reqTid,account', u'name,cid,mobile', u'', None))
2018-07-05 14:48:11,247 - testlog - INFO - 正在执行的是第2个接口:学历简版2，查询上游数据源
2018-07-05 14:48:11,247 - Method_Log - INFO - 存的有效期无效
2018-07-05 14:48:11,247 - testlog - INFO - new_date:None
2018-07-05 14:48:11,247 - testlog - INFO - 验证失败，查询缓存有效期日期格式不对
2018-07-05 14:48:11,249 - testlog - INFO - 正在初始化当前测试用例
2018-07-05 14:48:11,249 - testlog - INFO - ((1L, u'\u5b66\u5386\u7b80\u7248', u'/data-service/edu/querydet', u'get', u'cid,name', u'7', u'account,cid,name,reqTid', u'cid,name,reqTid,account,sign', u'ds_edu.user_edu_data', u'30\u5929'), (2L, u'\u5b66\u5386\u7b80\u72482', u'/data-service/edu/querydet', u'get', u'cid,name', u'7', u'account,cid,name,reqTid', u'cid,name,reqTid,account,sign', u'ds_edu.user_edu_data', u'30\u5929'), (14L, u'\u8fd0\u8425\u5546\u4e8c\u6b21\u653e\u53f7', u'/data-service/telecom/rephonenum', u'get', u'name,cid,mobile', u'456', u'mobile,reqTid,account', u'name,cid,mobile', u'', None))
2018-07-05 14:48:11,249 - testlog - INFO - 正在执行的是第14个接口:运营商二次放号，查询上游数据源
2018-07-05 14:48:11,249 - testlog - INFO - 无缓存表。。无法获取数据
2018-07-05 14:48:11,267 - sendEmail - INFO - The new report name:2018-07-05-14_48_10HTMLtemplate.html
2018-07-05 14:48:11,267 - sendEmail - INFO - The return name is:D:\python\api_flask/apiTest/report/2018-07-05-14_48_10HTMLtemplate.html
2018-07-05 14:48:13,496 - sendEmail - INFO - Send email successful!
2018-07-05 14:48:13,496 - Method_Log - INFO - insert into test_history (date,status,pass_num,fail_num,report) values ("2018-07-05 14:48:13","Failed","3","3","D:/python/api_flask/apiTest/report/2018-07-05-14_48_10HTMLtemplate.html")
2018-07-05 14:48:13,581 - Method_Log - INFO - 插入数据库结束，插入成功！
2018-07-05 14:48:13,654 - Flask - INFO - 来到了测试历史记录页面===================
2018-07-05 14:48:13,773 - Flask - INFO - (0.4, 0.0)
2018-07-05 14:48:13,775 - Flask - INFO - [{'status': u'Failed', 'report': u'D:/python/api_flask/apiTest/report/2018-07-05-14_48_10HTMLtemplate.html', 'pass_num': u'3', 'date': u'2018-07-05 14:48:13', 'history_id': 1, 'fail_num': u'3'}, {'status': u'Failed', 'report': u'D:/python/api_flask/apiTest/report/2018-07-05-11_39_35HTMLtemplate.html', 'pass_num': u'3', 'date': u'2018-07-05 11:39:39', 'history_id': 2, 'fail_num': u'3'}, {'status': u'Failed', 'report': u'D:/python/api_flask/apiTest/report/2018-07-04-17_57_06HTMLtemplate.html', 'pass_num': u'3', 'date': u'2018-07-04 17:57:09', 'history_id': 3, 'fail_num': u'3'}, {'status': u'Failed', 'report': u'D:/python/api_flask/apiTest/report/2018-07-04-17_56_43HTMLtemplate.html', 'pass_num': u'3', 'date': u'2018-07-04 17:56:47', 'history_id': 4, 'fail_num': u'3'}]
2018-07-05 14:48:16,240 - Flask - INFO - 开始执行测试==================================
2018-07-05 14:48:16,243 - testlog - INFO - 正在初始化当前测试用例
2018-07-05 14:48:16,243 - testlog - INFO - ((1L, u'\u5b66\u5386\u7b80\u7248', u'/data-service/edu/querydet', u'get', u'cid,name', u'7', u'account,cid,name,reqTid', u'cid,name,reqTid,account,sign', u'ds_edu.user_edu_data', u'30\u5929'), (2L, u'\u5b66\u5386\u7b80\u72482', u'/data-service/edu/querydet', u'get', u'cid,name', u'7', u'account,cid,name,reqTid', u'cid,name,reqTid,account,sign', u'ds_edu.user_edu_data', u'30\u5929'), (14L, u'\u8fd0\u8425\u5546\u4e8c\u6b21\u653e\u53f7', u'/data-service/telecom/rephonenum', u'get', u'name,cid,mobile', u'456', u'mobile,reqTid,account', u'name,cid,mobile', u'', None))
2018-07-05 14:48:16,244 - testlog - INFO - 正在执行的是第1个接口:学历简版，查询缓存
2018-07-05 14:48:16,244 - Method_Log - INFO - 正在从数据库中获取数据.......
2018-07-05 14:48:16,296 - Method_Log - INFO - 正在从ds_edu.user_edu_data获取数据......
2018-07-05 14:48:16,302 - Method_Log - INFO - 正在使用idt排序查询
2018-07-05 14:48:16,315 - testlog - INFO - {u'name': u'\u4e30\u6d77\u5175', u'cid': u'422103197102276312'}
2018-07-05 14:48:16,315 - testlog - INFO - md5排序后的值为：=============accountapisunsuweicid422103197102276312name丰海兵reqTid1234
2018-07-05 14:48:16,315 - Method_Log - INFO - 正在进行md5加密
2018-07-05 14:48:16,315 - testlog - INFO - 正在发送get请求:/data-service/edu/querydet
2018-07-05 14:48:16,361 - testlog - INFO - 返回码statusCode为：================200
2018-07-05 14:48:16,361 - testlog - INFO - 正在初始化当前测试用例
2018-07-05 14:48:16,361 - testlog - INFO - ((1L, u'\u5b66\u5386\u7b80\u7248', u'/data-service/edu/querydet', u'get', u'cid,name', u'7', u'account,cid,name,reqTid', u'cid,name,reqTid,account,sign', u'ds_edu.user_edu_data', u'30\u5929'), (2L, u'\u5b66\u5386\u7b80\u72482', u'/data-service/edu/querydet', u'get', u'cid,name', u'7', u'account,cid,name,reqTid', u'cid,name,reqTid,account,sign', u'ds_edu.user_edu_data', u'30\u5929'), (14L, u'\u8fd0\u8425\u5546\u4e8c\u6b21\u653e\u53f7', u'/data-service/telecom/rephonenum', u'get', u'name,cid,mobile', u'456', u'mobile,reqTid,account', u'name,cid,mobile', u'', None))
2018-07-05 14:48:16,361 - testlog - INFO - 正在执行的是第2个接口:学历简版2，查询缓存
2018-07-05 14:48:16,361 - Method_Log - INFO - 正在从数据库中获取数据.......
2018-07-05 14:48:16,415 - Method_Log - INFO - 正在从ds_edu.user_edu_data获取数据......
2018-07-05 14:48:16,423 - Method_Log - INFO - 正在使用idt排序查询
2018-07-05 14:48:16,441 - testlog - INFO - {u'name': u'\u4e30\u6d77\u5175', u'cid': u'422103197102276312'}
2018-07-05 14:48:16,443 - testlog - INFO - md5排序后的值为：=============accountapisunsuweicid422103197102276312name丰海兵reqTid1234
2018-07-05 14:48:16,444 - Method_Log - INFO - 正在进行md5加密
2018-07-05 14:48:16,444 - testlog - INFO - 正在发送get请求:/data-service/edu/querydet
2018-07-05 14:48:16,489 - testlog - INFO - 返回码statusCode为：================200
2018-07-05 14:48:16,489 - testlog - INFO - 正在初始化当前测试用例
2018-07-05 14:48:16,489 - testlog - INFO - ((1L, u'\u5b66\u5386\u7b80\u7248', u'/data-service/edu/querydet', u'get', u'cid,name', u'7', u'account,cid,name,reqTid', u'cid,name,reqTid,account,sign', u'ds_edu.user_edu_data', u'30\u5929'), (2L, u'\u5b66\u5386\u7b80\u72482', u'/data-service/edu/querydet', u'get', u'cid,name', u'7', u'account,cid,name,reqTid', u'cid,name,reqTid,account,sign', u'ds_edu.user_edu_data', u'30\u5929'), (14L, u'\u8fd0\u8425\u5546\u4e8c\u6b21\u653e\u53f7', u'/data-service/telecom/rephonenum', u'get', u'name,cid,mobile', u'456', u'mobile,reqTid,account', u'name,cid,mobile', u'', None))
2018-07-05 14:48:16,489 - testlog - INFO - 正在执行的是第14个接口:运营商二次放号，查询缓存
2018-07-05 14:48:16,489 - testlog - INFO - 无缓存表。。。
2018-07-05 14:48:16,490 - testlog - INFO - 正在初始化当前测试用例
2018-07-05 14:48:16,490 - testlog - INFO - ((1L, u'\u5b66\u5386\u7b80\u7248', u'/data-service/edu/querydet', u'get', u'cid,name', u'7', u'account,cid,name,reqTid', u'cid,name,reqTid,account,sign', u'ds_edu.user_edu_data', u'30\u5929'), (2L, u'\u5b66\u5386\u7b80\u72482', u'/data-service/edu/querydet', u'get', u'cid,name', u'7', u'account,cid,name,reqTid', u'cid,name,reqTid,account,sign', u'ds_edu.user_edu_data', u'30\u5929'), (14L, u'\u8fd0\u8425\u5546\u4e8c\u6b21\u653e\u53f7', u'/data-service/telecom/rephonenum', u'get', u'name,cid,mobile', u'456', u'mobile,reqTid,account', u'name,cid,mobile', u'', None))
2018-07-05 14:48:16,490 - testlog - INFO - 正在执行的是第1个接口:学历简版，查询上游数据源
2018-07-05 14:48:16,490 - Method_Log - INFO - 存的有效期无效
2018-07-05 14:48:16,490 - testlog - INFO - new_date:None
2018-07-05 14:48:16,490 - testlog - INFO - 验证失败，查询缓存有效期日期格式不对
2018-07-05 14:48:16,490 - testlog - INFO - 正在初始化当前测试用例
2018-07-05 14:48:16,490 - testlog - INFO - ((1L, u'\u5b66\u5386\u7b80\u7248', u'/data-service/edu/querydet', u'get', u'cid,name', u'7', u'account,cid,name,reqTid', u'cid,name,reqTid,account,sign', u'ds_edu.user_edu_data', u'30\u5929'), (2L, u'\u5b66\u5386\u7b80\u72482', u'/data-service/edu/querydet', u'get', u'cid,name', u'7', u'account,cid,name,reqTid', u'cid,name,reqTid,account,sign', u'ds_edu.user_edu_data', u'30\u5929'), (14L, u'\u8fd0\u8425\u5546\u4e8c\u6b21\u653e\u53f7', u'/data-service/telecom/rephonenum', u'get', u'name,cid,mobile', u'456', u'mobile,reqTid,account', u'name,cid,mobile', u'', None))
2018-07-05 14:48:16,490 - testlog - INFO - 正在执行的是第2个接口:学历简版2，查询上游数据源
2018-07-05 14:48:16,490 - Method_Log - INFO - 存的有效期无效
2018-07-05 14:48:16,490 - testlog - INFO - new_date:None
2018-07-05 14:48:16,490 - testlog - INFO - 验证失败，查询缓存有效期日期格式不对
2018-07-05 14:48:16,490 - testlog - INFO - 正在初始化当前测试用例
2018-07-05 14:48:16,490 - testlog - INFO - ((1L, u'\u5b66\u5386\u7b80\u7248', u'/data-service/edu/querydet', u'get', u'cid,name', u'7', u'account,cid,name,reqTid', u'cid,name,reqTid,account,sign', u'ds_edu.user_edu_data', u'30\u5929'), (2L, u'\u5b66\u5386\u7b80\u72482', u'/data-service/edu/querydet', u'get', u'cid,name', u'7', u'account,cid,name,reqTid', u'cid,name,reqTid,account,sign', u'ds_edu.user_edu_data', u'30\u5929'), (14L, u'\u8fd0\u8425\u5546\u4e8c\u6b21\u653e\u53f7', u'/data-service/telecom/rephonenum', u'get', u'name,cid,mobile', u'456', u'mobile,reqTid,account', u'name,cid,mobile', u'', None))
2018-07-05 14:48:16,490 - testlog - INFO - 正在执行的是第14个接口:运营商二次放号，查询上游数据源
2018-07-05 14:48:16,490 - testlog - INFO - 无缓存表。。无法获取数据
2018-07-05 14:48:16,513 - sendEmail - INFO - The new report name:2018-07-05-14_48_16HTMLtemplate.html
2018-07-05 14:48:16,513 - sendEmail - INFO - The return name is:D:\python\api_flask/apiTest/report/2018-07-05-14_48_16HTMLtemplate.html
2018-07-05 14:48:18,209 - sendEmail - INFO - Send email successful!
2018-07-05 14:48:18,209 - Method_Log - INFO - insert into test_history (date,status,pass_num,fail_num,report) values ("2018-07-05 14:48:18","Failed","3","3","D:/python/api_flask/apiTest/report/2018-07-05-14_48_16HTMLtemplate.html")
2018-07-05 14:48:18,290 - Method_Log - INFO - 插入数据库结束，插入成功！
2018-07-05 14:48:18,364 - Flask - INFO - 来到了测试历史记录页面===================
2018-07-05 14:48:18,420 - Flask - INFO - (0.5, 0.0)
2018-07-05 14:48:18,421 - Flask - INFO - [{'status': u'Failed', 'report': u'D:/python/api_flask/apiTest/report/2018-07-05-14_48_16HTMLtemplate.html', 'pass_num': u'3', 'date': u'2018-07-05 14:48:18', 'history_id': 1, 'fail_num': u'3'}, {'status': u'Failed', 'report': u'D:/python/api_flask/apiTest/report/2018-07-05-14_48_10HTMLtemplate.html', 'pass_num': u'3', 'date': u'2018-07-05 14:48:13', 'history_id': 2, 'fail_num': u'3'}, {'status': u'Failed', 'report': u'D:/python/api_flask/apiTest/report/2018-07-05-11_39_35HTMLtemplate.html', 'pass_num': u'3', 'date': u'2018-07-05 11:39:39', 'history_id': 3, 'fail_num': u'3'}, {'status': u'Failed', 'report': u'D:/python/api_flask/apiTest/report/2018-07-04-17_57_06HTMLtemplate.html', 'pass_num': u'3', 'date': u'2018-07-04 17:57:09', 'history_id': 4, 'fail_num': u'3'}, {'status': u'Failed', 'report': u'D:/python/api_flask/apiTest/report/2018-07-04-17_56_43HTMLtemplate.html', 'pass_num': u'3', 'date': u'2018-07-04 17:56:47', 'history_id': 5, 'fail_num': u'3'}]
