2018-07-09 18:30:06,934 - Method_Log - INFO - 正在获取apilist===============================================
2018-07-09 18:30:07,019 - Method_Log - INFO - 已经获取到apilist并返回=========================
2018-07-09 18:30:07,428 - Method_Log - INFO - 正在获取apilist===============================================
2018-07-09 18:30:07,502 - Method_Log - INFO - 已经获取到apilist并返回=========================
2018-07-09 18:30:09,058 - Flask - INFO - 进入get_url
2018-07-09 18:30:09,099 - Flask - INFO - url：identity/auth/aaa
2018-07-09 18:30:09,099 - Flask - INFO - {'res_data': None, 'url_name': u'\u8eab\u4efd\u6838\u9a8c', 'req_form': u'name=&cid=', 'req_blob': '"{\\"resCode\\":\\"2010\\",\\"resMsg\\":\\"\\u8eab\\u4efd\\u9a8c\\u8bc1\\u6210\\u529f\\",\\"tid\\":\\"1035005015311265343457585\\",\\"sign\\":\\"DA2978EA49CF70124E897277145C153D\\"}"', 'url': u'identity/auth', 'method': u'get', 'req_data': u'name=\u674e\u56db'}
2018-07-09 18:30:09,107 - Flask - INFO - identity/auth
2018-07-09 18:30:09,107 - Flask - INFO - 0
2018-07-09 18:30:09,107 - Flask - INFO - {'res_data': None, 'url_name': u'1', 'req_form': u'1', 'req_blob': '"1"', 'url': u'1', 'method': u'1', 'req_data': u'1'}
2018-07-09 18:30:09,107 - Flask - INFO - 1
2018-07-09 18:30:09,108 - Flask - INFO - 1
2018-07-09 18:30:09,108 - Flask - INFO - {'res_data': u'{"resCode":"2010","resMsg":"\u8eab\u4efd\u9a8c\u8bc1\u6210\u529f","tid":"1035005015308488944002252","sign":"5BD345A74B2EECD92541B228553E3102"}', 'url_name': u'\u8eab\u4efd\u6838\u9a8c\u4e0d\u8fd4\u71672', 'req_form': u'name=&account=&sign=&cid=', 'req_blob': '{"tid": "1035005015310118542372260", "sign": "A74D2BFC07EFF29A597897E0BA48D427", "resCode": "2010", "resMsg": "\\u8eab\\u4efd\\u9a8c\\u8bc1\\u6210\\u529f"}', 'url': u'data-service/identity/auth', 'method': u'get', 'req_data': u'name=\u5f20\u4e09\u56db'}
2018-07-09 18:30:09,108 - Flask - INFO - data-service/identity/auth
2018-07-09 18:30:09,108 - Flask - INFO - 2
2018-07-09 18:30:09,108 - Flask - INFO - {'res_data': u'{"resCode":"2010","resMsg":"\u8eab\u4efd\u9a8c\u8bc1\u6210\u529f","tid":"1035005015308488944002252","sign":"5BD345A74B2EECD92541B228553E3102"}', 'url_name': u'\u8eab\u4efd\u6838\u9a8c\u4e0d\u8fd4\u7167', 'req_form': u'name=&account=&sign=&cid=', 'req_blob': '{"tid": "1035005015310118542372260", "sign": "A74D2BFC07EFF29A597897E0BA48D427", "resCode": "2010", "resMsg": "\\u8eab\\u4efd\\u9a8c\\u8bc1\\u6210\\u529f"}', 'url': u'identity/auth', 'method': u'get', 'req_data': u'name=\u5f20\u4e09'}
2018-07-09 18:30:09,108 - Flask - INFO - identity/auth
2018-07-09 18:30:09,108 - Flask - INFO - 3
2018-07-09 18:30:09,108 - Flask - INFO - []
2018-07-09 18:30:09,108 - Flask - INFO - []
2018-07-09 18:30:09,108 - Flask - INFO - method==GET
2018-07-09 18:30:32,717 - Method_Log - INFO - 正在获取apilist===============================================
2018-07-09 18:30:32,766 - Method_Log - INFO - 已经获取到apilist并返回=========================
2018-07-09 18:30:33,246 - Method_Log - INFO - 正在获取apilist===============================================
2018-07-09 18:30:33,289 - Method_Log - INFO - 已经获取到apilist并返回=========================
2018-07-09 18:30:35,605 - Flask - INFO - 进入get_url
2018-07-09 18:30:35,647 - Flask - INFO - url：identity/auth/aaa
2018-07-09 18:30:35,647 - Flask - INFO - {'res_data': None, 'url_name': u'\u8eab\u4efd\u6838\u9a8c', 'req_form': u'name=&cid=', 'req_blob': '"{\\"resCode\\":\\"2010\\",\\"resMsg\\":\\"\\u8eab\\u4efd\\u9a8c\\u8bc1\\u6210\\u529f\\",\\"tid\\":\\"1035005015311265343457585\\",\\"sign\\":\\"DA2978EA49CF70124E897277145C153D\\"}"', 'url': u'identity/auth', 'method': u'get', 'req_data': u'name=\u674e\u56db'}
2018-07-09 18:30:35,648 - Flask - INFO - identity/auth
2018-07-09 18:30:35,648 - Flask - INFO - 1
2018-07-09 18:30:35,648 - Flask - INFO - {'res_data': None, 'url_name': u'1', 'req_form': u'1', 'req_blob': '"1"', 'url': u'1', 'method': u'1', 'req_data': u'1'}
2018-07-09 18:30:35,648 - Flask - INFO - 1
2018-07-09 18:30:35,648 - Flask - INFO - 2
2018-07-09 18:30:35,648 - Flask - INFO - {'res_data': u'{"resCode":"2010","resMsg":"\u8eab\u4efd\u9a8c\u8bc1\u6210\u529f","tid":"1035005015308488944002252","sign":"5BD345A74B2EECD92541B228553E3102"}', 'url_name': u'\u8eab\u4efd\u6838\u9a8c\u4e0d\u8fd4\u71672', 'req_form': u'name=&account=&sign=&cid=', 'req_blob': '{"tid": "1035005015310118542372260", "sign": "A74D2BFC07EFF29A597897E0BA48D427", "resCode": "2010", "resMsg": "\\u8eab\\u4efd\\u9a8c\\u8bc1\\u6210\\u529f"}', 'url': u'data-service/identity/auth', 'method': u'get', 'req_data': u'name=\u5f20\u4e09\u56db'}
2018-07-09 18:30:35,648 - Flask - INFO - data-service/identity/auth
2018-07-09 18:30:35,648 - Flask - INFO - 3
2018-07-09 18:30:35,648 - Flask - INFO - {'res_data': u'{"resCode":"2010","resMsg":"\u8eab\u4efd\u9a8c\u8bc1\u6210\u529f","tid":"1035005015308488944002252","sign":"5BD345A74B2EECD92541B228553E3102"}', 'url_name': u'\u8eab\u4efd\u6838\u9a8c\u4e0d\u8fd4\u7167', 'req_form': u'name=&account=&sign=&cid=', 'req_blob': '{"tid": "1035005015310118542372260", "sign": "A74D2BFC07EFF29A597897E0BA48D427", "resCode": "2010", "resMsg": "\\u8eab\\u4efd\\u9a8c\\u8bc1\\u6210\\u529f"}', 'url': u'identity/auth', 'method': u'get', 'req_data': u'name=\u5f20\u4e09'}
2018-07-09 18:30:35,648 - Flask - INFO - identity/auth
2018-07-09 18:30:41,105 - Flask - INFO - 进入get_url
2018-07-09 18:30:41,150 - Flask - INFO - url：identity/auth/aaa/ddd
2018-07-09 18:30:41,150 - Flask - INFO - {'res_data': None, 'url_name': u'\u8eab\u4efd\u6838\u9a8c', 'req_form': u'name=&cid=', 'req_blob': '"{\\"resCode\\":\\"2010\\",\\"resMsg\\":\\"\\u8eab\\u4efd\\u9a8c\\u8bc1\\u6210\\u529f\\",\\"tid\\":\\"1035005015311265343457585\\",\\"sign\\":\\"DA2978EA49CF70124E897277145C153D\\"}"', 'url': u'identity/auth', 'method': u'get', 'req_data': u'name=\u674e\u56db'}
2018-07-09 18:30:41,150 - Flask - INFO - identity/auth
2018-07-09 18:30:41,151 - Flask - INFO - 1
2018-07-09 18:30:41,151 - Flask - INFO - {'res_data': None, 'url_name': u'1', 'req_form': u'1', 'req_blob': '"1"', 'url': u'1', 'method': u'1', 'req_data': u'1'}
2018-07-09 18:30:41,151 - Flask - INFO - 1
2018-07-09 18:30:41,151 - Flask - INFO - 2
2018-07-09 18:30:41,151 - Flask - INFO - {'res_data': u'{"resCode":"2010","resMsg":"\u8eab\u4efd\u9a8c\u8bc1\u6210\u529f","tid":"1035005015308488944002252","sign":"5BD345A74B2EECD92541B228553E3102"}', 'url_name': u'\u8eab\u4efd\u6838\u9a8c\u4e0d\u8fd4\u71672', 'req_form': u'name=&account=&sign=&cid=', 'req_blob': '{"tid": "1035005015310118542372260", "sign": "A74D2BFC07EFF29A597897E0BA48D427", "resCode": "2010", "resMsg": "\\u8eab\\u4efd\\u9a8c\\u8bc1\\u6210\\u529f"}', 'url': u'data-service/identity/auth', 'method': u'get', 'req_data': u'name=\u5f20\u4e09\u56db'}
2018-07-09 18:30:41,151 - Flask - INFO - data-service/identity/auth
2018-07-09 18:30:41,151 - Flask - INFO - 3
2018-07-09 18:30:41,151 - Flask - INFO - {'res_data': u'{"resCode":"2010","resMsg":"\u8eab\u4efd\u9a8c\u8bc1\u6210\u529f","tid":"1035005015308488944002252","sign":"5BD345A74B2EECD92541B228553E3102"}', 'url_name': u'\u8eab\u4efd\u6838\u9a8c\u4e0d\u8fd4\u7167', 'req_form': u'name=&account=&sign=&cid=', 'req_blob': '{"tid": "1035005015310118542372260", "sign": "A74D2BFC07EFF29A597897E0BA48D427", "resCode": "2010", "resMsg": "\\u8eab\\u4efd\\u9a8c\\u8bc1\\u6210\\u529f"}', 'url': u'identity/auth', 'method': u'get', 'req_data': u'name=\u5f20\u4e09'}
2018-07-09 18:30:41,151 - Flask - INFO - identity/auth
2018-07-09 18:30:46,585 - Flask - INFO - 进入get_url
2018-07-09 18:30:46,635 - Flask - INFO - url：identity/auth
2018-07-09 18:30:46,635 - Flask - INFO - {'res_data': None, 'url_name': u'\u8eab\u4efd\u6838\u9a8c', 'req_form': u'name=&cid=', 'req_blob': '"{\\"resCode\\":\\"2010\\",\\"resMsg\\":\\"\\u8eab\\u4efd\\u9a8c\\u8bc1\\u6210\\u529f\\",\\"tid\\":\\"1035005015311265343457585\\",\\"sign\\":\\"DA2978EA49CF70124E897277145C153D\\"}"', 'url': u'identity/auth', 'method': u'get', 'req_data': u'name=\u674e\u56db'}
2018-07-09 18:30:46,635 - Flask - INFO - identity/auth
2018-07-09 18:30:46,635 - Flask - INFO - url和path相同
2018-07-09 18:30:46,637 - Flask - INFO - 1
2018-07-09 18:30:46,637 - Flask - INFO - {'res_data': None, 'url_name': u'1', 'req_form': u'1', 'req_blob': '"1"', 'url': u'1', 'method': u'1', 'req_data': u'1'}
2018-07-09 18:30:46,637 - Flask - INFO - 1
2018-07-09 18:30:46,637 - Flask - INFO - 2
2018-07-09 18:30:46,637 - Flask - INFO - {'res_data': u'{"resCode":"2010","resMsg":"\u8eab\u4efd\u9a8c\u8bc1\u6210\u529f","tid":"1035005015308488944002252","sign":"5BD345A74B2EECD92541B228553E3102"}', 'url_name': u'\u8eab\u4efd\u6838\u9a8c\u4e0d\u8fd4\u71672', 'req_form': u'name=&account=&sign=&cid=', 'req_blob': '{"tid": "1035005015310118542372260", "sign": "A74D2BFC07EFF29A597897E0BA48D427", "resCode": "2010", "resMsg": "\\u8eab\\u4efd\\u9a8c\\u8bc1\\u6210\\u529f"}', 'url': u'data-service/identity/auth', 'method': u'get', 'req_data': u'name=\u5f20\u4e09\u56db'}
2018-07-09 18:30:46,637 - Flask - INFO - data-service/identity/auth
2018-07-09 18:30:46,637 - Flask - INFO - 3
2018-07-09 18:30:46,637 - Flask - INFO - {'res_data': u'{"resCode":"2010","resMsg":"\u8eab\u4efd\u9a8c\u8bc1\u6210\u529f","tid":"1035005015308488944002252","sign":"5BD345A74B2EECD92541B228553E3102"}', 'url_name': u'\u8eab\u4efd\u6838\u9a8c\u4e0d\u8fd4\u7167', 'req_form': u'name=&account=&sign=&cid=', 'req_blob': '{"tid": "1035005015310118542372260", "sign": "A74D2BFC07EFF29A597897E0BA48D427", "resCode": "2010", "resMsg": "\\u8eab\\u4efd\\u9a8c\\u8bc1\\u6210\\u529f"}', 'url': u'identity/auth', 'method': u'get', 'req_data': u'name=\u5f20\u4e09'}
2018-07-09 18:30:46,637 - Flask - INFO - identity/auth
2018-07-09 18:30:46,637 - Flask - INFO - url和path相同
2018-07-09 18:30:46,637 - Flask - INFO - 4
2018-07-09 18:30:46,637 - Flask - INFO - [u'name=\u674e\u56db', u'name=\u5f20\u4e09']
2018-07-09 18:30:46,637 - Flask - INFO - ['"{\\"resCode\\":\\"2010\\",\\"resMsg\\":\\"\\u8eab\\u4efd\\u9a8c\\u8bc1\\u6210\\u529f\\",\\"tid\\":\\"1035005015311265343457585\\",\\"sign\\":\\"DA2978EA49CF70124E897277145C153D\\"}"', '{"tid": "1035005015310118542372260", "sign": "A74D2BFC07EFF29A597897E0BA48D427", "resCode": "2010", "resMsg": "\\u8eab\\u4efd\\u9a8c\\u8bc1\\u6210\\u529f"}']
2018-07-09 18:30:46,637 - Flask - INFO - method==GET
2018-07-09 18:30:46,638 - Flask - INFO - 获取请求参数:张三四
2018-07-09 18:30:46,638 - Flask - INFO - 获取数据库中存储的请求参数：李四
2018-07-09 18:30:46,638 - Flask - INFO - 参数继续找下一个
2018-07-09 18:30:46,638 - Flask - INFO - 获取请求参数:张三四
2018-07-09 18:30:46,638 - Flask - INFO - 获取数据库中存储的请求参数：张三
2018-07-09 18:30:54,775 - Flask - INFO - 进入get_url
2018-07-09 18:30:54,835 - Flask - INFO - url：identity/auth
2018-07-09 18:30:54,835 - Flask - INFO - {'res_data': None, 'url_name': u'\u8eab\u4efd\u6838\u9a8c', 'req_form': u'name=&cid=', 'req_blob': '"{\\"resCode\\":\\"2010\\",\\"resMsg\\":\\"\\u8eab\\u4efd\\u9a8c\\u8bc1\\u6210\\u529f\\",\\"tid\\":\\"1035005015311265343457585\\",\\"sign\\":\\"DA2978EA49CF70124E897277145C153D\\"}"', 'url': u'identity/auth', 'method': u'get', 'req_data': u'name=\u674e\u56db'}
2018-07-09 18:30:54,835 - Flask - INFO - identity/auth
2018-07-09 18:30:54,835 - Flask - INFO - url和path相同
2018-07-09 18:30:54,835 - Flask - INFO - 1
2018-07-09 18:30:54,835 - Flask - INFO - {'res_data': None, 'url_name': u'1', 'req_form': u'1', 'req_blob': '"1"', 'url': u'1', 'method': u'1', 'req_data': u'1'}
2018-07-09 18:30:54,835 - Flask - INFO - 1
2018-07-09 18:30:54,835 - Flask - INFO - 2
2018-07-09 18:30:54,835 - Flask - INFO - {'res_data': u'{"resCode":"2010","resMsg":"\u8eab\u4efd\u9a8c\u8bc1\u6210\u529f","tid":"1035005015308488944002252","sign":"5BD345A74B2EECD92541B228553E3102"}', 'url_name': u'\u8eab\u4efd\u6838\u9a8c\u4e0d\u8fd4\u71672', 'req_form': u'name=&account=&sign=&cid=', 'req_blob': '{"tid": "1035005015310118542372260", "sign": "A74D2BFC07EFF29A597897E0BA48D427", "resCode": "2010", "resMsg": "\\u8eab\\u4efd\\u9a8c\\u8bc1\\u6210\\u529f"}', 'url': u'data-service/identity/auth', 'method': u'get', 'req_data': u'name=\u5f20\u4e09\u56db'}
2018-07-09 18:30:54,835 - Flask - INFO - data-service/identity/auth
2018-07-09 18:30:54,836 - Flask - INFO - 3
2018-07-09 18:30:54,836 - Flask - INFO - {'res_data': u'{"resCode":"2010","resMsg":"\u8eab\u4efd\u9a8c\u8bc1\u6210\u529f","tid":"1035005015308488944002252","sign":"5BD345A74B2EECD92541B228553E3102"}', 'url_name': u'\u8eab\u4efd\u6838\u9a8c\u4e0d\u8fd4\u7167', 'req_form': u'name=&account=&sign=&cid=', 'req_blob': '{"tid": "1035005015310118542372260", "sign": "A74D2BFC07EFF29A597897E0BA48D427", "resCode": "2010", "resMsg": "\\u8eab\\u4efd\\u9a8c\\u8bc1\\u6210\\u529f"}', 'url': u'identity/auth', 'method': u'get', 'req_data': u'name=\u5f20\u4e09'}
2018-07-09 18:30:54,836 - Flask - INFO - identity/auth
2018-07-09 18:30:54,836 - Flask - INFO - url和path相同
2018-07-09 18:30:54,836 - Flask - INFO - 4
2018-07-09 18:30:54,836 - Flask - INFO - [u'name=\u674e\u56db', u'name=\u5f20\u4e09']
2018-07-09 18:30:54,836 - Flask - INFO - ['"{\\"resCode\\":\\"2010\\",\\"resMsg\\":\\"\\u8eab\\u4efd\\u9a8c\\u8bc1\\u6210\\u529f\\",\\"tid\\":\\"1035005015311265343457585\\",\\"sign\\":\\"DA2978EA49CF70124E897277145C153D\\"}"', '{"tid": "1035005015310118542372260", "sign": "A74D2BFC07EFF29A597897E0BA48D427", "resCode": "2010", "resMsg": "\\u8eab\\u4efd\\u9a8c\\u8bc1\\u6210\\u529f"}']
2018-07-09 18:30:54,836 - Flask - INFO - method==GET
2018-07-09 18:30:54,836 - Flask - INFO - 获取请求参数:None
2018-07-09 18:30:54,836 - Flask - INFO - 获取数据库中存储的请求参数：李四
2018-07-09 18:30:54,836 - Flask - INFO - 参数继续找下一个
2018-07-09 18:30:54,836 - Flask - INFO - 获取请求参数:None
2018-07-09 18:30:54,836 - Flask - INFO - 获取数据库中存储的请求参数：张三
2018-07-10 14:10:08,058 - Flask - INFO - 来到了Mock测试界面=========================
2018-07-10 14:10:08,131 - Flask - INFO - (0.4, 0.0)
2018-07-10 14:10:08,138 - Flask - INFO - [{'history_id': 1, 'url_name': u'\u8eab\u4efd\u6838\u9a8c', 'req_blob': '"{\\"resCode\\":\\"2010\\",\\"resMsg\\":\\"\\u8eab\\u4efd\\u9a8c\\u8bc1\\u6210\\u529f\\",\\"tid\\":\\"1035005015311265343457585\\",\\"sign\\":\\"DA2978EA49CF70124E897277145C153D\\"}"', 'url_path': u'identity/auth'}, {'history_id': 2, 'url_name': u'1', 'req_blob': '"1"', 'url_path': u'1'}, {'history_id': 3, 'url_name': u'\u8eab\u4efd\u6838\u9a8c\u4e0d\u8fd4\u71672', 'req_blob': '{"tid": "1035005015310118542372260", "sign": "A74D2BFC07EFF29A597897E0BA48D427", "resCode": "2010", "resMsg": "\\u8eab\\u4efd\\u9a8c\\u8bc1\\u6210\\u529f"}', 'url_path': u'data-service/identity/auth'}, {'history_id': 4, 'url_name': u'\u8eab\u4efd\u6838\u9a8c\u4e0d\u8fd4\u7167', 'req_blob': '{"tid": "1035005015310118542372260", "sign": "A74D2BFC07EFF29A597897E0BA48D427", "resCode": "2010", "resMsg": "\\u8eab\\u4efd\\u9a8c\\u8bc1\\u6210\\u529f"}', 'url_path': u'identity/auth'}]
