2018-07-09 16:56:22,805 - Method_Log - INFO - 正在获取apilist===============================================
2018-07-09 16:56:22,868 - Method_Log - INFO - 已经获取到apilist并返回=========================
2018-07-09 16:56:23,431 - Method_Log - INFO - 正在获取apilist===============================================
2018-07-09 16:56:23,500 - Method_Log - INFO - 已经获取到apilist并返回=========================
2018-07-09 16:56:32,201 - Flask - INFO - 来到了主界面===========================
2018-07-09 16:56:34,346 - Flask - INFO - 来到了Mock测试界面=========================
2018-07-09 16:56:34,395 - Flask - INFO - (0.3, 0.0)
2018-07-09 16:56:34,395 - Flask - INFO - [{'history_id': 1, 'url_name': u'1', 'req_blob': '"1"', 'url_path': u'1'}, {'history_id': 2, 'url_name': u'\u8eab\u4efd\u6838\u9a8c\u4e0d\u8fd4\u71672', 'req_blob': '{"tid": "1035005015310118542372260", "sign": "A74D2BFC07EFF29A597897E0BA48D427", "resCode": "2010", "resMsg": "\\u8eab\\u4efd\\u9a8c\\u8bc1\\u6210\\u529f"}', 'url_path': u'data-service/identity/auth'}, {'history_id': 3, 'url_name': u'\u8eab\u4efd\u6838\u9a8c\u4e0d\u8fd4\u7167', 'req_blob': '{"tid": "1035005015310118542372260", "sign": "A74D2BFC07EFF29A597897E0BA48D427", "resCode": "2010", "resMsg": "\\u8eab\\u4efd\\u9a8c\\u8bc1\\u6210\\u529f"}', 'url_path': u'data-service/identity/auth'}]
2018-07-09 16:57:25,674 - Flask - INFO - 进入add_mock_list
2018-07-09 16:57:25,694 - Flask - INFO - insert into test.mock_list (date,url_name,url,req_form,method,req_data,req_blob) values('2018-07-09 16:57:25','身份核验','/identity/auth','name=&cid=','get','name=李四','{json}')
2018-07-09 16:57:25,749 - Flask - INFO - 来到了Mock测试界面=========================
2018-07-09 16:57:25,789 - Flask - INFO - (0.4, 0.0)
2018-07-09 16:57:25,789 - Flask - INFO - [{'history_id': 1, 'url_name': u'\u8eab\u4efd\u6838\u9a8c', 'req_blob': '"{\\"resCode\\":\\"2010\\",\\"resMsg\\":\\"\\u8eab\\u4efd\\u9a8c\\u8bc1\\u6210\\u529f\\",\\"tid\\":\\"1035005015311265343457585\\",\\"sign\\":\\"DA2978EA49CF70124E897277145C153D\\"}"', 'url_path': u'/identity/auth'}, {'history_id': 2, 'url_name': u'1', 'req_blob': '"1"', 'url_path': u'1'}, {'history_id': 3, 'url_name': u'\u8eab\u4efd\u6838\u9a8c\u4e0d\u8fd4\u71672', 'req_blob': '{"tid": "1035005015310118542372260", "sign": "A74D2BFC07EFF29A597897E0BA48D427", "resCode": "2010", "resMsg": "\\u8eab\\u4efd\\u9a8c\\u8bc1\\u6210\\u529f"}', 'url_path': u'data-service/identity/auth'}, {'history_id': 4, 'url_name': u'\u8eab\u4efd\u6838\u9a8c\u4e0d\u8fd4\u7167', 'req_blob': '{"tid": "1035005015310118542372260", "sign": "A74D2BFC07EFF29A597897E0BA48D427", "resCode": "2010", "resMsg": "\\u8eab\\u4efd\\u9a8c\\u8bc1\\u6210\\u529f"}', 'url_path': u'data-service/identity/auth'}]
2018-07-09 17:00:04,677 - Flask - INFO - 来到了Mock测试界面=========================
2018-07-09 17:00:04,940 - Flask - INFO - (0.4, 0.0)
2018-07-09 17:00:04,940 - Flask - INFO - [{'history_id': 1, 'url_name': u'\u8eab\u4efd\u6838\u9a8c', 'req_blob': '"{\\"resCode\\":\\"2010\\",\\"resMsg\\":\\"\\u8eab\\u4efd\\u9a8c\\u8bc1\\u6210\\u529f\\",\\"tid\\":\\"1035005015311265343457585\\",\\"sign\\":\\"DA2978EA49CF70124E897277145C153D\\"}"', 'url_path': u'/identity/auth'}, {'history_id': 2, 'url_name': u'1', 'req_blob': '"1"', 'url_path': u'1'}, {'history_id': 3, 'url_name': u'\u8eab\u4efd\u6838\u9a8c\u4e0d\u8fd4\u71672', 'req_blob': '{"tid": "1035005015310118542372260", "sign": "A74D2BFC07EFF29A597897E0BA48D427", "resCode": "2010", "resMsg": "\\u8eab\\u4efd\\u9a8c\\u8bc1\\u6210\\u529f"}', 'url_path': u'data-service/identity/auth'}, {'history_id': 4, 'url_name': u'\u8eab\u4efd\u6838\u9a8c\u4e0d\u8fd4\u7167', 'req_blob': '{"tid": "1035005015310118542372260", "sign": "A74D2BFC07EFF29A597897E0BA48D427", "resCode": "2010", "resMsg": "\\u8eab\\u4efd\\u9a8c\\u8bc1\\u6210\\u529f"}', 'url_path': u'data-service/identity/auth'}]
2018-07-09 17:15:07,053 - Flask - INFO - 来到了Mock测试界面=========================
2018-07-09 17:15:07,365 - Flask - INFO - (0.4, 0.0)
2018-07-09 17:15:07,365 - Flask - INFO - [{'history_id': 1, 'url_name': u'\u8eab\u4efd\u6838\u9a8c', 'req_blob': '"{\\"resCode\\":\\"2010\\",\\"resMsg\\":\\"\\u8eab\\u4efd\\u9a8c\\u8bc1\\u6210\\u529f\\",\\"tid\\":\\"1035005015311265343457585\\",\\"sign\\":\\"DA2978EA49CF70124E897277145C153D\\"}"', 'url_path': u'/identity/auth'}, {'history_id': 2, 'url_name': u'1', 'req_blob': '"1"', 'url_path': u'1'}, {'history_id': 3, 'url_name': u'\u8eab\u4efd\u6838\u9a8c\u4e0d\u8fd4\u71672', 'req_blob': '{"tid": "1035005015310118542372260", "sign": "A74D2BFC07EFF29A597897E0BA48D427", "resCode": "2010", "resMsg": "\\u8eab\\u4efd\\u9a8c\\u8bc1\\u6210\\u529f"}', 'url_path': u'data-service/identity/auth'}, {'history_id': 4, 'url_name': u'\u8eab\u4efd\u6838\u9a8c\u4e0d\u8fd4\u7167', 'req_blob': '{"tid": "1035005015310118542372260", "sign": "A74D2BFC07EFF29A597897E0BA48D427", "resCode": "2010", "resMsg": "\\u8eab\\u4efd\\u9a8c\\u8bc1\\u6210\\u529f"}', 'url_path': u'data-service/identity/auth'}]
2018-07-09 17:17:40,632 - Flask - INFO - 进入get_url
2018-07-09 17:17:40,746 - Flask - INFO - url：identity/auth
2018-07-09 17:17:40,747 - Flask - INFO - {'res_data': None, 'url_name': u'\u8eab\u4efd\u6838\u9a8c', 'req_form': u'name=&cid=', 'req_blob': '"{\\"resCode\\":\\"2010\\",\\"resMsg\\":\\"\\u8eab\\u4efd\\u9a8c\\u8bc1\\u6210\\u529f\\",\\"tid\\":\\"1035005015311265343457585\\",\\"sign\\":\\"DA2978EA49CF70124E897277145C153D\\"}"', 'url': u'/identity/auth', 'method': u'get', 'req_data': u'name=\u674e\u56db'}
2018-07-09 17:17:40,747 - Flask - INFO - /identity/auth
2018-07-09 17:17:40,747 - Flask - INFO - {'res_data': None, 'url_name': u'1', 'req_form': u'1', 'req_blob': '"1"', 'url': u'1', 'method': u'1', 'req_data': u'1'}
2018-07-09 17:17:40,747 - Flask - INFO - 1
2018-07-09 17:17:40,747 - Flask - INFO - {'res_data': u'{"resCode":"2010","resMsg":"\u8eab\u4efd\u9a8c\u8bc1\u6210\u529f","tid":"1035005015308488944002252","sign":"5BD345A74B2EECD92541B228553E3102"}', 'url_name': u'\u8eab\u4efd\u6838\u9a8c\u4e0d\u8fd4\u71672', 'req_form': u'name=&account=&sign=&cid=', 'req_blob': '{"tid": "1035005015310118542372260", "sign": "A74D2BFC07EFF29A597897E0BA48D427", "resCode": "2010", "resMsg": "\\u8eab\\u4efd\\u9a8c\\u8bc1\\u6210\\u529f"}', 'url': u'data-service/identity/auth', 'method': u'get', 'req_data': u'name=\u5f20\u4e09'}
2018-07-09 17:17:40,747 - Flask - INFO - data-service/identity/auth
2018-07-09 17:17:40,747 - Flask - INFO - {'res_data': u'{"resCode":"2010","resMsg":"\u8eab\u4efd\u9a8c\u8bc1\u6210\u529f","tid":"1035005015308488944002252","sign":"5BD345A74B2EECD92541B228553E3102"}', 'url_name': u'\u8eab\u4efd\u6838\u9a8c\u4e0d\u8fd4\u7167', 'req_form': u'name=&account=&sign=&cid=', 'req_blob': '{"tid": "1035005015310118542372260", "sign": "A74D2BFC07EFF29A597897E0BA48D427", "resCode": "2010", "resMsg": "\\u8eab\\u4efd\\u9a8c\\u8bc1\\u6210\\u529f"}', 'url': u'data-service/identity/auth', 'method': u'get', 'req_data': u'name=\u5f20\u4e09'}
2018-07-09 17:17:40,747 - Flask - INFO - data-service/identity/auth
2018-07-09 17:17:40,749 - Flask - INFO - []
2018-07-09 17:17:40,749 - Flask - INFO - []
2018-07-09 17:17:40,749 - Flask - INFO - method==GET
2018-07-09 17:20:13,431 - Flask - INFO - 进入get_url
2018-07-09 17:20:13,561 - Flask - INFO - url：identity/auth
2018-07-09 17:20:13,561 - Flask - INFO - {'res_data': None, 'url_name': u'\u8eab\u4efd\u6838\u9a8c', 'req_form': u'name=&cid=', 'req_blob': '"{\\"resCode\\":\\"2010\\",\\"resMsg\\":\\"\\u8eab\\u4efd\\u9a8c\\u8bc1\\u6210\\u529f\\",\\"tid\\":\\"1035005015311265343457585\\",\\"sign\\":\\"DA2978EA49CF70124E897277145C153D\\"}"', 'url': u'identity/auth', 'method': u'get', 'req_data': u'name=\u674e\u56db'}
2018-07-09 17:20:13,561 - Flask - INFO - identity/auth
2018-07-09 17:20:13,562 - Flask - INFO - url和path相同
2018-07-09 17:20:13,562 - Flask - INFO - {'res_data': None, 'url_name': u'1', 'req_form': u'1', 'req_blob': '"1"', 'url': u'1', 'method': u'1', 'req_data': u'1'}
2018-07-09 17:20:13,562 - Flask - INFO - 1
2018-07-09 17:20:13,562 - Flask - INFO - {'res_data': u'{"resCode":"2010","resMsg":"\u8eab\u4efd\u9a8c\u8bc1\u6210\u529f","tid":"1035005015308488944002252","sign":"5BD345A74B2EECD92541B228553E3102"}', 'url_name': u'\u8eab\u4efd\u6838\u9a8c\u4e0d\u8fd4\u71672', 'req_form': u'name=&account=&sign=&cid=', 'req_blob': '{"tid": "1035005015310118542372260", "sign": "A74D2BFC07EFF29A597897E0BA48D427", "resCode": "2010", "resMsg": "\\u8eab\\u4efd\\u9a8c\\u8bc1\\u6210\\u529f"}', 'url': u'data-service/identity/auth', 'method': u'get', 'req_data': u'name=\u5f20\u4e09'}
2018-07-09 17:20:13,562 - Flask - INFO - data-service/identity/auth
2018-07-09 17:20:13,562 - Flask - INFO - {'res_data': u'{"resCode":"2010","resMsg":"\u8eab\u4efd\u9a8c\u8bc1\u6210\u529f","tid":"1035005015308488944002252","sign":"5BD345A74B2EECD92541B228553E3102"}', 'url_name': u'\u8eab\u4efd\u6838\u9a8c\u4e0d\u8fd4\u7167', 'req_form': u'name=&account=&sign=&cid=', 'req_blob': '{"tid": "1035005015310118542372260", "sign": "A74D2BFC07EFF29A597897E0BA48D427", "resCode": "2010", "resMsg": "\\u8eab\\u4efd\\u9a8c\\u8bc1\\u6210\\u529f"}', 'url': u'data-service/identity/auth', 'method': u'get', 'req_data': u'name=\u5f20\u4e09'}
2018-07-09 17:20:13,562 - Flask - INFO - data-service/identity/auth
2018-07-09 17:20:13,562 - Flask - INFO - [u'name=\u674e\u56db']
2018-07-09 17:20:13,562 - Flask - INFO - ['"{\\"resCode\\":\\"2010\\",\\"resMsg\\":\\"\\u8eab\\u4efd\\u9a8c\\u8bc1\\u6210\\u529f\\",\\"tid\\":\\"1035005015311265343457585\\",\\"sign\\":\\"DA2978EA49CF70124E897277145C153D\\"}"']
2018-07-09 17:20:13,562 - Flask - INFO - method==GET
2018-07-09 17:20:13,562 - Flask - INFO - 获取请求参数:张三
2018-07-09 17:20:37,535 - Flask - INFO - 进入get_url
2018-07-09 17:20:37,848 - Flask - INFO - url：identity/auth
2018-07-09 17:20:37,848 - Flask - INFO - {'res_data': None, 'url_name': u'\u8eab\u4efd\u6838\u9a8c', 'req_form': u'name=&cid=', 'req_blob': '"{\\"resCode\\":\\"2010\\",\\"resMsg\\":\\"\\u8eab\\u4efd\\u9a8c\\u8bc1\\u6210\\u529f\\",\\"tid\\":\\"1035005015311265343457585\\",\\"sign\\":\\"DA2978EA49CF70124E897277145C153D\\"}"', 'url': u'identity/auth', 'method': u'get', 'req_data': u'name=\u674e\u56db'}
2018-07-09 17:20:37,848 - Flask - INFO - identity/auth
2018-07-09 17:20:37,848 - Flask - INFO - url和path相同
2018-07-09 17:20:37,848 - Flask - INFO - {'res_data': None, 'url_name': u'1', 'req_form': u'1', 'req_blob': '"1"', 'url': u'1', 'method': u'1', 'req_data': u'1'}
2018-07-09 17:20:37,848 - Flask - INFO - 1
2018-07-09 17:20:37,848 - Flask - INFO - {'res_data': u'{"resCode":"2010","resMsg":"\u8eab\u4efd\u9a8c\u8bc1\u6210\u529f","tid":"1035005015308488944002252","sign":"5BD345A74B2EECD92541B228553E3102"}', 'url_name': u'\u8eab\u4efd\u6838\u9a8c\u4e0d\u8fd4\u71672', 'req_form': u'name=&account=&sign=&cid=', 'req_blob': '{"tid": "1035005015310118542372260", "sign": "A74D2BFC07EFF29A597897E0BA48D427", "resCode": "2010", "resMsg": "\\u8eab\\u4efd\\u9a8c\\u8bc1\\u6210\\u529f"}', 'url': u'data-service/identity/auth', 'method': u'get', 'req_data': u'name=\u5f20\u4e09'}
2018-07-09 17:20:37,848 - Flask - INFO - data-service/identity/auth
2018-07-09 17:20:37,849 - Flask - INFO - {'res_data': u'{"resCode":"2010","resMsg":"\u8eab\u4efd\u9a8c\u8bc1\u6210\u529f","tid":"1035005015308488944002252","sign":"5BD345A74B2EECD92541B228553E3102"}', 'url_name': u'\u8eab\u4efd\u6838\u9a8c\u4e0d\u8fd4\u7167', 'req_form': u'name=&account=&sign=&cid=', 'req_blob': '{"tid": "1035005015310118542372260", "sign": "A74D2BFC07EFF29A597897E0BA48D427", "resCode": "2010", "resMsg": "\\u8eab\\u4efd\\u9a8c\\u8bc1\\u6210\\u529f"}', 'url': u'data-service/identity/auth', 'method': u'get', 'req_data': u'name=\u5f20\u4e09'}
2018-07-09 17:20:37,849 - Flask - INFO - data-service/identity/auth
2018-07-09 17:20:37,849 - Flask - INFO - [u'name=\u674e\u56db']
2018-07-09 17:20:37,849 - Flask - INFO - ['"{\\"resCode\\":\\"2010\\",\\"resMsg\\":\\"\\u8eab\\u4efd\\u9a8c\\u8bc1\\u6210\\u529f\\",\\"tid\\":\\"1035005015311265343457585\\",\\"sign\\":\\"DA2978EA49CF70124E897277145C153D\\"}"']
2018-07-09 17:20:37,849 - Flask - INFO - method==GET
2018-07-09 17:20:37,849 - Flask - INFO - 获取请求参数:李四
2018-07-09 17:20:37,849 - Flask - INFO - 在库中找到了相同的参数
2018-07-09 17:20:47,506 - Flask - INFO - 进入get_url
2018-07-09 17:20:47,773 - Flask - INFO - url：identity/auth
2018-07-09 17:20:47,773 - Flask - INFO - {'res_data': None, 'url_name': u'\u8eab\u4efd\u6838\u9a8c', 'req_form': u'name=&cid=', 'req_blob': '"{\\"resCode\\":\\"2010\\",\\"resMsg\\":\\"\\u8eab\\u4efd\\u9a8c\\u8bc1\\u6210\\u529f\\",\\"tid\\":\\"1035005015311265343457585\\",\\"sign\\":\\"DA2978EA49CF70124E897277145C153D\\"}"', 'url': u'identity/auth', 'method': u'get', 'req_data': u'name=\u674e\u56db'}
2018-07-09 17:20:47,773 - Flask - INFO - identity/auth
2018-07-09 17:20:47,773 - Flask - INFO - url和path相同
2018-07-09 17:20:47,773 - Flask - INFO - {'res_data': None, 'url_name': u'1', 'req_form': u'1', 'req_blob': '"1"', 'url': u'1', 'method': u'1', 'req_data': u'1'}
2018-07-09 17:20:47,773 - Flask - INFO - 1
2018-07-09 17:20:47,773 - Flask - INFO - {'res_data': u'{"resCode":"2010","resMsg":"\u8eab\u4efd\u9a8c\u8bc1\u6210\u529f","tid":"1035005015308488944002252","sign":"5BD345A74B2EECD92541B228553E3102"}', 'url_name': u'\u8eab\u4efd\u6838\u9a8c\u4e0d\u8fd4\u71672', 'req_form': u'name=&account=&sign=&cid=', 'req_blob': '{"tid": "1035005015310118542372260", "sign": "A74D2BFC07EFF29A597897E0BA48D427", "resCode": "2010", "resMsg": "\\u8eab\\u4efd\\u9a8c\\u8bc1\\u6210\\u529f"}', 'url': u'data-service/identity/auth', 'method': u'get', 'req_data': u'name=\u5f20\u4e09'}
2018-07-09 17:20:47,773 - Flask - INFO - data-service/identity/auth
2018-07-09 17:20:47,773 - Flask - INFO - {'res_data': u'{"resCode":"2010","resMsg":"\u8eab\u4efd\u9a8c\u8bc1\u6210\u529f","tid":"1035005015308488944002252","sign":"5BD345A74B2EECD92541B228553E3102"}', 'url_name': u'\u8eab\u4efd\u6838\u9a8c\u4e0d\u8fd4\u7167', 'req_form': u'name=&account=&sign=&cid=', 'req_blob': '{"tid": "1035005015310118542372260", "sign": "A74D2BFC07EFF29A597897E0BA48D427", "resCode": "2010", "resMsg": "\\u8eab\\u4efd\\u9a8c\\u8bc1\\u6210\\u529f"}', 'url': u'data-service/identity/auth', 'method': u'get', 'req_data': u'name=\u5f20\u4e09'}
2018-07-09 17:20:47,773 - Flask - INFO - data-service/identity/auth
2018-07-09 17:20:47,773 - Flask - INFO - [u'name=\u674e\u56db']
2018-07-09 17:20:47,773 - Flask - INFO - ['"{\\"resCode\\":\\"2010\\",\\"resMsg\\":\\"\\u8eab\\u4efd\\u9a8c\\u8bc1\\u6210\\u529f\\",\\"tid\\":\\"1035005015311265343457585\\",\\"sign\\":\\"DA2978EA49CF70124E897277145C153D\\"}"']
2018-07-09 17:20:47,775 - Flask - INFO - method==GET
2018-07-09 17:20:47,775 - Flask - INFO - 获取请求参数:李四
2018-07-09 17:20:47,775 - Flask - INFO - 在库中找到了相同的参数
2018-07-09 17:21:33,959 - Flask - INFO - 进入get_url
2018-07-09 17:21:34,221 - Flask - INFO - url：identity/auth
2018-07-09 17:21:34,221 - Flask - INFO - {'res_data': None, 'url_name': u'\u8eab\u4efd\u6838\u9a8c', 'req_form': u'name=&cid=', 'req_blob': '"{\\"resCode\\":\\"2010\\",\\"resMsg\\":\\"\\u8eab\\u4efd\\u9a8c\\u8bc1\\u6210\\u529f\\",\\"tid\\":\\"1035005015311265343457585\\",\\"sign\\":\\"DA2978EA49CF70124E897277145C153D\\"}"', 'url': u'identity/auth', 'method': u'get', 'req_data': u'name=\u674e\u56db'}
2018-07-09 17:21:34,221 - Flask - INFO - identity/auth
2018-07-09 17:21:34,221 - Flask - INFO - url和path相同
2018-07-09 17:21:34,221 - Flask - INFO - {'res_data': None, 'url_name': u'1', 'req_form': u'1', 'req_blob': '"1"', 'url': u'1', 'method': u'1', 'req_data': u'1'}
2018-07-09 17:21:34,221 - Flask - INFO - 1
2018-07-09 17:21:34,221 - Flask - INFO - {'res_data': u'{"resCode":"2010","resMsg":"\u8eab\u4efd\u9a8c\u8bc1\u6210\u529f","tid":"1035005015308488944002252","sign":"5BD345A74B2EECD92541B228553E3102"}', 'url_name': u'\u8eab\u4efd\u6838\u9a8c\u4e0d\u8fd4\u71672', 'req_form': u'name=&account=&sign=&cid=', 'req_blob': '{"tid": "1035005015310118542372260", "sign": "A74D2BFC07EFF29A597897E0BA48D427", "resCode": "2010", "resMsg": "\\u8eab\\u4efd\\u9a8c\\u8bc1\\u6210\\u529f"}', 'url': u'data-service/identity/auth', 'method': u'get', 'req_data': u'name=\u5f20\u4e09'}
2018-07-09 17:21:34,221 - Flask - INFO - data-service/identity/auth
2018-07-09 17:21:34,221 - Flask - INFO - {'res_data': u'{"resCode":"2010","resMsg":"\u8eab\u4efd\u9a8c\u8bc1\u6210\u529f","tid":"1035005015308488944002252","sign":"5BD345A74B2EECD92541B228553E3102"}', 'url_name': u'\u8eab\u4efd\u6838\u9a8c\u4e0d\u8fd4\u7167', 'req_form': u'name=&account=&sign=&cid=', 'req_blob': '{"tid": "1035005015310118542372260", "sign": "A74D2BFC07EFF29A597897E0BA48D427", "resCode": "2010", "resMsg": "\\u8eab\\u4efd\\u9a8c\\u8bc1\\u6210\\u529f"}', 'url': u'identity/auth', 'method': u'get', 'req_data': u'name=\u5f20\u4e09'}
2018-07-09 17:21:34,223 - Flask - INFO - identity/auth
2018-07-09 17:21:34,223 - Flask - INFO - url和path相同
2018-07-09 17:21:34,223 - Flask - INFO - [u'name=\u674e\u56db', u'name=\u5f20\u4e09']
2018-07-09 17:21:34,223 - Flask - INFO - ['"{\\"resCode\\":\\"2010\\",\\"resMsg\\":\\"\\u8eab\\u4efd\\u9a8c\\u8bc1\\u6210\\u529f\\",\\"tid\\":\\"1035005015311265343457585\\",\\"sign\\":\\"DA2978EA49CF70124E897277145C153D\\"}"', '{"tid": "1035005015310118542372260", "sign": "A74D2BFC07EFF29A597897E0BA48D427", "resCode": "2010", "resMsg": "\\u8eab\\u4efd\\u9a8c\\u8bc1\\u6210\\u529f"}']
2018-07-09 17:21:34,223 - Flask - INFO - method==GET
2018-07-09 17:21:34,223 - Flask - INFO - 获取请求参数:张三
2018-07-09 17:21:53,217 - Flask - INFO - 进入get_url
2018-07-09 17:21:53,505 - Flask - INFO - url：identity/auth
2018-07-09 17:21:53,506 - Flask - INFO - {'res_data': None, 'url_name': u'\u8eab\u4efd\u6838\u9a8c', 'req_form': u'name=&cid=', 'req_blob': '"{\\"resCode\\":\\"2010\\",\\"resMsg\\":\\"\\u8eab\\u4efd\\u9a8c\\u8bc1\\u6210\\u529f\\",\\"tid\\":\\"1035005015311265343457585\\",\\"sign\\":\\"DA2978EA49CF70124E897277145C153D\\"}"', 'url': u'identity/auth', 'method': u'get', 'req_data': u'name=\u674e\u56db'}
2018-07-09 17:21:53,506 - Flask - INFO - identity/auth
2018-07-09 17:21:53,506 - Flask - INFO - url和path相同
2018-07-09 17:21:53,506 - Flask - INFO - {'res_data': None, 'url_name': u'1', 'req_form': u'1', 'req_blob': '"1"', 'url': u'1', 'method': u'1', 'req_data': u'1'}
2018-07-09 17:21:53,506 - Flask - INFO - 1
2018-07-09 17:21:53,507 - Flask - INFO - {'res_data': u'{"resCode":"2010","resMsg":"\u8eab\u4efd\u9a8c\u8bc1\u6210\u529f","tid":"1035005015308488944002252","sign":"5BD345A74B2EECD92541B228553E3102"}', 'url_name': u'\u8eab\u4efd\u6838\u9a8c\u4e0d\u8fd4\u71672', 'req_form': u'name=&account=&sign=&cid=', 'req_blob': '{"tid": "1035005015310118542372260", "sign": "A74D2BFC07EFF29A597897E0BA48D427", "resCode": "2010", "resMsg": "\\u8eab\\u4efd\\u9a8c\\u8bc1\\u6210\\u529f"}', 'url': u'data-service/identity/auth', 'method': u'get', 'req_data': u'name=\u5f20\u4e09'}
2018-07-09 17:21:53,507 - Flask - INFO - data-service/identity/auth
2018-07-09 17:21:53,509 - Flask - INFO - {'res_data': u'{"resCode":"2010","resMsg":"\u8eab\u4efd\u9a8c\u8bc1\u6210\u529f","tid":"1035005015308488944002252","sign":"5BD345A74B2EECD92541B228553E3102"}', 'url_name': u'\u8eab\u4efd\u6838\u9a8c\u4e0d\u8fd4\u7167', 'req_form': u'name=&account=&sign=&cid=', 'req_blob': '{"tid": "1035005015310118542372260", "sign": "A74D2BFC07EFF29A597897E0BA48D427", "resCode": "2010", "resMsg": "\\u8eab\\u4efd\\u9a8c\\u8bc1\\u6210\\u529f"}', 'url': u'identity/auth', 'method': u'get', 'req_data': u'name=\u5f20\u4e09'}
2018-07-09 17:21:53,509 - Flask - INFO - identity/auth
2018-07-09 17:21:53,509 - Flask - INFO - url和path相同
2018-07-09 17:21:53,509 - Flask - INFO - [u'name=\u674e\u56db', u'name=\u5f20\u4e09']
2018-07-09 17:21:53,509 - Flask - INFO - ['"{\\"resCode\\":\\"2010\\",\\"resMsg\\":\\"\\u8eab\\u4efd\\u9a8c\\u8bc1\\u6210\\u529f\\",\\"tid\\":\\"1035005015311265343457585\\",\\"sign\\":\\"DA2978EA49CF70124E897277145C153D\\"}"', '{"tid": "1035005015310118542372260", "sign": "A74D2BFC07EFF29A597897E0BA48D427", "resCode": "2010", "resMsg": "\\u8eab\\u4efd\\u9a8c\\u8bc1\\u6210\\u529f"}']
2018-07-09 17:21:53,509 - Flask - INFO - method==GET
2018-07-09 17:21:53,509 - Flask - INFO - 获取请求参数:张三
