2018-07-09 15:21:07,536 - Method_Log - INFO - 正在获取apilist===============================================
2018-07-09 15:21:07,591 - Method_Log - INFO - 已经获取到apilist并返回=========================
2018-07-09 15:21:22,575 - Method_Log - INFO - 正在获取apilist===============================================
2018-07-09 15:21:22,621 - Method_Log - INFO - 已经获取到apilist并返回=========================
2018-07-09 15:21:23,069 - Method_Log - INFO - 正在获取apilist===============================================
2018-07-09 15:21:23,118 - Method_Log - INFO - 已经获取到apilist并返回=========================
2018-07-09 15:21:27,862 - Flask - INFO - 来到了主界面===========================
2018-07-09 15:21:29,371 - Flask - INFO - 来到了Mock测试界面=========================
2018-07-09 15:21:32,611 - Flask - INFO - 来到了添加新接口界面=========================
2018-07-09 15:23:33,910 - Flask - INFO - 来到了添加新接口界面=========================
2018-07-09 15:23:59,109 - Flask - INFO - 来到了主界面===========================
2018-07-09 15:24:00,618 - Flask - INFO - 来到了start_test页面=========================
2018-07-09 15:24:00,619 - Flask - INFO - 获取到的select_value为：None
2018-07-09 15:24:00,619 - Flask - INFO - 当前展示第1页数据
2018-07-09 15:24:00,687 - Flask - INFO - 总共有3个api
2018-07-09 15:24:00,687 - Flask - INFO - (0.3, 0.0)
2018-07-09 15:24:00,687 - Flask - INFO - ================当前的页数为1=========
2018-07-09 15:24:00,687 - Flask - INFO - ===============应分为1页=============
2018-07-09 15:24:00,698 - Flask - INFO - [{'cache_table': u'ds_edu.user_edu_data', 'url': u'/data-service/edu/querydet', 'url_name': u'\u5b66\u5386\u7b80\u7248', 'id': 1L}, {'cache_table': u'ds_edu.user_edu_data', 'url': u'/data-service/edu/querydet', 'url_name': u'\u5b66\u5386\u7b80\u72482', 'id': 2L}, {'cache_table': u'', 'url': u'/data-service/telecom/rephonenum', 'url_name': u'\u8fd0\u8425\u5546\u4e8c\u6b21\u653e\u53f7', 'id': 14L}]
2018-07-09 15:24:01,115 - Flask - INFO - 来到了添加新接口界面=========================
2018-07-09 15:24:10,075 - Flask - INFO - 来到了添加新接口界面=========================
2018-07-09 15:24:33,835 - Flask - INFO - 来到了start_test页面=========================
2018-07-09 15:24:33,835 - Flask - INFO - 获取到的select_value为：None
2018-07-09 15:24:33,835 - Flask - INFO - 当前展示第1页数据
2018-07-09 15:24:33,924 - Flask - INFO - 总共有3个api
2018-07-09 15:24:33,924 - Flask - INFO - (0.3, 0.0)
2018-07-09 15:24:33,926 - Flask - INFO - ================当前的页数为1=========
2018-07-09 15:24:33,926 - Flask - INFO - ===============应分为1页=============
2018-07-09 15:24:33,947 - Flask - INFO - [{'cache_table': u'ds_edu.user_edu_data', 'url': u'/data-service/edu/querydet', 'url_name': u'\u5b66\u5386\u7b80\u7248', 'id': 1L}, {'cache_table': u'ds_edu.user_edu_data', 'url': u'/data-service/edu/querydet', 'url_name': u'\u5b66\u5386\u7b80\u72482', 'id': 2L}, {'cache_table': u'', 'url': u'/data-service/telecom/rephonenum', 'url_name': u'\u8fd0\u8425\u5546\u4e8c\u6b21\u653e\u53f7', 'id': 14L}]
2018-07-09 15:24:35,108 - Flask - INFO - 来到了添加新接口界面=========================
2018-07-09 15:24:45,190 - Flask - INFO - 来到了添加新接口界面=========================
2018-07-09 15:24:58,604 - Flask - INFO - 来到了添加新接口界面=========================
2018-07-09 15:25:56,457 - Flask - INFO - 来到了添加新接口界面=========================
2018-07-09 15:27:43,569 - Flask - INFO - 来到了添加新接口界面=========================
