2018-07-09 16:14:29,075 - Method_Log - INFO - 正在获取apilist===============================================
2018-07-09 16:14:29,141 - Method_Log - INFO - 已经获取到apilist并返回=========================
2018-07-09 16:14:29,640 - Flask - INFO - 来到了Mock测试界面=========================
2018-07-09 16:14:29,703 - Flask - INFO - (0.3, 0.0)
2018-07-09 16:14:29,703 - Flask - INFO - [{'history_id': 1, 'url_name': u'1', 'req_blob': '"1"', 'url_path': u'1'}, {'history_id': 2, 'url_name': u'\u8eab\u4efd\u6838\u9a8c\u4e0d\u8fd4\u71672', 'req_blob': '{"tid": "1035005015310118542372260", "sign": "A74D2BFC07EFF29A597897E0BA48D427", "resCode": "2010", "resMsg": "\\u8eab\\u4efd\\u9a8c\\u8bc1\\u6210\\u529f"}', 'url_path': u'data-service/identity/auth'}, {'history_id': 3, 'url_name': u'\u8eab\u4efd\u6838\u9a8c\u4e0d\u8fd4\u7167', 'req_blob': '{"tid": "1035005015310118542372260", "sign": "A74D2BFC07EFF29A597897E0BA48D427", "resCode": "2010", "resMsg": "\\u8eab\\u4efd\\u9a8c\\u8bc1\\u6210\\u529f"}', 'url_path': u'data-service/identity/auth'}]
2018-07-09 16:15:49,539 - Flask - INFO - 来到了主界面===========================
2018-07-09 16:15:50,229 - Flask - INFO - 来到了测试历史记录页面===================
2018-07-09 16:15:50,319 - Flask - INFO - (0.5, 0.0)
2018-07-09 16:15:50,319 - Flask - INFO - [{'status': u'Failed', 'report': u'D:/python/api_flask/apiTest/report/2018-07-05-14_48_16HTMLtemplate.html', 'pass_num': u'3', 'date': u'2018-07-05 14:48:18', 'history_id': 1, 'fail_num': u'3'}, {'status': u'Failed', 'report': u'D:/python/api_flask/apiTest/report/2018-07-05-14_48_10HTMLtemplate.html', 'pass_num': u'3', 'date': u'2018-07-05 14:48:13', 'history_id': 2, 'fail_num': u'3'}, {'status': u'Failed', 'report': u'D:/python/api_flask/apiTest/report/2018-07-05-11_39_35HTMLtemplate.html', 'pass_num': u'3', 'date': u'2018-07-05 11:39:39', 'history_id': 3, 'fail_num': u'3'}, {'status': u'Failed', 'report': u'D:/python/api_flask/apiTest/report/2018-07-04-17_57_06HTMLtemplate.html', 'pass_num': u'3', 'date': u'2018-07-04 17:57:09', 'history_id': 4, 'fail_num': u'3'}, {'status': u'Failed', 'report': u'D:/python/api_flask/apiTest/report/2018-07-04-17_56_43HTMLtemplate.html', 'pass_num': u'3', 'date': u'2018-07-04 17:56:47', 'history_id': 5, 'fail_num': u'3'}]
2018-07-09 16:15:51,147 - Flask - INFO - 来到了start_test页面=========================
2018-07-09 16:15:51,148 - Flask - INFO - 获取到的select_value为：None
2018-07-09 16:15:51,148 - Flask - INFO - 当前展示第1页数据
2018-07-09 16:15:51,250 - Flask - INFO - 总共有4个api
2018-07-09 16:15:51,252 - Flask - INFO - (0.4, 0.0)
2018-07-09 16:15:51,253 - Flask - INFO - ================当前的页数为1=========
2018-07-09 16:15:51,253 - Flask - INFO - ===============应分为1页=============
2018-07-09 16:15:51,272 - Flask - INFO - [{'cache_table': u'ds_edu.user_edu_data', 'url': u'/data-service/edu/querydet', 'url_name': u'\u5b66\u5386\u7b80\u7248', 'id': 1L}, {'cache_table': u'ds_edu.user_edu_data', 'url': u'/data-service/edu/querydet', 'url_name': u'\u5b66\u5386\u7b80\u72482', 'id': 2L}, {'cache_table': u'', 'url': u'/data-service/telecom/rephonenum', 'url_name': u'\u8fd0\u8425\u5546\u4e8c\u6b21\u653e\u53f7', 'id': 14L}, {'cache_table': u'1', 'url': u'1', 'url_name': u'1', 'id': 15L}]
2018-07-09 16:15:52,075 - Flask - INFO - 来到了测试历史记录页面===================
2018-07-09 16:15:52,188 - Flask - INFO - (0.5, 0.0)
2018-07-09 16:15:52,188 - Flask - INFO - [{'status': u'Failed', 'report': u'D:/python/api_flask/apiTest/report/2018-07-05-14_48_16HTMLtemplate.html', 'pass_num': u'3', 'date': u'2018-07-05 14:48:18', 'history_id': 1, 'fail_num': u'3'}, {'status': u'Failed', 'report': u'D:/python/api_flask/apiTest/report/2018-07-05-14_48_10HTMLtemplate.html', 'pass_num': u'3', 'date': u'2018-07-05 14:48:13', 'history_id': 2, 'fail_num': u'3'}, {'status': u'Failed', 'report': u'D:/python/api_flask/apiTest/report/2018-07-05-11_39_35HTMLtemplate.html', 'pass_num': u'3', 'date': u'2018-07-05 11:39:39', 'history_id': 3, 'fail_num': u'3'}, {'status': u'Failed', 'report': u'D:/python/api_flask/apiTest/report/2018-07-04-17_57_06HTMLtemplate.html', 'pass_num': u'3', 'date': u'2018-07-04 17:57:09', 'history_id': 4, 'fail_num': u'3'}, {'status': u'Failed', 'report': u'D:/python/api_flask/apiTest/report/2018-07-04-17_56_43HTMLtemplate.html', 'pass_num': u'3', 'date': u'2018-07-04 17:56:47', 'history_id': 5, 'fail_num': u'3'}]
2018-07-09 16:15:53,365 - Flask - INFO - 来到了start_test页面=========================
2018-07-09 16:15:53,365 - Flask - INFO - 获取到的select_value为：None
2018-07-09 16:15:53,365 - Flask - INFO - 当前展示第1页数据
2018-07-09 16:15:53,464 - Flask - INFO - 总共有4个api
2018-07-09 16:15:53,464 - Flask - INFO - (0.4, 0.0)
2018-07-09 16:15:53,464 - Flask - INFO - ================当前的页数为1=========
2018-07-09 16:15:53,464 - Flask - INFO - ===============应分为1页=============
2018-07-09 16:15:53,484 - Flask - INFO - [{'cache_table': u'ds_edu.user_edu_data', 'url': u'/data-service/edu/querydet', 'url_name': u'\u5b66\u5386\u7b80\u7248', 'id': 1L}, {'cache_table': u'ds_edu.user_edu_data', 'url': u'/data-service/edu/querydet', 'url_name': u'\u5b66\u5386\u7b80\u72482', 'id': 2L}, {'cache_table': u'', 'url': u'/data-service/telecom/rephonenum', 'url_name': u'\u8fd0\u8425\u5546\u4e8c\u6b21\u653e\u53f7', 'id': 14L}, {'cache_table': u'1', 'url': u'1', 'url_name': u'1', 'id': 15L}]
2018-07-09 16:15:54,599 - Flask - INFO - 来到了添加新接口界面=========================
2018-07-09 16:15:55,697 - Flask - INFO - 来到了准备开始测试界面=========================
2018-07-09 16:15:56,766 - Flask - INFO - 来到了Mock测试界面=========================
2018-07-09 16:15:56,842 - Flask - INFO - (0.3, 0.0)
2018-07-09 16:15:56,842 - Flask - INFO - [{'history_id': 1, 'url_name': u'1', 'req_blob': '"1"', 'url_path': u'1'}, {'history_id': 2, 'url_name': u'\u8eab\u4efd\u6838\u9a8c\u4e0d\u8fd4\u71672', 'req_blob': '{"tid": "1035005015310118542372260", "sign": "A74D2BFC07EFF29A597897E0BA48D427", "resCode": "2010", "resMsg": "\\u8eab\\u4efd\\u9a8c\\u8bc1\\u6210\\u529f"}', 'url_path': u'data-service/identity/auth'}, {'history_id': 3, 'url_name': u'\u8eab\u4efd\u6838\u9a8c\u4e0d\u8fd4\u7167', 'req_blob': '{"tid": "1035005015310118542372260", "sign": "A74D2BFC07EFF29A597897E0BA48D427", "resCode": "2010", "resMsg": "\\u8eab\\u4efd\\u9a8c\\u8bc1\\u6210\\u529f"}', 'url_path': u'data-service/identity/auth'}]
2018-07-09 16:16:18,072 - Flask - INFO - 来到了start_test页面=========================
2018-07-09 16:16:18,073 - Flask - INFO - 获取到的select_value为：None
2018-07-09 16:16:18,073 - Flask - INFO - 当前展示第1页数据
2018-07-09 16:16:18,164 - Flask - INFO - 总共有4个api
2018-07-09 16:16:18,165 - Flask - INFO - (0.4, 0.0)
2018-07-09 16:16:18,165 - Flask - INFO - ================当前的页数为1=========
2018-07-09 16:16:18,165 - Flask - INFO - ===============应分为1页=============
2018-07-09 16:16:18,183 - Flask - INFO - [{'cache_table': u'ds_edu.user_edu_data', 'url': u'/data-service/edu/querydet', 'url_name': u'\u5b66\u5386\u7b80\u7248', 'id': 1L}, {'cache_table': u'ds_edu.user_edu_data', 'url': u'/data-service/edu/querydet', 'url_name': u'\u5b66\u5386\u7b80\u72482', 'id': 2L}, {'cache_table': u'', 'url': u'/data-service/telecom/rephonenum', 'url_name': u'\u8fd0\u8425\u5546\u4e8c\u6b21\u653e\u53f7', 'id': 14L}, {'cache_table': u'1', 'url': u'1', 'url_name': u'1', 'id': 15L}]
2018-07-09 16:16:19,727 - Flask - INFO - 来到了Mock测试界面=========================
2018-07-09 16:16:19,838 - Flask - INFO - (0.3, 0.0)
2018-07-09 16:16:19,838 - Flask - INFO - [{'history_id': 1, 'url_name': u'1', 'req_blob': '"1"', 'url_path': u'1'}, {'history_id': 2, 'url_name': u'\u8eab\u4efd\u6838\u9a8c\u4e0d\u8fd4\u71672', 'req_blob': '{"tid": "1035005015310118542372260", "sign": "A74D2BFC07EFF29A597897E0BA48D427", "resCode": "2010", "resMsg": "\\u8eab\\u4efd\\u9a8c\\u8bc1\\u6210\\u529f"}', 'url_path': u'data-service/identity/auth'}, {'history_id': 3, 'url_name': u'\u8eab\u4efd\u6838\u9a8c\u4e0d\u8fd4\u7167', 'req_blob': '{"tid": "1035005015310118542372260", "sign": "A74D2BFC07EFF29A597897E0BA48D427", "resCode": "2010", "resMsg": "\\u8eab\\u4efd\\u9a8c\\u8bc1\\u6210\\u529f"}', 'url_path': u'data-service/identity/auth'}]
2018-07-09 16:16:21,184 - Flask - INFO - 来到了测试历史记录页面===================
2018-07-09 16:16:21,263 - Flask - INFO - (0.5, 0.0)
2018-07-09 16:16:21,263 - Flask - INFO - [{'status': u'Failed', 'report': u'D:/python/api_flask/apiTest/report/2018-07-05-14_48_16HTMLtemplate.html', 'pass_num': u'3', 'date': u'2018-07-05 14:48:18', 'history_id': 1, 'fail_num': u'3'}, {'status': u'Failed', 'report': u'D:/python/api_flask/apiTest/report/2018-07-05-14_48_10HTMLtemplate.html', 'pass_num': u'3', 'date': u'2018-07-05 14:48:13', 'history_id': 2, 'fail_num': u'3'}, {'status': u'Failed', 'report': u'D:/python/api_flask/apiTest/report/2018-07-05-11_39_35HTMLtemplate.html', 'pass_num': u'3', 'date': u'2018-07-05 11:39:39', 'history_id': 3, 'fail_num': u'3'}, {'status': u'Failed', 'report': u'D:/python/api_flask/apiTest/report/2018-07-04-17_57_06HTMLtemplate.html', 'pass_num': u'3', 'date': u'2018-07-04 17:57:09', 'history_id': 4, 'fail_num': u'3'}, {'status': u'Failed', 'report': u'D:/python/api_flask/apiTest/report/2018-07-04-17_56_43HTMLtemplate.html', 'pass_num': u'3', 'date': u'2018-07-04 17:56:47', 'history_id': 5, 'fail_num': u'3'}]
