2018-06-28 20:18:42,273 - Method_Log - INFO - 正在获取apilist===============================================
2018-06-28 20:18:42,318 - Method_Log - INFO - 已经获取到apilist并返回=========================
2018-06-28 20:18:42,318 - testlog - INFO - ((1L, u'\u5b66\u5386\u7b80\u7248', u'/data-service/edu/querydet', u'get', u'cid,name', u'7', u'account,cid,name,reqTid', u'cid,name,reqTid,account,sign', u'ds_edu.user_edu_data'), (2L, u'\u5b66\u5386\u7b80\u72482', u'/data-service/edu/querydet', u'get', u'cid,name', u'7', u'account,cid,name,reqTid', u'cid,name,reqTid,account,sign', u'ds_edu.user_edu_data'))
2018-06-28 20:18:42,634 - Method_Log - INFO - 正在获取apilist===============================================
2018-06-28 20:18:42,680 - Method_Log - INFO - 已经获取到apilist并返回=========================
2018-06-28 20:18:42,680 - testlog - INFO - ((1L, u'\u5b66\u5386\u7b80\u7248', u'/data-service/edu/querydet', u'get', u'cid,name', u'7', u'account,cid,name,reqTid', u'cid,name,reqTid,account,sign', u'ds_edu.user_edu_data'), (2L, u'\u5b66\u5386\u7b80\u72482', u'/data-service/edu/querydet', u'get', u'cid,name', u'7', u'account,cid,name,reqTid', u'cid,name,reqTid,account,sign', u'ds_edu.user_edu_data'))
2018-06-28 20:18:47,523 - Flask - INFO - 来到了主界面===========================
2018-06-28 20:18:59,140 - Flask - INFO - 来到了主界面===========================
2018-06-28 20:20:06,605 - Flask - INFO - 来到了主界面===========================
2018-06-28 20:20:08,971 - Flask - INFO - 来到了测试历史记录页面===================
2018-06-28 20:20:11,785 - Flask - INFO - 来到了测试历史记录页面===================
2018-06-28 20:20:13,219 - Flask - INFO - 来到了测试历史记录页面===================
2018-06-28 20:20:39,627 - Flask - INFO - 来到了测试历史记录页面===================
2018-06-28 20:20:41,153 - Flask - INFO - 来到了测试历史记录页面===================
2018-06-28 20:21:20,036 - Flask - INFO - 来到了测试历史记录页面===================
2018-06-28 20:21:21,270 - Flask - INFO - 来到了主界面===========================
2018-06-28 20:21:22,088 - Flask - INFO - 来到了测试历史记录页面===================
2018-06-28 20:21:23,582 - Flask - INFO - 来到了主界面===========================
2018-06-28 20:21:24,536 - Flask - INFO - 来到了测试历史记录页面===================
2018-06-28 20:21:27,114 - Flask - INFO - 来到了主界面===========================
2018-06-28 20:21:41,802 - Flask - INFO - 来到了测试历史记录页面===================
2018-06-28 20:22:41,779 - Flask - INFO - 来到了测试历史记录页面===================
2018-06-28 20:22:42,963 - Flask - INFO - 来到了start_test页面=========================
2018-06-28 20:22:44,979 - Flask - INFO - 来到了测试历史记录页面===================
2018-06-28 20:22:45,806 - Flask - INFO - 来到了start_test页面=========================
2018-06-28 20:22:46,313 - Flask - INFO - 来到了测试历史记录页面===================
2018-06-28 20:22:47,265 - Flask - INFO - 来到了主界面===========================
2018-06-28 20:22:48,339 - Flask - INFO - 来到了测试历史记录页面===================
2018-06-28 20:22:49,217 - Flask - INFO - 来到了主界面===========================
2018-06-28 20:22:51,299 - Flask - INFO - 来到了测试历史记录页面===================
2018-06-28 20:22:52,592 - Flask - INFO - 来到了主界面===========================
2018-06-28 20:23:05,591 - Flask - INFO - 来到了测试历史记录页面===================
2018-06-28 20:23:06,115 - Flask - INFO - 来到了主界面===========================
2018-06-28 20:23:06,756 - Flask - INFO - 来到了测试历史记录页面===================
2018-06-28 20:23:07,730 - Flask - INFO - 来到了主界面===========================
2018-06-28 20:23:08,134 - Flask - INFO - 来到了主界面===========================
2018-06-28 20:23:28,638 - Flask - INFO - 来到了测试历史记录页面===================
2018-06-28 20:23:29,589 - Flask - INFO - 来到了start_test页面=========================
2018-06-28 20:23:40,098 - Flask - INFO - 来到了测试历史记录页面===================
2018-06-28 20:23:41,249 - Flask - INFO - 来到了主界面===========================
2018-06-28 20:23:42,098 - Flask - INFO - 来到了测试历史记录页面===================
2018-06-28 20:23:43,125 - Flask - INFO - 来到了主界面===========================
2018-06-28 20:23:48,259 - Flask - INFO - 来到了测试历史记录页面===================
2018-06-28 20:24:45,315 - Flask - INFO - 来到了主界面===========================
2018-06-28 20:25:04,588 - Flask - INFO - 来到了start_test页面=========================
2018-06-28 20:25:05,993 - Flask - INFO - 来到了测试历史记录页面===================
2018-06-28 20:25:06,538 - Flask - INFO - 来到了主界面===========================
2018-06-28 20:25:12,858 - Flask - INFO - 来到了start_test页面=========================
2018-06-28 20:25:14,013 - Flask - INFO - 来到了测试历史记录页面===================
2018-06-28 20:25:14,634 - Flask - INFO - 来到了主界面===========================
2018-06-28 20:25:21,746 - Flask - INFO - 来到了测试历史记录页面===================
2018-06-28 20:25:22,451 - Flask - INFO - 来到了start_test页面=========================
2018-06-28 20:25:23,931 - Flask - INFO - 来到了主界面===========================
2018-06-28 20:25:41,510 - Flask - INFO - 来到了测试历史记录页面===================
2018-06-28 20:25:42,332 - Flask - INFO - 来到了主界面===========================
2018-06-28 20:25:43,411 - Flask - INFO - 来到了start_test页面=========================
2018-06-28 20:25:46,872 - Flask - INFO - 来到了主界面===========================
2018-06-28 20:25:48,188 - Flask - INFO - 来到了测试历史记录页面===================
2018-06-28 20:25:52,443 - Flask - INFO - 来到了start_test页面=========================
2018-06-28 20:25:53,078 - Flask - INFO - 来到了start_test页面=========================
2018-06-28 20:25:53,684 - Flask - INFO - 来到了start_test页面=========================
2018-06-28 20:25:55,698 - Flask - INFO - 来到了主界面===========================
