2018-06-27 15:59:34,789 - testlog - INFO - 正在获取apilist===============================================
2018-06-27 15:59:34,789 - testlog - INFO - 正在获取apilist===============================================
2018-06-27 15:59:34,891 - testlog - INFO - 已经获取到apilist并返回=========================
2018-06-27 15:59:34,891 - testlog - INFO - 已经获取到apilist并返回=========================
2018-06-27 15:59:34,892 - testlog - INFO - ((1L, u'\u5b66\u5386\u7b80\u7248', u'/data-service/edu/querydet', u'get', u'cid,name', u'7', u'account,cid,name,reqTid', u'cid,name,reqTid,account,sign', u'ds_edu.user_edu_data'), (2L, u'\u5b66\u5386\u7b80\u72482', u'/data-service/edu/querydet', u'get', u'cid,name', u'7', u'account,cid,name,reqTid', u'cid,name,reqTid,account,sign', u'ds_edu.user_edu_data'), (3L, u'test1', u'/data-server/ssw', u'post', u'name,cid', u'1111', u'name,cid,phone', u'name,cid', u'zx_user_history'))
2018-06-27 15:59:34,892 - testlog - INFO - ((1L, u'\u5b66\u5386\u7b80\u7248', u'/data-service/edu/querydet', u'get', u'cid,name', u'7', u'account,cid,name,reqTid', u'cid,name,reqTid,account,sign', u'ds_edu.user_edu_data'), (2L, u'\u5b66\u5386\u7b80\u72482', u'/data-service/edu/querydet', u'get', u'cid,name', u'7', u'account,cid,name,reqTid', u'cid,name,reqTid,account,sign', u'ds_edu.user_edu_data'), (3L, u'test1', u'/data-server/ssw', u'post', u'name,cid', u'1111', u'name,cid,phone', u'name,cid', u'zx_user_history'))
2018-06-27 15:59:35,743 - testlog - INFO - 正在获取apilist===============================================
2018-06-27 15:59:35,743 - testlog - INFO - 正在获取apilist===============================================
2018-06-27 15:59:35,788 - testlog - INFO - 已经获取到apilist并返回=========================
2018-06-27 15:59:35,788 - testlog - INFO - 已经获取到apilist并返回=========================
2018-06-27 15:59:35,788 - testlog - INFO - ((1L, u'\u5b66\u5386\u7b80\u7248', u'/data-service/edu/querydet', u'get', u'cid,name', u'7', u'account,cid,name,reqTid', u'cid,name,reqTid,account,sign', u'ds_edu.user_edu_data'), (2L, u'\u5b66\u5386\u7b80\u72482', u'/data-service/edu/querydet', u'get', u'cid,name', u'7', u'account,cid,name,reqTid', u'cid,name,reqTid,account,sign', u'ds_edu.user_edu_data'), (3L, u'test1', u'/data-server/ssw', u'post', u'name,cid', u'1111', u'name,cid,phone', u'name,cid', u'zx_user_history'))
2018-06-27 15:59:35,788 - testlog - INFO - ((1L, u'\u5b66\u5386\u7b80\u7248', u'/data-service/edu/querydet', u'get', u'cid,name', u'7', u'account,cid,name,reqTid', u'cid,name,reqTid,account,sign', u'ds_edu.user_edu_data'), (2L, u'\u5b66\u5386\u7b80\u72482', u'/data-service/edu/querydet', u'get', u'cid,name', u'7', u'account,cid,name,reqTid', u'cid,name,reqTid,account,sign', u'ds_edu.user_edu_data'), (3L, u'test1', u'/data-server/ssw', u'post', u'name,cid', u'1111', u'name,cid,phone', u'name,cid', u'zx_user_history'))
2018-06-27 15:59:51,186 - testlog - INFO - 正在初始化当前测试用例
2018-06-27 15:59:51,186 - testlog - INFO - 正在初始化当前测试用例
2018-06-27 15:59:51,186 - testlog - INFO - {'account': 'apisunsuwei', 'reqId': '1234', 'reqTid': '1234'}
2018-06-27 15:59:51,186 - testlog - INFO - {'account': 'apisunsuwei', 'reqId': '1234', 'reqTid': '1234'}
2018-06-27 15:59:51,186 - testlog - INFO - 正在执行的是第1个接口:学历简版，查询缓存
2018-06-27 15:59:51,186 - testlog - INFO - 正在执行的是第1个接口:学历简版，查询缓存
2018-06-27 15:59:51,186 - testlog - INFO - 正在从数据库中获取数据.......
2018-06-27 15:59:51,186 - testlog - INFO - 正在从数据库中获取数据.......
2018-06-27 15:59:51,217 - testlog - INFO - 正在从ds_edu.user_edu_data获取数据......
2018-06-27 15:59:51,217 - testlog - INFO - 正在从ds_edu.user_edu_data获取数据......
2018-06-27 15:59:51,223 - testlog - INFO - 正在使用idt排序查询
2018-06-27 15:59:51,223 - testlog - INFO - 正在使用idt排序查询
2018-06-27 15:59:51,246 - testlog - INFO - 正在初始化当前测试用例
2018-06-27 15:59:51,246 - testlog - INFO - 正在初始化当前测试用例
2018-06-27 15:59:51,247 - testlog - INFO - {'account': 'apisunsuwei', 'reqId': '1234', 'reqTid': '1234'}
2018-06-27 15:59:51,247 - testlog - INFO - {'account': 'apisunsuwei', 'reqId': '1234', 'reqTid': '1234'}
2018-06-27 15:59:51,247 - testlog - INFO - 正在执行的是第2个接口:学历简版2，查询缓存
2018-06-27 15:59:51,247 - testlog - INFO - 正在执行的是第2个接口:学历简版2，查询缓存
2018-06-27 15:59:51,247 - testlog - INFO - 正在从数据库中获取数据.......
2018-06-27 15:59:51,247 - testlog - INFO - 正在从数据库中获取数据.......
2018-06-27 15:59:51,278 - testlog - INFO - 正在从ds_edu.user_edu_data获取数据......
2018-06-27 15:59:51,278 - testlog - INFO - 正在从ds_edu.user_edu_data获取数据......
2018-06-27 15:59:51,283 - testlog - INFO - 正在使用idt排序查询
2018-06-27 15:59:51,283 - testlog - INFO - 正在使用idt排序查询
2018-06-27 15:59:51,293 - testlog - INFO - 正在初始化当前测试用例
2018-06-27 15:59:51,293 - testlog - INFO - 正在初始化当前测试用例
2018-06-27 15:59:51,293 - testlog - INFO - {'account': 'apisunsuwei', 'reqId': '1234', 'reqTid': '1234'}
2018-06-27 15:59:51,293 - testlog - INFO - {'account': 'apisunsuwei', 'reqId': '1234', 'reqTid': '1234'}
2018-06-27 15:59:51,293 - testlog - INFO - 正在执行的是第3个接口:test1，查询缓存
2018-06-27 15:59:51,293 - testlog - INFO - 正在执行的是第3个接口:test1，查询缓存
2018-06-27 15:59:51,293 - testlog - INFO - 正在从数据库中获取数据.......
2018-06-27 15:59:51,293 - testlog - INFO - 正在从数据库中获取数据.......
