2018-07-10 14:26:32,513 - Method_Log - INFO - 正在获取apilist===============================================
2018-07-10 14:26:32,558 - Method_Log - INFO - 已经获取到apilist并返回=========================
2018-07-10 14:26:37,211 - Flask - INFO - 进入get_url
2018-07-10 14:26:37,276 - Flask - INFO - url：test1/test
2018-07-10 14:26:37,276 - Flask - INFO - {'res_data': None, 'url_name': u'test2', 'req_form': u'name=&cid=', 'req_blob': '"{\\r\\n    \\"resCode\\": \\"2031\\",\\r\\n    \\"resMsg\\": \\"\\u9a8c\\u8bc1\\u5931\\u8d25\\",\\r\\n    \\"tid\\": \\"1035010815312032504148536\\",\\r\\n    \\"reqTid\\": \\"1234\\",\\r\\n    \\"sign\\": \\"7BBE1833582BC6D457497F8353A74B09\\"\\r\\n}"', 'url': u'test1/test', 'method': u'get', 'req_data': u'name=\u5b59\u901f\u4f1f'}
2018-07-10 14:26:37,276 - Flask - INFO - test1/test
2018-07-10 14:26:37,276 - Flask - INFO - url和path相同
2018-07-10 14:26:37,276 - Flask - INFO - [u'name=\u5b59\u901f\u4f1f']
2018-07-10 14:26:37,278 - Flask - INFO - ['"{\\r\\n    \\"resCode\\": \\"2031\\",\\r\\n    \\"resMsg\\": \\"\\u9a8c\\u8bc1\\u5931\\u8d25\\",\\r\\n    \\"tid\\": \\"1035010815312032504148536\\",\\r\\n    \\"reqTid\\": \\"1234\\",\\r\\n    \\"sign\\": \\"7BBE1833582BC6D457497F8353A74B09\\"\\r\\n}"']
2018-07-10 14:26:37,278 - Flask - INFO - method==GET
2018-07-10 14:26:37,278 - Flask - INFO - 获取请求参数:孙速伟
2018-07-10 14:26:37,278 - Flask - INFO - 获取数据库中存储的请求参数：孙速伟
2018-07-10 14:26:37,278 - Flask - INFO - 在库中找到了相同的参数
2018-07-10 14:26:37,278 - Flask - INFO - {'res_data': None, 'url_name': u'test2', 'req_form': u'name=&cid=', 'req_blob': '"{\\r\\n    \\"resCode\\": \\"2031\\",\\r\\n    \\"resMsg\\": \\"\\u9a8c\\u8bc1\\u5931\\u8d25\\",\\r\\n    \\"tid\\": \\"1035010815312032504148536\\",\\r\\n    \\"reqTid\\": \\"1234\\",\\r\\n    \\"sign\\": \\"7BBE1833582BC6D457497F8353A74B09\\"\\r\\n}"', 'url': u'test1/test', 'method': u'get', 'req_data': u'name=\u5b59\u901f\u4f1f'}
2018-07-10 14:26:37,278 - Flask - INFO - req_data:name=孙速伟
2018-07-10 14:26:37,278 - Flask - INFO - url中请求的参数在库中找到了匹配项
2018-07-10 14:26:46,312 - Flask - INFO - 进入get_url
2018-07-10 14:26:46,358 - Flask - INFO - url：test1/test2
2018-07-10 14:26:46,358 - Flask - INFO - {'res_data': None, 'url_name': u'test2', 'req_form': u'name=&cid=', 'req_blob': '"{\\r\\n    \\"resCode\\": \\"2031\\",\\r\\n    \\"resMsg\\": \\"\\u9a8c\\u8bc1\\u5931\\u8d25\\",\\r\\n    \\"tid\\": \\"1035010815312032504148536\\",\\r\\n    \\"reqTid\\": \\"1234\\",\\r\\n    \\"sign\\": \\"7BBE1833582BC6D457497F8353A74B09\\"\\r\\n}"', 'url': u'test1/test', 'method': u'get', 'req_data': u'name=\u5b59\u901f\u4f1f'}
2018-07-10 14:26:46,358 - Flask - INFO - test1/test
2018-07-10 14:26:46,358 - Flask - INFO - 1
2018-07-10 14:26:46,358 - Flask - INFO - {'res_data': None, 'url_name': u'test1', 'req_form': u'name=&cid=', 'req_blob': '"{\\r\\n    \\"resCode\\": \\"2031\\",\\r\\n    \\"resMsg\\": \\"\\u9a8c\\u8bc1\\u5931\\u8d25\\",\\r\\n    \\"tid\\": \\"1035010815312032504148536\\",\\r\\n    \\"reqTid\\": \\"1234\\",\\r\\n    \\"sign\\": \\"7BBE1833582BC6D457497F8353A74B09\\"\\r\\n}"', 'url': u'test1/test2', 'method': u'get', 'req_data': u'name=\u5b59\u901f\u4f1f'}
2018-07-10 14:26:46,358 - Flask - INFO - test1/test2
2018-07-10 14:26:46,358 - Flask - INFO - url和path相同
2018-07-10 14:26:46,358 - Flask - INFO - [u'name=\u5b59\u901f\u4f1f']
2018-07-10 14:26:46,358 - Flask - INFO - ['"{\\r\\n    \\"resCode\\": \\"2031\\",\\r\\n    \\"resMsg\\": \\"\\u9a8c\\u8bc1\\u5931\\u8d25\\",\\r\\n    \\"tid\\": \\"1035010815312032504148536\\",\\r\\n    \\"reqTid\\": \\"1234\\",\\r\\n    \\"sign\\": \\"7BBE1833582BC6D457497F8353A74B09\\"\\r\\n}"']
2018-07-10 14:26:46,358 - Flask - INFO - method==GET
2018-07-10 14:26:46,359 - Flask - INFO - 获取请求参数:孙速伟
2018-07-10 14:26:46,359 - Flask - INFO - 获取数据库中存储的请求参数：孙速伟
2018-07-10 14:26:46,359 - Flask - INFO - 在库中找到了相同的参数
2018-07-10 14:26:46,359 - Flask - INFO - {'res_data': None, 'url_name': u'test2', 'req_form': u'name=&cid=', 'req_blob': '"{\\r\\n    \\"resCode\\": \\"2031\\",\\r\\n    \\"resMsg\\": \\"\\u9a8c\\u8bc1\\u5931\\u8d25\\",\\r\\n    \\"tid\\": \\"1035010815312032504148536\\",\\r\\n    \\"reqTid\\": \\"1234\\",\\r\\n    \\"sign\\": \\"7BBE1833582BC6D457497F8353A74B09\\"\\r\\n}"', 'url': u'test1/test', 'method': u'get', 'req_data': u'name=\u5b59\u901f\u4f1f'}
2018-07-10 14:26:46,361 - Flask - INFO - req_data:name=孙速伟
2018-07-10 14:26:46,361 - Flask - INFO - url中请求的参数在库中找到了匹配项
2018-07-10 14:27:22,634 - Flask - INFO - 进入get_url
2018-07-10 14:27:22,677 - Flask - INFO - url：test1/test2
2018-07-10 14:27:22,677 - Flask - INFO - {'res_data': None, 'url_name': u'test2', 'req_form': u'name=&cid=', 'req_blob': '"{\\r\\n    \\"resCode\\": \\"2031\\",\\r\\n    \\"resMsg\\": \\"\\u9a8c\\u8bc1\\u5931\\u8d25\\",\\r\\n    \\"tid\\": \\"1035010815312032504148536\\",\\r\\n    \\"reqTid\\": \\"1234\\",\\r\\n    \\"sign\\": \\"7BBE1833582BC6D457497F8353A74B09\\"\\r\\n}"', 'url': u'test1/test', 'method': u'get', 'req_data': u'name=\u5b59\u901f\u4f1f'}
2018-07-10 14:27:22,677 - Flask - INFO - test1/test
2018-07-10 14:27:22,677 - Flask - INFO - 1
2018-07-10 14:27:22,677 - Flask - INFO - {'res_data': None, 'url_name': u'test1', 'req_form': u'name=&cid=', 'req_blob': '"{\\r\\n    \\"resCode\\": \\"2031\\",\\r\\n    \\"resMsg\\": \\"\\u9a8c\\u8bc1\\u5931\\u8d25\\",\\r\\n    \\"tid\\": \\"1035010815312032504148536\\",\\r\\n    \\"reqTid\\": \\"1234\\",\\r\\n    \\"sign\\": \\"7BBE1833582BC6D457497F8353A74B09\\"\\r\\n}"', 'url': u'test1/test2', 'method': u'get', 'req_data': u'name=\u5b59\u901f\u4f1f'}
2018-07-10 14:27:22,677 - Flask - INFO - test1/test2
2018-07-10 14:27:22,677 - Flask - INFO - url和path相同
2018-07-10 14:27:22,677 - Flask - INFO - [u'name=\u5b59\u901f\u4f1f']
2018-07-10 14:27:22,677 - Flask - INFO - ['"{\\r\\n    \\"resCode\\": \\"2031\\",\\r\\n    \\"resMsg\\": \\"\\u9a8c\\u8bc1\\u5931\\u8d25\\",\\r\\n    \\"tid\\": \\"1035010815312032504148536\\",\\r\\n    \\"reqTid\\": \\"1234\\",\\r\\n    \\"sign\\": \\"7BBE1833582BC6D457497F8353A74B09\\"\\r\\n}"']
2018-07-10 14:27:22,677 - Flask - INFO - method==GET
2018-07-10 14:27:22,678 - Flask - INFO - 获取请求参数:孙速伟
2018-07-10 14:27:22,678 - Flask - INFO - 获取数据库中存储的请求参数：孙速伟
2018-07-10 14:27:22,678 - Flask - INFO - 在库中找到了相同的参数
2018-07-10 14:27:22,678 - Flask - INFO - {'res_data': None, 'url_name': u'test2', 'req_form': u'name=&cid=', 'req_blob': '"{\\r\\n    \\"resCode\\": \\"2031\\",\\r\\n    \\"resMsg\\": \\"\\u9a8c\\u8bc1\\u5931\\u8d25\\",\\r\\n    \\"tid\\": \\"1035010815312032504148536\\",\\r\\n    \\"reqTid\\": \\"1234\\",\\r\\n    \\"sign\\": \\"7BBE1833582BC6D457497F8353A74B09\\"\\r\\n}"', 'url': u'test1/test', 'method': u'get', 'req_data': u'name=\u5b59\u901f\u4f1f'}
2018-07-10 14:27:22,678 - Flask - INFO - req_data:name=孙速伟
2018-07-10 14:27:22,678 - Flask - INFO - url中请求的参数在库中找到了匹配项
