2018-07-02 13:22:07,262 - Method_Log - INFO - 正在获取apilist===============================================
2018-07-02 13:22:07,341 - Method_Log - INFO - 已经获取到apilist并返回=========================
2018-07-02 13:22:07,342 - testlog - INFO - ((1L, u'\u5b66\u5386\u7b80\u7248', u'/data-service/edu/querydet', u'get', u'cid,name', u'7', u'account,cid,name,reqTid', u'cid,name,reqTid,account,sign', u'ds_edu.user_edu_data'), (2L, u'\u5b66\u5386\u7b80\u72482', u'/data-service/edu/querydet', u'get', u'cid,name', u'7', u'account,cid,name,reqTid', u'cid,name,reqTid,account,sign', u'ds_edu.user_edu_data'), (4L, u'\u5b66\u5386\u7b80\u72483', u'/data-service/edu/querydet', u'get', u'cid,name', u'7', u'account,cid,name,reqTid', u'cid,name,reqTid,account,sign', u'ds_edu.user_edu_data'), (5L, u'\u5b66\u5386\u7b80\u72482', u'/data-service/edu/querydet', u'get', u'cid,name', u'7', u'account,cid,name,reqTid', u'cid,name,reqTid,account,sign', u'ds_edu.user_edu_data'), (6L, u'\u5b66\u5386\u7b80\u72482', u'/data-service/edu/querydet', u'get', u'cid,name', u'7', u'account,cid,name,reqTid', u'cid,name,reqTid,account,sign', u'ds_edu.user_edu_data'), (7L, u'\u5b66\u5386\u7b80\u72482', u'/data-service/edu/querydet', u'get', u'cid,name', u'7', u'account,cid,name,reqTid', u'cid,name,reqTid,account,sign', u'ds_edu.user_edu_data'), (8L, u'\u5b66\u5386\u7b80\u72482', u'/data-service/edu/querydet', u'get', u'cid,name', u'7', u'account,cid,name,reqTid', u'cid,name,reqTid,account,sign', u'ds_edu.user_edu_data'), (9L, u'\u5b66\u5386\u7b80\u72482', u'/data-service/edu/querydet', u'get', u'cid,name', u'7', u'account,cid,name,reqTid', u'cid,name,reqTid,account,sign', u'ds_edu.user_edu_data'), (10L, u'\u5b66\u5386\u7b80\u72482', u'/data-service/edu/querydet', u'get', u'cid,name', u'7', u'account,cid,name,reqTid', u'cid,name,reqTid,account,sign', u'ds_edu.user_edu_data'), (11L, u'\u5b66\u5386\u7b80\u72482', u'/data-service/edu/querydet', u'get', u'cid,name', u'7', u'account,cid,name,reqTid', u'cid,name,reqTid,account,sign', u'ds_edu.user_edu_data'), (12L, u'\u5b66\u5386\u7b80\u72482', u'/data-service/edu/querydet', u'get', u'cid,name', u'7', u'account,cid,name,reqTid', u'cid,name,reqTid,account,sign', u'ds_edu.user_edu_data'), (13L, u'\u5b66\u5386\u7b80\u72482', u'/data-service/edu/querydet', u'get', u'cid,name', u'7', u'account,cid,name,reqTid', u'cid,name,reqTid,account,sign', u'ds_edu.user_edu_data'), (14L, u'\u8fd0\u8425\u5546\u4e8c\u6b21\u653e\u53f7', u'/data-service/telecom/rephonenum', u'get', u'name,cid,mobile', u'456', u'mobile,reqTid,account', u'name,cid,mobile', u'ds_mobile.test'))
2018-07-02 13:22:08,334 - Method_Log - INFO - 正在获取apilist===============================================
2018-07-02 13:22:08,415 - Method_Log - INFO - 已经获取到apilist并返回=========================
2018-07-02 13:22:08,417 - testlog - INFO - ((1L, u'\u5b66\u5386\u7b80\u7248', u'/data-service/edu/querydet', u'get', u'cid,name', u'7', u'account,cid,name,reqTid', u'cid,name,reqTid,account,sign', u'ds_edu.user_edu_data'), (2L, u'\u5b66\u5386\u7b80\u72482', u'/data-service/edu/querydet', u'get', u'cid,name', u'7', u'account,cid,name,reqTid', u'cid,name,reqTid,account,sign', u'ds_edu.user_edu_data'), (4L, u'\u5b66\u5386\u7b80\u72483', u'/data-service/edu/querydet', u'get', u'cid,name', u'7', u'account,cid,name,reqTid', u'cid,name,reqTid,account,sign', u'ds_edu.user_edu_data'), (5L, u'\u5b66\u5386\u7b80\u72482', u'/data-service/edu/querydet', u'get', u'cid,name', u'7', u'account,cid,name,reqTid', u'cid,name,reqTid,account,sign', u'ds_edu.user_edu_data'), (6L, u'\u5b66\u5386\u7b80\u72482', u'/data-service/edu/querydet', u'get', u'cid,name', u'7', u'account,cid,name,reqTid', u'cid,name,reqTid,account,sign', u'ds_edu.user_edu_data'), (7L, u'\u5b66\u5386\u7b80\u72482', u'/data-service/edu/querydet', u'get', u'cid,name', u'7', u'account,cid,name,reqTid', u'cid,name,reqTid,account,sign', u'ds_edu.user_edu_data'), (8L, u'\u5b66\u5386\u7b80\u72482', u'/data-service/edu/querydet', u'get', u'cid,name', u'7', u'account,cid,name,reqTid', u'cid,name,reqTid,account,sign', u'ds_edu.user_edu_data'), (9L, u'\u5b66\u5386\u7b80\u72482', u'/data-service/edu/querydet', u'get', u'cid,name', u'7', u'account,cid,name,reqTid', u'cid,name,reqTid,account,sign', u'ds_edu.user_edu_data'), (10L, u'\u5b66\u5386\u7b80\u72482', u'/data-service/edu/querydet', u'get', u'cid,name', u'7', u'account,cid,name,reqTid', u'cid,name,reqTid,account,sign', u'ds_edu.user_edu_data'), (11L, u'\u5b66\u5386\u7b80\u72482', u'/data-service/edu/querydet', u'get', u'cid,name', u'7', u'account,cid,name,reqTid', u'cid,name,reqTid,account,sign', u'ds_edu.user_edu_data'), (12L, u'\u5b66\u5386\u7b80\u72482', u'/data-service/edu/querydet', u'get', u'cid,name', u'7', u'account,cid,name,reqTid', u'cid,name,reqTid,account,sign', u'ds_edu.user_edu_data'), (13L, u'\u5b66\u5386\u7b80\u72482', u'/data-service/edu/querydet', u'get', u'cid,name', u'7', u'account,cid,name,reqTid', u'cid,name,reqTid,account,sign', u'ds_edu.user_edu_data'), (14L, u'\u8fd0\u8425\u5546\u4e8c\u6b21\u653e\u53f7', u'/data-service/telecom/rephonenum', u'get', u'name,cid,mobile', u'456', u'mobile,reqTid,account', u'name,cid,mobile', u'ds_mobile.test'))
2018-07-02 13:22:13,378 - Flask - INFO - 来到了主界面===========================
2018-07-02 13:22:14,913 - Flask - INFO - 来到了测试历史记录页面===================
2018-07-02 13:22:15,625 - Flask - INFO - 来到了start_test页面=========================
2018-07-02 13:22:15,625 - Flask - INFO - 获取到的select_value为：None
2018-07-02 13:22:15,625 - Flask - INFO - 当前展示第1页数据
2018-07-02 13:22:15,661 - Flask - INFO - 总共有13个api
2018-07-02 13:22:15,661 - Flask - INFO - (0.30000000000000004, 1.0)
2018-07-02 13:22:15,661 - Flask - INFO - ================当前的页数为1=========
2018-07-02 13:22:15,661 - Flask - INFO - ===============应分为2页=============
2018-07-02 13:22:15,668 - Flask - INFO - [{'url': u'/data-service/edu/querydet', 'url_name': u'\u5b66\u5386\u7b80\u7248', 'id': 1L}, {'url': u'/data-service/edu/querydet', 'url_name': u'\u5b66\u5386\u7b80\u72482', 'id': 2L}, {'url': u'/data-service/edu/querydet', 'url_name': u'\u5b66\u5386\u7b80\u72483', 'id': 4L}, {'url': u'/data-service/edu/querydet', 'url_name': u'\u5b66\u5386\u7b80\u72482', 'id': 5L}, {'url': u'/data-service/edu/querydet', 'url_name': u'\u5b66\u5386\u7b80\u72482', 'id': 6L}, {'url': u'/data-service/edu/querydet', 'url_name': u'\u5b66\u5386\u7b80\u72482', 'id': 7L}, {'url': u'/data-service/edu/querydet', 'url_name': u'\u5b66\u5386\u7b80\u72482', 'id': 8L}, {'url': u'/data-service/edu/querydet', 'url_name': u'\u5b66\u5386\u7b80\u72482', 'id': 9L}, {'url': u'/data-service/edu/querydet', 'url_name': u'\u5b66\u5386\u7b80\u72482', 'id': 10L}, {'url': u'/data-service/edu/querydet', 'url_name': u'\u5b66\u5386\u7b80\u72482', 'id': 11L}]
2018-07-02 13:22:16,384 - Flask - INFO - 来到了添加新接口界面=========================
2018-07-02 13:22:18,405 - Flask - INFO - 来到了主界面===========================
2018-07-02 13:22:53,915 - Method_Log - INFO - 正在获取apilist===============================================
2018-07-02 13:22:53,971 - Method_Log - INFO - 已经获取到apilist并返回=========================
2018-07-02 13:22:53,971 - testlog - INFO - ((1L, u'\u5b66\u5386\u7b80\u7248', u'/data-service/edu/querydet', u'get', u'cid,name', u'7', u'account,cid,name,reqTid', u'cid,name,reqTid,account,sign', u'ds_edu.user_edu_data'), (2L, u'\u5b66\u5386\u7b80\u72482', u'/data-service/edu/querydet', u'get', u'cid,name', u'7', u'account,cid,name,reqTid', u'cid,name,reqTid,account,sign', u'ds_edu.user_edu_data'), (4L, u'\u5b66\u5386\u7b80\u72483', u'/data-service/edu/querydet', u'get', u'cid,name', u'7', u'account,cid,name,reqTid', u'cid,name,reqTid,account,sign', u'ds_edu.user_edu_data'), (5L, u'\u5b66\u5386\u7b80\u72482', u'/data-service/edu/querydet', u'get', u'cid,name', u'7', u'account,cid,name,reqTid', u'cid,name,reqTid,account,sign', u'ds_edu.user_edu_data'), (6L, u'\u5b66\u5386\u7b80\u72482', u'/data-service/edu/querydet', u'get', u'cid,name', u'7', u'account,cid,name,reqTid', u'cid,name,reqTid,account,sign', u'ds_edu.user_edu_data'), (7L, u'\u5b66\u5386\u7b80\u72482', u'/data-service/edu/querydet', u'get', u'cid,name', u'7', u'account,cid,name,reqTid', u'cid,name,reqTid,account,sign', u'ds_edu.user_edu_data'), (8L, u'\u5b66\u5386\u7b80\u72482', u'/data-service/edu/querydet', u'get', u'cid,name', u'7', u'account,cid,name,reqTid', u'cid,name,reqTid,account,sign', u'ds_edu.user_edu_data'), (9L, u'\u5b66\u5386\u7b80\u72482', u'/data-service/edu/querydet', u'get', u'cid,name', u'7', u'account,cid,name,reqTid', u'cid,name,reqTid,account,sign', u'ds_edu.user_edu_data'), (10L, u'\u5b66\u5386\u7b80\u72482', u'/data-service/edu/querydet', u'get', u'cid,name', u'7', u'account,cid,name,reqTid', u'cid,name,reqTid,account,sign', u'ds_edu.user_edu_data'), (11L, u'\u5b66\u5386\u7b80\u72482', u'/data-service/edu/querydet', u'get', u'cid,name', u'7', u'account,cid,name,reqTid', u'cid,name,reqTid,account,sign', u'ds_edu.user_edu_data'), (12L, u'\u5b66\u5386\u7b80\u72482', u'/data-service/edu/querydet', u'get', u'cid,name', u'7', u'account,cid,name,reqTid', u'cid,name,reqTid,account,sign', u'ds_edu.user_edu_data'), (13L, u'\u5b66\u5386\u7b80\u72482', u'/data-service/edu/querydet', u'get', u'cid,name', u'7', u'account,cid,name,reqTid', u'cid,name,reqTid,account,sign', u'ds_edu.user_edu_data'), (14L, u'\u8fd0\u8425\u5546\u4e8c\u6b21\u653e\u53f7', u'/data-service/telecom/rephonenum', u'get', u'name,cid,mobile', u'456', u'mobile,reqTid,account', u'name,cid,mobile', u'ds_mobile.test'))
2018-07-02 13:23:08,469 - Flask - INFO - 来到了测试历史记录页面===================
2018-07-02 13:23:09,173 - Flask - INFO - 来到了start_test页面=========================
2018-07-02 13:23:09,173 - Flask - INFO - 获取到的select_value为：None
2018-07-02 13:23:09,173 - Flask - INFO - 当前展示第1页数据
2018-07-02 13:23:09,217 - Flask - INFO - 总共有13个api
2018-07-02 13:23:09,217 - Flask - INFO - (0.30000000000000004, 1.0)
2018-07-02 13:23:09,217 - Flask - INFO - ================当前的页数为1=========
2018-07-02 13:23:09,217 - Flask - INFO - ===============应分为2页=============
2018-07-02 13:23:09,229 - Flask - INFO - [{'url': u'/data-service/edu/querydet', 'url_name': u'\u5b66\u5386\u7b80\u7248', 'id': 1L}, {'url': u'/data-service/edu/querydet', 'url_name': u'\u5b66\u5386\u7b80\u72482', 'id': 2L}, {'url': u'/data-service/edu/querydet', 'url_name': u'\u5b66\u5386\u7b80\u72483', 'id': 4L}, {'url': u'/data-service/edu/querydet', 'url_name': u'\u5b66\u5386\u7b80\u72482', 'id': 5L}, {'url': u'/data-service/edu/querydet', 'url_name': u'\u5b66\u5386\u7b80\u72482', 'id': 6L}, {'url': u'/data-service/edu/querydet', 'url_name': u'\u5b66\u5386\u7b80\u72482', 'id': 7L}, {'url': u'/data-service/edu/querydet', 'url_name': u'\u5b66\u5386\u7b80\u72482', 'id': 8L}, {'url': u'/data-service/edu/querydet', 'url_name': u'\u5b66\u5386\u7b80\u72482', 'id': 9L}, {'url': u'/data-service/edu/querydet', 'url_name': u'\u5b66\u5386\u7b80\u72482', 'id': 10L}, {'url': u'/data-service/edu/querydet', 'url_name': u'\u5b66\u5386\u7b80\u72482', 'id': 11L}]
2018-07-02 13:23:11,819 - Flask - INFO - 来到了添加新接口界面=========================
2018-07-02 13:23:33,055 - Flask - INFO - 来到了start_test页面=========================
2018-07-02 13:23:33,055 - Flask - INFO - 获取到的select_value为：None
2018-07-02 13:23:33,055 - Flask - INFO - 当前展示第1页数据
2018-07-02 13:23:33,114 - Flask - INFO - 总共有13个api
2018-07-02 13:23:33,114 - Flask - INFO - (0.30000000000000004, 1.0)
2018-07-02 13:23:33,114 - Flask - INFO - ================当前的页数为1=========
2018-07-02 13:23:33,114 - Flask - INFO - ===============应分为2页=============
2018-07-02 13:23:33,128 - Flask - INFO - [{'url': u'/data-service/edu/querydet', 'url_name': u'\u5b66\u5386\u7b80\u7248', 'id': 1L}, {'url': u'/data-service/edu/querydet', 'url_name': u'\u5b66\u5386\u7b80\u72482', 'id': 2L}, {'url': u'/data-service/edu/querydet', 'url_name': u'\u5b66\u5386\u7b80\u72483', 'id': 4L}, {'url': u'/data-service/edu/querydet', 'url_name': u'\u5b66\u5386\u7b80\u72482', 'id': 5L}, {'url': u'/data-service/edu/querydet', 'url_name': u'\u5b66\u5386\u7b80\u72482', 'id': 6L}, {'url': u'/data-service/edu/querydet', 'url_name': u'\u5b66\u5386\u7b80\u72482', 'id': 7L}, {'url': u'/data-service/edu/querydet', 'url_name': u'\u5b66\u5386\u7b80\u72482', 'id': 8L}, {'url': u'/data-service/edu/querydet', 'url_name': u'\u5b66\u5386\u7b80\u72482', 'id': 9L}, {'url': u'/data-service/edu/querydet', 'url_name': u'\u5b66\u5386\u7b80\u72482', 'id': 10L}, {'url': u'/data-service/edu/querydet', 'url_name': u'\u5b66\u5386\u7b80\u72482', 'id': 11L}]
2018-07-02 13:23:33,690 - Flask - INFO - 来到了start_test页面=========================
2018-07-02 13:23:33,690 - Flask - INFO - 获取到的select_value为：None
2018-07-02 13:23:33,690 - Flask - INFO - 当前展示第1页数据
2018-07-02 13:23:33,729 - Flask - INFO - 总共有13个api
2018-07-02 13:23:33,730 - Flask - INFO - (0.30000000000000004, 1.0)
2018-07-02 13:23:33,730 - Flask - INFO - ================当前的页数为1=========
2018-07-02 13:23:33,730 - Flask - INFO - ===============应分为2页=============
2018-07-02 13:23:33,740 - Flask - INFO - [{'url': u'/data-service/edu/querydet', 'url_name': u'\u5b66\u5386\u7b80\u7248', 'id': 1L}, {'url': u'/data-service/edu/querydet', 'url_name': u'\u5b66\u5386\u7b80\u72482', 'id': 2L}, {'url': u'/data-service/edu/querydet', 'url_name': u'\u5b66\u5386\u7b80\u72483', 'id': 4L}, {'url': u'/data-service/edu/querydet', 'url_name': u'\u5b66\u5386\u7b80\u72482', 'id': 5L}, {'url': u'/data-service/edu/querydet', 'url_name': u'\u5b66\u5386\u7b80\u72482', 'id': 6L}, {'url': u'/data-service/edu/querydet', 'url_name': u'\u5b66\u5386\u7b80\u72482', 'id': 7L}, {'url': u'/data-service/edu/querydet', 'url_name': u'\u5b66\u5386\u7b80\u72482', 'id': 8L}, {'url': u'/data-service/edu/querydet', 'url_name': u'\u5b66\u5386\u7b80\u72482', 'id': 9L}, {'url': u'/data-service/edu/querydet', 'url_name': u'\u5b66\u5386\u7b80\u72482', 'id': 10L}, {'url': u'/data-service/edu/querydet', 'url_name': u'\u5b66\u5386\u7b80\u72482', 'id': 11L}]
2018-07-02 13:24:52,730 - Flask - INFO - 来到了start_test页面=========================
2018-07-02 13:24:52,730 - Flask - INFO - 获取到的select_value为：None
2018-07-02 13:24:52,732 - Flask - INFO - 当前展示第1页数据
2018-07-02 13:24:52,776 - Flask - INFO - 总共有13个api
2018-07-02 13:24:52,776 - Flask - INFO - (0.30000000000000004, 1.0)
2018-07-02 13:24:52,778 - Flask - INFO - ================当前的页数为1=========
2018-07-02 13:24:52,778 - Flask - INFO - ===============应分为2页=============
2018-07-02 13:24:52,786 - Flask - INFO - [{'url': u'/data-service/edu/querydet', 'url_name': u'\u5b66\u5386\u7b80\u7248', 'id': 1L}, {'url': u'/data-service/edu/querydet', 'url_name': u'\u5b66\u5386\u7b80\u72482', 'id': 2L}, {'url': u'/data-service/edu/querydet', 'url_name': u'\u5b66\u5386\u7b80\u72483', 'id': 4L}, {'url': u'/data-service/edu/querydet', 'url_name': u'\u5b66\u5386\u7b80\u72482', 'id': 5L}, {'url': u'/data-service/edu/querydet', 'url_name': u'\u5b66\u5386\u7b80\u72482', 'id': 6L}, {'url': u'/data-service/edu/querydet', 'url_name': u'\u5b66\u5386\u7b80\u72482', 'id': 7L}, {'url': u'/data-service/edu/querydet', 'url_name': u'\u5b66\u5386\u7b80\u72482', 'id': 8L}, {'url': u'/data-service/edu/querydet', 'url_name': u'\u5b66\u5386\u7b80\u72482', 'id': 9L}, {'url': u'/data-service/edu/querydet', 'url_name': u'\u5b66\u5386\u7b80\u72482', 'id': 10L}, {'url': u'/data-service/edu/querydet', 'url_name': u'\u5b66\u5386\u7b80\u72482', 'id': 11L}]
2018-07-02 13:25:09,957 - Flask - INFO - 来到了start_test页面=========================
2018-07-02 13:25:09,957 - Flask - INFO - 获取到的select_value为：None
2018-07-02 13:25:09,957 - Flask - INFO - 当前展示第1页数据
2018-07-02 13:25:10,009 - Flask - INFO - 总共有13个api
2018-07-02 13:25:10,009 - Flask - INFO - (0.30000000000000004, 1.0)
2018-07-02 13:25:10,009 - Flask - INFO - ================当前的页数为1=========
2018-07-02 13:25:10,009 - Flask - INFO - ===============应分为2页=============
2018-07-02 13:25:10,019 - Flask - INFO - [{'url': u'/data-service/edu/querydet', 'url_name': u'\u5b66\u5386\u7b80\u7248', 'id': 1L}, {'url': u'/data-service/edu/querydet', 'url_name': u'\u5b66\u5386\u7b80\u72482', 'id': 2L}, {'url': u'/data-service/edu/querydet', 'url_name': u'\u5b66\u5386\u7b80\u72483', 'id': 4L}, {'url': u'/data-service/edu/querydet', 'url_name': u'\u5b66\u5386\u7b80\u72482', 'id': 5L}, {'url': u'/data-service/edu/querydet', 'url_name': u'\u5b66\u5386\u7b80\u72482', 'id': 6L}, {'url': u'/data-service/edu/querydet', 'url_name': u'\u5b66\u5386\u7b80\u72482', 'id': 7L}, {'url': u'/data-service/edu/querydet', 'url_name': u'\u5b66\u5386\u7b80\u72482', 'id': 8L}, {'url': u'/data-service/edu/querydet', 'url_name': u'\u5b66\u5386\u7b80\u72482', 'id': 9L}, {'url': u'/data-service/edu/querydet', 'url_name': u'\u5b66\u5386\u7b80\u72482', 'id': 10L}, {'url': u'/data-service/edu/querydet', 'url_name': u'\u5b66\u5386\u7b80\u72482', 'id': 11L}]
2018-07-02 13:25:42,272 - Flask - INFO - 来到了start_test页面=========================
2018-07-02 13:25:42,272 - Flask - INFO - 获取到的select_value为：None
2018-07-02 13:25:42,272 - Flask - INFO - 当前展示第1页数据
2018-07-02 13:25:42,331 - Flask - INFO - 总共有13个api
2018-07-02 13:25:42,331 - Flask - INFO - (0.30000000000000004, 1.0)
2018-07-02 13:25:42,332 - Flask - INFO - ================当前的页数为1=========
2018-07-02 13:25:42,332 - Flask - INFO - ===============应分为2页=============
2018-07-02 13:25:42,339 - Flask - INFO - [{'url': u'/data-service/edu/querydet', 'url_name': u'\u5b66\u5386\u7b80\u7248', 'id': 1L}, {'url': u'/data-service/edu/querydet', 'url_name': u'\u5b66\u5386\u7b80\u72482', 'id': 2L}, {'url': u'/data-service/edu/querydet', 'url_name': u'\u5b66\u5386\u7b80\u72483', 'id': 4L}, {'url': u'/data-service/edu/querydet', 'url_name': u'\u5b66\u5386\u7b80\u72482', 'id': 5L}, {'url': u'/data-service/edu/querydet', 'url_name': u'\u5b66\u5386\u7b80\u72482', 'id': 6L}, {'url': u'/data-service/edu/querydet', 'url_name': u'\u5b66\u5386\u7b80\u72482', 'id': 7L}, {'url': u'/data-service/edu/querydet', 'url_name': u'\u5b66\u5386\u7b80\u72482', 'id': 8L}, {'url': u'/data-service/edu/querydet', 'url_name': u'\u5b66\u5386\u7b80\u72482', 'id': 9L}, {'url': u'/data-service/edu/querydet', 'url_name': u'\u5b66\u5386\u7b80\u72482', 'id': 10L}, {'url': u'/data-service/edu/querydet', 'url_name': u'\u5b66\u5386\u7b80\u72482', 'id': 11L}]
2018-07-02 13:25:48,345 - Flask - INFO - 来到了start_test页面=========================
2018-07-02 13:25:48,345 - Flask - INFO - 获取到的select_value为：None
2018-07-02 13:25:48,345 - Flask - INFO - 当前展示第1页数据
2018-07-02 13:25:48,404 - Flask - INFO - 总共有13个api
2018-07-02 13:25:48,405 - Flask - INFO - (0.30000000000000004, 1.0)
2018-07-02 13:25:48,407 - Flask - INFO - ================当前的页数为1=========
2018-07-02 13:25:48,407 - Flask - INFO - ===============应分为2页=============
2018-07-02 13:25:48,415 - Flask - INFO - [{'url': u'/data-service/edu/querydet', 'url_name': u'\u5b66\u5386\u7b80\u7248', 'id': 1L}, {'url': u'/data-service/edu/querydet', 'url_name': u'\u5b66\u5386\u7b80\u72482', 'id': 2L}, {'url': u'/data-service/edu/querydet', 'url_name': u'\u5b66\u5386\u7b80\u72483', 'id': 4L}, {'url': u'/data-service/edu/querydet', 'url_name': u'\u5b66\u5386\u7b80\u72482', 'id': 5L}, {'url': u'/data-service/edu/querydet', 'url_name': u'\u5b66\u5386\u7b80\u72482', 'id': 6L}, {'url': u'/data-service/edu/querydet', 'url_name': u'\u5b66\u5386\u7b80\u72482', 'id': 7L}, {'url': u'/data-service/edu/querydet', 'url_name': u'\u5b66\u5386\u7b80\u72482', 'id': 8L}, {'url': u'/data-service/edu/querydet', 'url_name': u'\u5b66\u5386\u7b80\u72482', 'id': 9L}, {'url': u'/data-service/edu/querydet', 'url_name': u'\u5b66\u5386\u7b80\u72482', 'id': 10L}, {'url': u'/data-service/edu/querydet', 'url_name': u'\u5b66\u5386\u7b80\u72482', 'id': 11L}]
2018-07-02 13:26:10,783 - Flask - INFO - 来到了start_test页面=========================
2018-07-02 13:26:10,785 - Flask - INFO - 获取到的select_value为：None
2018-07-02 13:26:10,785 - Flask - INFO - 当前展示第1页数据
2018-07-02 13:26:10,825 - Flask - INFO - 总共有13个api
2018-07-02 13:26:10,825 - Flask - INFO - (0.30000000000000004, 1.0)
2018-07-02 13:26:10,825 - Flask - INFO - ================当前的页数为1=========
2018-07-02 13:26:10,825 - Flask - INFO - ===============应分为2页=============
2018-07-02 13:26:10,834 - Flask - INFO - [{'url': u'/data-service/edu/querydet', 'url_name': u'\u5b66\u5386\u7b80\u7248', 'id': 1L}, {'url': u'/data-service/edu/querydet', 'url_name': u'\u5b66\u5386\u7b80\u72482', 'id': 2L}, {'url': u'/data-service/edu/querydet', 'url_name': u'\u5b66\u5386\u7b80\u72483', 'id': 4L}, {'url': u'/data-service/edu/querydet', 'url_name': u'\u5b66\u5386\u7b80\u72482', 'id': 5L}, {'url': u'/data-service/edu/querydet', 'url_name': u'\u5b66\u5386\u7b80\u72482', 'id': 6L}, {'url': u'/data-service/edu/querydet', 'url_name': u'\u5b66\u5386\u7b80\u72482', 'id': 7L}, {'url': u'/data-service/edu/querydet', 'url_name': u'\u5b66\u5386\u7b80\u72482', 'id': 8L}, {'url': u'/data-service/edu/querydet', 'url_name': u'\u5b66\u5386\u7b80\u72482', 'id': 9L}, {'url': u'/data-service/edu/querydet', 'url_name': u'\u5b66\u5386\u7b80\u72482', 'id': 10L}, {'url': u'/data-service/edu/querydet', 'url_name': u'\u5b66\u5386\u7b80\u72482', 'id': 11L}]
2018-07-02 13:26:47,677 - Flask - INFO - 来到了start_test页面=========================
2018-07-02 13:26:47,677 - Flask - INFO - 获取到的select_value为：None
2018-07-02 13:26:47,677 - Flask - INFO - 当前展示第1页数据
2018-07-02 13:26:47,726 - Flask - INFO - 总共有13个api
2018-07-02 13:26:47,727 - Flask - INFO - (0.30000000000000004, 1.0)
2018-07-02 13:26:47,727 - Flask - INFO - ================当前的页数为1=========
2018-07-02 13:26:47,727 - Flask - INFO - ===============应分为2页=============
2018-07-02 13:26:47,736 - Flask - INFO - [{'url': u'/data-service/edu/querydet', 'url_name': u'\u5b66\u5386\u7b80\u7248', 'id': 1L}, {'url': u'/data-service/edu/querydet', 'url_name': u'\u5b66\u5386\u7b80\u72482', 'id': 2L}, {'url': u'/data-service/edu/querydet', 'url_name': u'\u5b66\u5386\u7b80\u72483', 'id': 4L}, {'url': u'/data-service/edu/querydet', 'url_name': u'\u5b66\u5386\u7b80\u72482', 'id': 5L}, {'url': u'/data-service/edu/querydet', 'url_name': u'\u5b66\u5386\u7b80\u72482', 'id': 6L}, {'url': u'/data-service/edu/querydet', 'url_name': u'\u5b66\u5386\u7b80\u72482', 'id': 7L}, {'url': u'/data-service/edu/querydet', 'url_name': u'\u5b66\u5386\u7b80\u72482', 'id': 8L}, {'url': u'/data-service/edu/querydet', 'url_name': u'\u5b66\u5386\u7b80\u72482', 'id': 9L}, {'url': u'/data-service/edu/querydet', 'url_name': u'\u5b66\u5386\u7b80\u72482', 'id': 10L}, {'url': u'/data-service/edu/querydet', 'url_name': u'\u5b66\u5386\u7b80\u72482', 'id': 11L}]
2018-07-02 13:27:12,187 - Flask - INFO - 来到了start_test页面=========================
2018-07-02 13:27:12,187 - Flask - INFO - 获取到的select_value为：None
2018-07-02 13:27:12,187 - Flask - INFO - 当前展示第1页数据
2018-07-02 13:27:12,230 - Flask - INFO - 总共有13个api
2018-07-02 13:27:12,232 - Flask - INFO - (0.30000000000000004, 1.0)
2018-07-02 13:27:12,232 - Flask - INFO - ================当前的页数为1=========
2018-07-02 13:27:12,232 - Flask - INFO - ===============应分为2页=============
2018-07-02 13:27:12,240 - Flask - INFO - [{'url': u'/data-service/edu/querydet', 'url_name': u'\u5b66\u5386\u7b80\u7248', 'id': 1L}, {'url': u'/data-service/edu/querydet', 'url_name': u'\u5b66\u5386\u7b80\u72482', 'id': 2L}, {'url': u'/data-service/edu/querydet', 'url_name': u'\u5b66\u5386\u7b80\u72483', 'id': 4L}, {'url': u'/data-service/edu/querydet', 'url_name': u'\u5b66\u5386\u7b80\u72482', 'id': 5L}, {'url': u'/data-service/edu/querydet', 'url_name': u'\u5b66\u5386\u7b80\u72482', 'id': 6L}, {'url': u'/data-service/edu/querydet', 'url_name': u'\u5b66\u5386\u7b80\u72482', 'id': 7L}, {'url': u'/data-service/edu/querydet', 'url_name': u'\u5b66\u5386\u7b80\u72482', 'id': 8L}, {'url': u'/data-service/edu/querydet', 'url_name': u'\u5b66\u5386\u7b80\u72482', 'id': 9L}, {'url': u'/data-service/edu/querydet', 'url_name': u'\u5b66\u5386\u7b80\u72482', 'id': 10L}, {'url': u'/data-service/edu/querydet', 'url_name': u'\u5b66\u5386\u7b80\u72482', 'id': 11L}]
2018-07-02 13:27:25,177 - Flask - INFO - 来到了start_test页面=========================
2018-07-02 13:27:25,178 - Flask - INFO - 获取到的select_value为：None
2018-07-02 13:27:25,178 - Flask - INFO - 当前展示第1页数据
2018-07-02 13:27:25,259 - Flask - INFO - 总共有13个api
2018-07-02 13:27:25,259 - Flask - INFO - (0.30000000000000004, 1.0)
2018-07-02 13:27:25,259 - Flask - INFO - ================当前的页数为1=========
2018-07-02 13:27:25,259 - Flask - INFO - ===============应分为2页=============
2018-07-02 13:27:25,269 - Flask - INFO - [{'url': u'/data-service/edu/querydet', 'url_name': u'\u5b66\u5386\u7b80\u7248', 'id': 1L}, {'url': u'/data-service/edu/querydet', 'url_name': u'\u5b66\u5386\u7b80\u72482', 'id': 2L}, {'url': u'/data-service/edu/querydet', 'url_name': u'\u5b66\u5386\u7b80\u72483', 'id': 4L}, {'url': u'/data-service/edu/querydet', 'url_name': u'\u5b66\u5386\u7b80\u72482', 'id': 5L}, {'url': u'/data-service/edu/querydet', 'url_name': u'\u5b66\u5386\u7b80\u72482', 'id': 6L}, {'url': u'/data-service/edu/querydet', 'url_name': u'\u5b66\u5386\u7b80\u72482', 'id': 7L}, {'url': u'/data-service/edu/querydet', 'url_name': u'\u5b66\u5386\u7b80\u72482', 'id': 8L}, {'url': u'/data-service/edu/querydet', 'url_name': u'\u5b66\u5386\u7b80\u72482', 'id': 9L}, {'url': u'/data-service/edu/querydet', 'url_name': u'\u5b66\u5386\u7b80\u72482', 'id': 10L}, {'url': u'/data-service/edu/querydet', 'url_name': u'\u5b66\u5386\u7b80\u72482', 'id': 11L}]
2018-07-02 13:27:38,453 - Flask - INFO - 来到了start_test页面=========================
2018-07-02 13:27:38,453 - Flask - INFO - 获取到的select_value为：None
2018-07-02 13:27:38,454 - Flask - INFO - 当前展示第1页数据
2018-07-02 13:27:38,558 - Flask - INFO - 总共有13个api
2018-07-02 13:27:38,558 - Flask - INFO - (0.30000000000000004, 1.0)
2018-07-02 13:27:38,558 - Flask - INFO - ================当前的页数为1=========
2018-07-02 13:27:38,558 - Flask - INFO - ===============应分为2页=============
2018-07-02 13:27:38,575 - Flask - INFO - [{'url': u'/data-service/edu/querydet', 'url_name': u'\u5b66\u5386\u7b80\u7248', 'id': 1L}, {'url': u'/data-service/edu/querydet', 'url_name': u'\u5b66\u5386\u7b80\u72482', 'id': 2L}, {'url': u'/data-service/edu/querydet', 'url_name': u'\u5b66\u5386\u7b80\u72483', 'id': 4L}, {'url': u'/data-service/edu/querydet', 'url_name': u'\u5b66\u5386\u7b80\u72482', 'id': 5L}, {'url': u'/data-service/edu/querydet', 'url_name': u'\u5b66\u5386\u7b80\u72482', 'id': 6L}, {'url': u'/data-service/edu/querydet', 'url_name': u'\u5b66\u5386\u7b80\u72482', 'id': 7L}, {'url': u'/data-service/edu/querydet', 'url_name': u'\u5b66\u5386\u7b80\u72482', 'id': 8L}, {'url': u'/data-service/edu/querydet', 'url_name': u'\u5b66\u5386\u7b80\u72482', 'id': 9L}, {'url': u'/data-service/edu/querydet', 'url_name': u'\u5b66\u5386\u7b80\u72482', 'id': 10L}, {'url': u'/data-service/edu/querydet', 'url_name': u'\u5b66\u5386\u7b80\u72482', 'id': 11L}]
2018-07-02 13:27:49,217 - Flask - INFO - 来到了start_test页面=========================
2018-07-02 13:27:49,220 - Flask - INFO - 获取到的select_value为：None
2018-07-02 13:27:49,220 - Flask - INFO - 当前展示第1页数据
2018-07-02 13:27:49,262 - Flask - INFO - 总共有13个api
2018-07-02 13:27:49,263 - Flask - INFO - (0.30000000000000004, 1.0)
2018-07-02 13:27:49,263 - Flask - INFO - ================当前的页数为1=========
2018-07-02 13:27:49,263 - Flask - INFO - ===============应分为2页=============
2018-07-02 13:27:49,272 - Flask - INFO - [{'url': u'/data-service/edu/querydet', 'url_name': u'\u5b66\u5386\u7b80\u7248', 'id': 1L}, {'url': u'/data-service/edu/querydet', 'url_name': u'\u5b66\u5386\u7b80\u72482', 'id': 2L}, {'url': u'/data-service/edu/querydet', 'url_name': u'\u5b66\u5386\u7b80\u72483', 'id': 4L}, {'url': u'/data-service/edu/querydet', 'url_name': u'\u5b66\u5386\u7b80\u72482', 'id': 5L}, {'url': u'/data-service/edu/querydet', 'url_name': u'\u5b66\u5386\u7b80\u72482', 'id': 6L}, {'url': u'/data-service/edu/querydet', 'url_name': u'\u5b66\u5386\u7b80\u72482', 'id': 7L}, {'url': u'/data-service/edu/querydet', 'url_name': u'\u5b66\u5386\u7b80\u72482', 'id': 8L}, {'url': u'/data-service/edu/querydet', 'url_name': u'\u5b66\u5386\u7b80\u72482', 'id': 9L}, {'url': u'/data-service/edu/querydet', 'url_name': u'\u5b66\u5386\u7b80\u72482', 'id': 10L}, {'url': u'/data-service/edu/querydet', 'url_name': u'\u5b66\u5386\u7b80\u72482', 'id': 11L}]
2018-07-02 13:27:57,835 - Flask - INFO - 来到了start_test页面=========================
2018-07-02 13:27:57,835 - Flask - INFO - 获取到的select_value为：None
2018-07-02 13:27:57,836 - Flask - INFO - 当前展示第1页数据
2018-07-02 13:27:57,901 - Flask - INFO - 总共有13个api
2018-07-02 13:27:57,901 - Flask - INFO - (0.30000000000000004, 1.0)
2018-07-02 13:27:57,901 - Flask - INFO - ================当前的页数为1=========
2018-07-02 13:27:57,901 - Flask - INFO - ===============应分为2页=============
2018-07-02 13:27:57,910 - Flask - INFO - [{'url': u'/data-service/edu/querydet', 'url_name': u'\u5b66\u5386\u7b80\u7248', 'id': 1L}, {'url': u'/data-service/edu/querydet', 'url_name': u'\u5b66\u5386\u7b80\u72482', 'id': 2L}, {'url': u'/data-service/edu/querydet', 'url_name': u'\u5b66\u5386\u7b80\u72483', 'id': 4L}, {'url': u'/data-service/edu/querydet', 'url_name': u'\u5b66\u5386\u7b80\u72482', 'id': 5L}, {'url': u'/data-service/edu/querydet', 'url_name': u'\u5b66\u5386\u7b80\u72482', 'id': 6L}, {'url': u'/data-service/edu/querydet', 'url_name': u'\u5b66\u5386\u7b80\u72482', 'id': 7L}, {'url': u'/data-service/edu/querydet', 'url_name': u'\u5b66\u5386\u7b80\u72482', 'id': 8L}, {'url': u'/data-service/edu/querydet', 'url_name': u'\u5b66\u5386\u7b80\u72482', 'id': 9L}, {'url': u'/data-service/edu/querydet', 'url_name': u'\u5b66\u5386\u7b80\u72482', 'id': 10L}, {'url': u'/data-service/edu/querydet', 'url_name': u'\u5b66\u5386\u7b80\u72482', 'id': 11L}]
2018-07-02 13:28:08,808 - Flask - INFO - 来到了主界面===========================
2018-07-02 13:32:10,555 - Flask - INFO - 来到了主界面===========================
2018-07-02 13:32:14,545 - Flask - INFO - 来到了start_test页面=========================
2018-07-02 13:32:15,936 - Flask - INFO - 来到了添加新接口界面=========================
2018-07-02 13:32:17,142 - Flask - INFO - 来到了测试历史记录页面===================
2018-07-02 13:32:18,002 - Flask - INFO - 来到了start_test页面=========================
2018-07-02 13:32:18,719 - Flask - INFO - 来到了添加新接口界面=========================
2018-07-02 13:32:20,447 - Flask - INFO - 来到了主界面===========================
2018-07-02 13:32:21,558 - Flask - INFO - 来到了测试历史记录页面===================
2018-07-02 13:32:22,496 - Flask - INFO - 来到了start_test页面=========================
2018-07-02 13:32:22,496 - Flask - INFO - 获取到的select_value为：None
2018-07-02 13:32:22,496 - Flask - INFO - 当前展示第1页数据
2018-07-02 13:32:22,532 - Flask - INFO - 总共有13个api
2018-07-02 13:32:22,532 - Flask - INFO - (0.30000000000000004, 1.0)
2018-07-02 13:32:22,532 - Flask - INFO - ================当前的页数为1=========
2018-07-02 13:32:22,533 - Flask - INFO - ===============应分为2页=============
2018-07-02 13:32:22,540 - Flask - INFO - [{'url': u'/data-service/edu/querydet', 'url_name': u'\u5b66\u5386\u7b80\u7248', 'id': 1L}, {'url': u'/data-service/edu/querydet', 'url_name': u'\u5b66\u5386\u7b80\u72482', 'id': 2L}, {'url': u'/data-service/edu/querydet', 'url_name': u'\u5b66\u5386\u7b80\u72483', 'id': 4L}, {'url': u'/data-service/edu/querydet', 'url_name': u'\u5b66\u5386\u7b80\u72482', 'id': 5L}, {'url': u'/data-service/edu/querydet', 'url_name': u'\u5b66\u5386\u7b80\u72482', 'id': 6L}, {'url': u'/data-service/edu/querydet', 'url_name': u'\u5b66\u5386\u7b80\u72482', 'id': 7L}, {'url': u'/data-service/edu/querydet', 'url_name': u'\u5b66\u5386\u7b80\u72482', 'id': 8L}, {'url': u'/data-service/edu/querydet', 'url_name': u'\u5b66\u5386\u7b80\u72482', 'id': 9L}, {'url': u'/data-service/edu/querydet', 'url_name': u'\u5b66\u5386\u7b80\u72482', 'id': 10L}, {'url': u'/data-service/edu/querydet', 'url_name': u'\u5b66\u5386\u7b80\u72482', 'id': 11L}]
2018-07-02 13:32:23,109 - Flask - INFO - 来到了添加新接口界面=========================
2018-07-02 13:32:24,950 - Flask - INFO - 来到了测试历史记录页面===================
