2018-07-05 18:10:53,717 - Method_Log - INFO - 正在获取apilist===============================================
2018-07-05 18:10:53,855 - Method_Log - INFO - 已经获取到apilist并返回=========================
2018-07-05 18:10:54,519 - Method_Log - INFO - 正在获取apilist===============================================
2018-07-05 18:10:54,569 - Method_Log - INFO - 已经获取到apilist并返回=========================
2018-07-05 18:11:23,526 - Flask - INFO - 来到了start_test页面=========================
2018-07-05 18:11:23,526 - Flask - INFO - 获取到的select_value为：None
2018-07-05 18:11:23,526 - Flask - INFO - 当前展示第1页数据
2018-07-05 18:11:23,566 - Flask - INFO - 总共有3个api
2018-07-05 18:11:23,573 - Flask - INFO - (0.3, 0.0)
2018-07-05 18:11:23,573 - Flask - INFO - ================当前的页数为1=========
2018-07-05 18:11:23,575 - Flask - INFO - ===============应分为1页=============
2018-07-05 18:11:23,582 - Flask - INFO - [{'cache_table': u'ds_edu.user_edu_data', 'url': u'/data-service/edu/querydet', 'url_name': u'\u5b66\u5386\u7b80\u7248', 'id': 1L}, {'cache_table': u'ds_edu.user_edu_data', 'url': u'/data-service/edu/querydet', 'url_name': u'\u5b66\u5386\u7b80\u72482', 'id': 2L}, {'cache_table': u'', 'url': u'/data-service/telecom/rephonenum', 'url_name': u'\u8fd0\u8425\u5546\u4e8c\u6b21\u653e\u53f7', 'id': 14L}]
2018-07-05 18:11:26,188 - Flask - INFO - 来到了Mock测试界面=========================
2018-07-05 18:11:27,404 - Flask - INFO - 来到了start_test页面=========================
2018-07-05 18:11:27,405 - Flask - INFO - 获取到的select_value为：None
2018-07-05 18:11:27,405 - Flask - INFO - 当前展示第1页数据
2018-07-05 18:11:27,444 - Flask - INFO - 总共有3个api
2018-07-05 18:11:27,444 - Flask - INFO - (0.3, 0.0)
2018-07-05 18:11:27,444 - Flask - INFO - ================当前的页数为1=========
2018-07-05 18:11:27,444 - Flask - INFO - ===============应分为1页=============
2018-07-05 18:11:27,450 - Flask - INFO - [{'cache_table': u'ds_edu.user_edu_data', 'url': u'/data-service/edu/querydet', 'url_name': u'\u5b66\u5386\u7b80\u7248', 'id': 1L}, {'cache_table': u'ds_edu.user_edu_data', 'url': u'/data-service/edu/querydet', 'url_name': u'\u5b66\u5386\u7b80\u72482', 'id': 2L}, {'cache_table': u'', 'url': u'/data-service/telecom/rephonenum', 'url_name': u'\u8fd0\u8425\u5546\u4e8c\u6b21\u653e\u53f7', 'id': 14L}]
2018-07-05 18:11:27,740 - Flask - INFO - 来到了start_test页面=========================
2018-07-05 18:11:27,740 - Flask - INFO - 获取到的select_value为：None
2018-07-05 18:11:27,740 - Flask - INFO - 当前展示第1页数据
2018-07-05 18:11:27,783 - Flask - INFO - 总共有3个api
2018-07-05 18:11:27,783 - Flask - INFO - (0.3, 0.0)
2018-07-05 18:11:27,783 - Flask - INFO - ================当前的页数为1=========
2018-07-05 18:11:27,783 - Flask - INFO - ===============应分为1页=============
2018-07-05 18:11:27,796 - Flask - INFO - [{'cache_table': u'ds_edu.user_edu_data', 'url': u'/data-service/edu/querydet', 'url_name': u'\u5b66\u5386\u7b80\u7248', 'id': 1L}, {'cache_table': u'ds_edu.user_edu_data', 'url': u'/data-service/edu/querydet', 'url_name': u'\u5b66\u5386\u7b80\u72482', 'id': 2L}, {'cache_table': u'', 'url': u'/data-service/telecom/rephonenum', 'url_name': u'\u8fd0\u8425\u5546\u4e8c\u6b21\u653e\u53f7', 'id': 14L}]
2018-07-05 18:12:15,479 - Flask - INFO - 来到了Mock测试界面=========================
2018-07-05 18:17:46,668 - Flask - INFO - 来到了主界面===========================
2018-07-05 18:17:47,029 - Flask - INFO - 来到了测试历史记录页面===================
2018-07-05 18:17:47,068 - Flask - INFO - (0.5, 0.0)
2018-07-05 18:17:47,068 - Flask - INFO - [{'status': u'Failed', 'report': u'D:/python/api_flask/apiTest/report/2018-07-05-14_48_16HTMLtemplate.html', 'pass_num': u'3', 'date': u'2018-07-05 14:48:18', 'history_id': 1, 'fail_num': u'3'}, {'status': u'Failed', 'report': u'D:/python/api_flask/apiTest/report/2018-07-05-14_48_10HTMLtemplate.html', 'pass_num': u'3', 'date': u'2018-07-05 14:48:13', 'history_id': 2, 'fail_num': u'3'}, {'status': u'Failed', 'report': u'D:/python/api_flask/apiTest/report/2018-07-05-11_39_35HTMLtemplate.html', 'pass_num': u'3', 'date': u'2018-07-05 11:39:39', 'history_id': 3, 'fail_num': u'3'}, {'status': u'Failed', 'report': u'D:/python/api_flask/apiTest/report/2018-07-04-17_57_06HTMLtemplate.html', 'pass_num': u'3', 'date': u'2018-07-04 17:57:09', 'history_id': 4, 'fail_num': u'3'}, {'status': u'Failed', 'report': u'D:/python/api_flask/apiTest/report/2018-07-04-17_56_43HTMLtemplate.html', 'pass_num': u'3', 'date': u'2018-07-04 17:56:47', 'history_id': 5, 'fail_num': u'3'}]
2018-07-05 18:17:49,176 - Flask - INFO - 来到了start_test页面=========================
2018-07-05 18:17:49,176 - Flask - INFO - 获取到的select_value为：None
2018-07-05 18:17:49,176 - Flask - INFO - 当前展示第1页数据
2018-07-05 18:17:49,220 - Flask - INFO - 总共有3个api
2018-07-05 18:17:49,220 - Flask - INFO - (0.3, 0.0)
2018-07-05 18:17:49,220 - Flask - INFO - ================当前的页数为1=========
2018-07-05 18:17:49,220 - Flask - INFO - ===============应分为1页=============
2018-07-05 18:17:49,226 - Flask - INFO - [{'cache_table': u'ds_edu.user_edu_data', 'url': u'/data-service/edu/querydet', 'url_name': u'\u5b66\u5386\u7b80\u7248', 'id': 1L}, {'cache_table': u'ds_edu.user_edu_data', 'url': u'/data-service/edu/querydet', 'url_name': u'\u5b66\u5386\u7b80\u72482', 'id': 2L}, {'cache_table': u'', 'url': u'/data-service/telecom/rephonenum', 'url_name': u'\u8fd0\u8425\u5546\u4e8c\u6b21\u653e\u53f7', 'id': 14L}]
2018-07-05 18:17:54,400 - Flask - INFO - 来到了添加新接口界面=========================
2018-07-05 18:17:57,391 - Flask - INFO - 来到了准备开始测试界面=========================
2018-07-05 18:18:00,970 - Flask - INFO - 来到了Mock测试界面=========================
2018-07-05 18:18:03,259 - Flask - INFO - 来到了准备开始测试界面=========================
2018-07-05 18:18:03,908 - Flask - INFO - 来到了Mock测试界面=========================
