2018-07-02 10:48:12,316 - Method_Log - INFO - 正在获取apilist===============================================
2018-07-02 10:48:12,548 - Method_Log - INFO - 已经获取到apilist并返回=========================
2018-07-02 10:48:12,549 - testlog - INFO - ((1L, u'\u5b66\u5386\u7b80\u7248', u'/data-service/edu/querydet', u'get', u'cid,name', u'7', u'account,cid,name,reqTid', u'cid,name,reqTid,account,sign', u'ds_edu.user_edu_data'), (2L, u'\u5b66\u5386\u7b80\u72482', u'/data-service/edu/querydet', u'get', u'cid,name', u'7', u'account,cid,name,reqTid', u'cid,name,reqTid,account,sign', u'ds_edu.user_edu_data'), (4L, u'\u5b66\u5386\u7b80\u72483', u'/data-service/edu/querydet', u'get', u'cid,name', u'7', u'account,cid,name,reqTid', u'cid,name,reqTid,account,sign', u'ds_edu.user_edu_data'), (5L, u'\u5b66\u5386\u7b80\u72482', u'/data-service/edu/querydet', u'get', u'cid,name', u'7', u'account,cid,name,reqTid', u'cid,name,reqTid,account,sign', u'ds_edu.user_edu_data'), (6L, u'\u5b66\u5386\u7b80\u72482', u'/data-service/edu/querydet', u'get', u'cid,name', u'7', u'account,cid,name,reqTid', u'cid,name,reqTid,account,sign', u'ds_edu.user_edu_data'), (7L, u'\u5b66\u5386\u7b80\u72482', u'/data-service/edu/querydet', u'get', u'cid,name', u'7', u'account,cid,name,reqTid', u'cid,name,reqTid,account,sign', u'ds_edu.user_edu_data'), (8L, u'\u5b66\u5386\u7b80\u72482', u'/data-service/edu/querydet', u'get', u'cid,name', u'7', u'account,cid,name,reqTid', u'cid,name,reqTid,account,sign', u'ds_edu.user_edu_data'), (9L, u'\u5b66\u5386\u7b80\u72482', u'/data-service/edu/querydet', u'get', u'cid,name', u'7', u'account,cid,name,reqTid', u'cid,name,reqTid,account,sign', u'ds_edu.user_edu_data'), (10L, u'\u5b66\u5386\u7b80\u72482', u'/data-service/edu/querydet', u'get', u'cid,name', u'7', u'account,cid,name,reqTid', u'cid,name,reqTid,account,sign', u'ds_edu.user_edu_data'), (11L, u'\u5b66\u5386\u7b80\u72482', u'/data-service/edu/querydet', u'get', u'cid,name', u'7', u'account,cid,name,reqTid', u'cid,name,reqTid,account,sign', u'ds_edu.user_edu_data'), (12L, u'\u5b66\u5386\u7b80\u72482', u'/data-service/edu/querydet', u'get', u'cid,name', u'7', u'account,cid,name,reqTid', u'cid,name,reqTid,account,sign', u'ds_edu.user_edu_data'), (13L, u'\u5b66\u5386\u7b80\u72482', u'/data-service/edu/querydet', u'get', u'cid,name', u'7', u'account,cid,name,reqTid', u'cid,name,reqTid,account,sign', u'ds_edu.user_edu_data'))
2018-07-02 10:48:12,900 - Method_Log - INFO - 正在获取apilist===============================================
2018-07-02 10:48:13,111 - Method_Log - INFO - 已经获取到apilist并返回=========================
2018-07-02 10:48:13,112 - testlog - INFO - ((1L, u'\u5b66\u5386\u7b80\u7248', u'/data-service/edu/querydet', u'get', u'cid,name', u'7', u'account,cid,name,reqTid', u'cid,name,reqTid,account,sign', u'ds_edu.user_edu_data'), (2L, u'\u5b66\u5386\u7b80\u72482', u'/data-service/edu/querydet', u'get', u'cid,name', u'7', u'account,cid,name,reqTid', u'cid,name,reqTid,account,sign', u'ds_edu.user_edu_data'), (4L, u'\u5b66\u5386\u7b80\u72483', u'/data-service/edu/querydet', u'get', u'cid,name', u'7', u'account,cid,name,reqTid', u'cid,name,reqTid,account,sign', u'ds_edu.user_edu_data'), (5L, u'\u5b66\u5386\u7b80\u72482', u'/data-service/edu/querydet', u'get', u'cid,name', u'7', u'account,cid,name,reqTid', u'cid,name,reqTid,account,sign', u'ds_edu.user_edu_data'), (6L, u'\u5b66\u5386\u7b80\u72482', u'/data-service/edu/querydet', u'get', u'cid,name', u'7', u'account,cid,name,reqTid', u'cid,name,reqTid,account,sign', u'ds_edu.user_edu_data'), (7L, u'\u5b66\u5386\u7b80\u72482', u'/data-service/edu/querydet', u'get', u'cid,name', u'7', u'account,cid,name,reqTid', u'cid,name,reqTid,account,sign', u'ds_edu.user_edu_data'), (8L, u'\u5b66\u5386\u7b80\u72482', u'/data-service/edu/querydet', u'get', u'cid,name', u'7', u'account,cid,name,reqTid', u'cid,name,reqTid,account,sign', u'ds_edu.user_edu_data'), (9L, u'\u5b66\u5386\u7b80\u72482', u'/data-service/edu/querydet', u'get', u'cid,name', u'7', u'account,cid,name,reqTid', u'cid,name,reqTid,account,sign', u'ds_edu.user_edu_data'), (10L, u'\u5b66\u5386\u7b80\u72482', u'/data-service/edu/querydet', u'get', u'cid,name', u'7', u'account,cid,name,reqTid', u'cid,name,reqTid,account,sign', u'ds_edu.user_edu_data'), (11L, u'\u5b66\u5386\u7b80\u72482', u'/data-service/edu/querydet', u'get', u'cid,name', u'7', u'account,cid,name,reqTid', u'cid,name,reqTid,account,sign', u'ds_edu.user_edu_data'), (12L, u'\u5b66\u5386\u7b80\u72482', u'/data-service/edu/querydet', u'get', u'cid,name', u'7', u'account,cid,name,reqTid', u'cid,name,reqTid,account,sign', u'ds_edu.user_edu_data'), (13L, u'\u5b66\u5386\u7b80\u72482', u'/data-service/edu/querydet', u'get', u'cid,name', u'7', u'account,cid,name,reqTid', u'cid,name,reqTid,account,sign', u'ds_edu.user_edu_data'))
2018-07-02 10:48:16,905 - Flask - INFO - 来到了start_test页面=========================
2018-07-02 10:48:16,905 - Flask - INFO - 当前展示第1页数据
2018-07-02 10:48:17,009 - Flask - INFO - 总共有12个api
2018-07-02 10:48:17,009 - Flask - INFO - (0.19999999999999996, 1.0)
2018-07-02 10:48:17,010 - Flask - INFO - ================当前的页数为1=========
2018-07-02 10:48:17,010 - Flask - INFO - ===============应分为2页=============
2018-07-02 10:48:17,029 - Flask - INFO - [{'url': u'/data-service/edu/querydet', 'url_name': u'\u5b66\u5386\u7b80\u7248', 'id': 1L}, {'url': u'/data-service/edu/querydet', 'url_name': u'\u5b66\u5386\u7b80\u72482', 'id': 2L}, {'url': u'/data-service/edu/querydet', 'url_name': u'\u5b66\u5386\u7b80\u72483', 'id': 4L}, {'url': u'/data-service/edu/querydet', 'url_name': u'\u5b66\u5386\u7b80\u72482', 'id': 5L}, {'url': u'/data-service/edu/querydet', 'url_name': u'\u5b66\u5386\u7b80\u72482', 'id': 6L}, {'url': u'/data-service/edu/querydet', 'url_name': u'\u5b66\u5386\u7b80\u72482', 'id': 7L}, {'url': u'/data-service/edu/querydet', 'url_name': u'\u5b66\u5386\u7b80\u72482', 'id': 8L}, {'url': u'/data-service/edu/querydet', 'url_name': u'\u5b66\u5386\u7b80\u72482', 'id': 9L}, {'url': u'/data-service/edu/querydet', 'url_name': u'\u5b66\u5386\u7b80\u72482', 'id': 10L}, {'url': u'/data-service/edu/querydet', 'url_name': u'\u5b66\u5386\u7b80\u72482', 'id': 11L}]
2018-07-02 10:48:20,441 - Flask - INFO - 来到了测试历史记录页面===================
2018-07-02 10:48:21,290 - Flask - INFO - 来到了start_test页面=========================
2018-07-02 10:48:21,290 - Flask - INFO - 当前展示第1页数据
2018-07-02 10:48:21,437 - Flask - INFO - 总共有12个api
2018-07-02 10:48:21,437 - Flask - INFO - (0.19999999999999996, 1.0)
2018-07-02 10:48:21,437 - Flask - INFO - ================当前的页数为1=========
2018-07-02 10:48:21,437 - Flask - INFO - ===============应分为2页=============
2018-07-02 10:48:21,457 - Flask - INFO - [{'url': u'/data-service/edu/querydet', 'url_name': u'\u5b66\u5386\u7b80\u7248', 'id': 1L}, {'url': u'/data-service/edu/querydet', 'url_name': u'\u5b66\u5386\u7b80\u72482', 'id': 2L}, {'url': u'/data-service/edu/querydet', 'url_name': u'\u5b66\u5386\u7b80\u72483', 'id': 4L}, {'url': u'/data-service/edu/querydet', 'url_name': u'\u5b66\u5386\u7b80\u72482', 'id': 5L}, {'url': u'/data-service/edu/querydet', 'url_name': u'\u5b66\u5386\u7b80\u72482', 'id': 6L}, {'url': u'/data-service/edu/querydet', 'url_name': u'\u5b66\u5386\u7b80\u72482', 'id': 7L}, {'url': u'/data-service/edu/querydet', 'url_name': u'\u5b66\u5386\u7b80\u72482', 'id': 8L}, {'url': u'/data-service/edu/querydet', 'url_name': u'\u5b66\u5386\u7b80\u72482', 'id': 9L}, {'url': u'/data-service/edu/querydet', 'url_name': u'\u5b66\u5386\u7b80\u72482', 'id': 10L}, {'url': u'/data-service/edu/querydet', 'url_name': u'\u5b66\u5386\u7b80\u72482', 'id': 11L}]
2018-07-02 10:49:06,500 - Flask - INFO - 来到了start_test页面=========================
2018-07-02 10:49:06,500 - Flask - INFO - 当前展示第1页数据
2018-07-02 10:49:06,536 - Flask - INFO - 总共有12个api
2018-07-02 10:49:06,536 - Flask - INFO - (0.19999999999999996, 1.0)
2018-07-02 10:49:06,536 - Flask - INFO - ================当前的页数为1=========
2018-07-02 10:49:06,536 - Flask - INFO - ===============应分为2页=============
2018-07-02 10:49:06,551 - Flask - INFO - [{'url': u'/data-service/edu/querydet', 'url_name': u'\u5b66\u5386\u7b80\u7248', 'id': 1L}, {'url': u'/data-service/edu/querydet', 'url_name': u'\u5b66\u5386\u7b80\u72482', 'id': 2L}, {'url': u'/data-service/edu/querydet', 'url_name': u'\u5b66\u5386\u7b80\u72483', 'id': 4L}, {'url': u'/data-service/edu/querydet', 'url_name': u'\u5b66\u5386\u7b80\u72482', 'id': 5L}, {'url': u'/data-service/edu/querydet', 'url_name': u'\u5b66\u5386\u7b80\u72482', 'id': 6L}, {'url': u'/data-service/edu/querydet', 'url_name': u'\u5b66\u5386\u7b80\u72482', 'id': 7L}, {'url': u'/data-service/edu/querydet', 'url_name': u'\u5b66\u5386\u7b80\u72482', 'id': 8L}, {'url': u'/data-service/edu/querydet', 'url_name': u'\u5b66\u5386\u7b80\u72482', 'id': 9L}, {'url': u'/data-service/edu/querydet', 'url_name': u'\u5b66\u5386\u7b80\u72482', 'id': 10L}, {'url': u'/data-service/edu/querydet', 'url_name': u'\u5b66\u5386\u7b80\u72482', 'id': 11L}]
2018-07-02 10:49:09,641 - Flask - INFO - 来到了start_test页面=========================
2018-07-02 10:49:09,642 - Flask - INFO - 当前展示第2页数据
2018-07-02 10:49:09,680 - Flask - INFO - 总共有12个api
2018-07-02 10:49:09,680 - Flask - INFO - (0.19999999999999996, 1.0)
2018-07-02 10:49:09,680 - Flask - INFO - ================当前的页数为2=========
2018-07-02 10:49:09,680 - Flask - INFO - ===============应分为2页=============
2018-07-02 10:49:09,687 - Flask - INFO - [{'url': u'/data-service/edu/querydet', 'url_name': u'\u5b66\u5386\u7b80\u72482', 'id': 12L}, {'url': u'/data-service/edu/querydet', 'url_name': u'\u5b66\u5386\u7b80\u72482', 'id': 13L}]
2018-07-02 10:49:10,973 - Flask - INFO - 来到了start_test页面=========================
2018-07-02 10:49:10,973 - Flask - INFO - 当前展示第1页数据
2018-07-02 10:49:11,013 - Flask - INFO - 总共有12个api
2018-07-02 10:49:11,013 - Flask - INFO - (0.19999999999999996, 1.0)
2018-07-02 10:49:11,013 - Flask - INFO - ================当前的页数为1=========
2018-07-02 10:49:11,013 - Flask - INFO - ===============应分为2页=============
2018-07-02 10:49:11,022 - Flask - INFO - [{'url': u'/data-service/edu/querydet', 'url_name': u'\u5b66\u5386\u7b80\u7248', 'id': 1L}, {'url': u'/data-service/edu/querydet', 'url_name': u'\u5b66\u5386\u7b80\u72482', 'id': 2L}, {'url': u'/data-service/edu/querydet', 'url_name': u'\u5b66\u5386\u7b80\u72483', 'id': 4L}, {'url': u'/data-service/edu/querydet', 'url_name': u'\u5b66\u5386\u7b80\u72482', 'id': 5L}, {'url': u'/data-service/edu/querydet', 'url_name': u'\u5b66\u5386\u7b80\u72482', 'id': 6L}, {'url': u'/data-service/edu/querydet', 'url_name': u'\u5b66\u5386\u7b80\u72482', 'id': 7L}, {'url': u'/data-service/edu/querydet', 'url_name': u'\u5b66\u5386\u7b80\u72482', 'id': 8L}, {'url': u'/data-service/edu/querydet', 'url_name': u'\u5b66\u5386\u7b80\u72482', 'id': 9L}, {'url': u'/data-service/edu/querydet', 'url_name': u'\u5b66\u5386\u7b80\u72482', 'id': 10L}, {'url': u'/data-service/edu/querydet', 'url_name': u'\u5b66\u5386\u7b80\u72482', 'id': 11L}]
