2018-07-04 11:24:19,502 - Method_Log - INFO - 正在获取apilist===============================================
2018-07-04 11:24:19,802 - Method_Log - INFO - 已经获取到apilist并返回=========================
2018-07-04 11:24:20,203 - Method_Log - INFO - 正在获取apilist===============================================
2018-07-04 11:24:20,484 - Method_Log - INFO - 已经获取到apilist并返回=========================
2018-07-04 11:24:25,568 - Flask - INFO - 来到了start_test页面=========================
2018-07-04 11:24:25,568 - Flask - INFO - 获取到的select_value为：None
2018-07-04 11:24:25,568 - Flask - INFO - 当前展示第1页数据
2018-07-04 11:24:25,885 - Flask - INFO - 总共有3个api
2018-07-04 11:24:25,892 - Flask - INFO - (0.3, 0.0)
2018-07-04 11:24:25,894 - Flask - INFO - ================当前的页数为1=========
2018-07-04 11:24:25,894 - Flask - INFO - ===============应分为1页=============
2018-07-04 11:24:25,937 - Flask - INFO - [{'cache_table': u'ds_edu.user_edu_data', 'url': u'/data-service/edu/querydet', 'url_name': u'\u5b66\u5386\u7b80\u7248', 'id': 1L}, {'cache_table': u'ds_edu.user_edu_data', 'url': u'/data-service/edu/querydet', 'url_name': u'\u5b66\u5386\u7b80\u72482', 'id': 2L}, {'cache_table': u'', 'url': u'/data-service/telecom/rephonenum', 'url_name': u'\u8fd0\u8425\u5546\u4e8c\u6b21\u653e\u53f7', 'id': 14L}]
2018-07-04 11:24:27,334 - Flask - INFO - 开始执行测试==================================
2018-07-04 11:24:27,335 - testlog - INFO - 正在初始化当前测试用例
2018-07-04 11:24:27,336 - testlog - INFO - ((1L, u'\u5b66\u5386\u7b80\u7248', u'/data-service/edu/querydet', u'get', u'cid,name', u'7', u'account,cid,name,reqTid', u'cid,name,reqTid,account,sign', u'ds_edu.user_edu_data', u'\u4e00\u4e2a\u6708'), (2L, u'\u5b66\u5386\u7b80\u72482', u'/data-service/edu/querydet', u'get', u'cid,name', u'7', u'account,cid,name,reqTid', u'cid,name,reqTid,account,sign', u'ds_edu.user_edu_data', u'30\u5929'), (14L, u'\u8fd0\u8425\u5546\u4e8c\u6b21\u653e\u53f7', u'/data-service/telecom/rephonenum', u'get', u'name,cid,mobile', u'456', u'mobile,reqTid,account', u'name,cid,mobile', u'', None))
2018-07-04 11:24:27,336 - testlog - INFO - 正在执行的是第1个接口:学历简版，查询缓存
2018-07-04 11:24:27,336 - Method_Log - INFO - 正在从数据库中获取数据.......
2018-07-04 11:24:27,520 - Method_Log - INFO - 正在从ds_edu.user_edu_data获取数据......
2018-07-04 11:24:27,561 - Method_Log - INFO - 正在使用idt排序查询
2018-07-04 11:24:27,605 - testlog - INFO - {u'name': u'\u4e30\u6d77\u5175', u'cid': u'422103197102276312'}
2018-07-04 11:24:27,607 - testlog - INFO - md5排序后的值为：=============accountapisunsuweicid422103197102276312name丰海兵reqTid1234
2018-07-04 11:24:27,607 - Method_Log - INFO - 正在进行md5加密
2018-07-04 11:24:27,607 - testlog - INFO - 正在发送get请求:/data-service/edu/querydet
2018-07-04 11:24:27,756 - testlog - INFO - 返回码statusCode为：================200
2018-07-04 11:24:27,757 - testlog - INFO - 正在初始化当前测试用例
2018-07-04 11:24:27,757 - testlog - INFO - ((1L, u'\u5b66\u5386\u7b80\u7248', u'/data-service/edu/querydet', u'get', u'cid,name', u'7', u'account,cid,name,reqTid', u'cid,name,reqTid,account,sign', u'ds_edu.user_edu_data', u'\u4e00\u4e2a\u6708'), (2L, u'\u5b66\u5386\u7b80\u72482', u'/data-service/edu/querydet', u'get', u'cid,name', u'7', u'account,cid,name,reqTid', u'cid,name,reqTid,account,sign', u'ds_edu.user_edu_data', u'30\u5929'), (14L, u'\u8fd0\u8425\u5546\u4e8c\u6b21\u653e\u53f7', u'/data-service/telecom/rephonenum', u'get', u'name,cid,mobile', u'456', u'mobile,reqTid,account', u'name,cid,mobile', u'', None))
2018-07-04 11:24:27,757 - testlog - INFO - 正在执行的是第2个接口:学历简版2，查询缓存
2018-07-04 11:24:27,757 - Method_Log - INFO - 正在从数据库中获取数据.......
2018-07-04 11:24:27,993 - Method_Log - INFO - 正在从ds_edu.user_edu_data获取数据......
2018-07-04 11:24:28,043 - Method_Log - INFO - 正在使用idt排序查询
2018-07-04 11:24:28,098 - testlog - INFO - {u'name': u'\u4e30\u6d77\u5175', u'cid': u'422103197102276312'}
2018-07-04 11:24:28,099 - testlog - INFO - md5排序后的值为：=============accountapisunsuweicid422103197102276312name丰海兵reqTid1234
2018-07-04 11:24:28,101 - Method_Log - INFO - 正在进行md5加密
2018-07-04 11:24:28,101 - testlog - INFO - 正在发送get请求:/data-service/edu/querydet
2018-07-04 11:24:28,273 - testlog - INFO - 返回码statusCode为：================200
2018-07-04 11:24:28,275 - testlog - INFO - 正在初始化当前测试用例
2018-07-04 11:24:28,275 - testlog - INFO - ((1L, u'\u5b66\u5386\u7b80\u7248', u'/data-service/edu/querydet', u'get', u'cid,name', u'7', u'account,cid,name,reqTid', u'cid,name,reqTid,account,sign', u'ds_edu.user_edu_data', u'\u4e00\u4e2a\u6708'), (2L, u'\u5b66\u5386\u7b80\u72482', u'/data-service/edu/querydet', u'get', u'cid,name', u'7', u'account,cid,name,reqTid', u'cid,name,reqTid,account,sign', u'ds_edu.user_edu_data', u'30\u5929'), (14L, u'\u8fd0\u8425\u5546\u4e8c\u6b21\u653e\u53f7', u'/data-service/telecom/rephonenum', u'get', u'name,cid,mobile', u'456', u'mobile,reqTid,account', u'name,cid,mobile', u'', None))
2018-07-04 11:24:28,275 - testlog - INFO - 正在执行的是第14个接口:运营商二次放号，查询缓存
2018-07-04 11:24:28,276 - testlog - INFO - 无缓存表。。。
2018-07-04 11:24:28,276 - testlog - INFO - 正在初始化当前测试用例
2018-07-04 11:24:28,276 - testlog - INFO - ((1L, u'\u5b66\u5386\u7b80\u7248', u'/data-service/edu/querydet', u'get', u'cid,name', u'7', u'account,cid,name,reqTid', u'cid,name,reqTid,account,sign', u'ds_edu.user_edu_data', u'\u4e00\u4e2a\u6708'), (2L, u'\u5b66\u5386\u7b80\u72482', u'/data-service/edu/querydet', u'get', u'cid,name', u'7', u'account,cid,name,reqTid', u'cid,name,reqTid,account,sign', u'ds_edu.user_edu_data', u'30\u5929'), (14L, u'\u8fd0\u8425\u5546\u4e8c\u6b21\u653e\u53f7', u'/data-service/telecom/rephonenum', u'get', u'name,cid,mobile', u'456', u'mobile,reqTid,account', u'name,cid,mobile', u'', None))
2018-07-04 11:24:28,276 - testlog - INFO - 正在执行的是第1个接口:学历简版，查询上游数据源
2018-07-04 11:24:28,276 - testlog - INFO - 用于查询有效期外数据的日期为：2018-06-04
2018-07-04 11:24:28,276 - Method_Log - INFO - 正在从数据库中获取数据.......
2018-07-04 11:24:28,483 - Method_Log - INFO - 正在从ds_edu.user_edu_data获取数据......
2018-07-04 11:24:28,529 - Method_Log - INFO - 正在使用idt排序查询
2018-07-04 11:24:28,529 - Method_Log - INFO - select cid,name from user_edu_data where idt < "2018-06-04" order by idt desc limit 1
2018-07-04 11:24:28,581 - Method_Log - INFO - ((u'510402199207080956', u'\u6797\u5b50\u6e0a'),)
2018-07-04 11:24:28,581 - Method_Log - INFO - data_need:cid,name
2018-07-04 11:24:28,582 - Method_Log - INFO - [u'cid', u'name']
2018-07-04 11:24:28,582 - testlog - INFO - md5排序后的值为：=============accountapisunsuweicid510402199207080956name林子渊reqTid1234
2018-07-04 11:24:28,582 - Method_Log - INFO - 正在进行md5加密
2018-07-04 11:24:28,582 - testlog - INFO - 正在发送get请求:/data-service/edu/querydet
2018-07-04 11:24:28,721 - testlog - INFO - 返回码statusCode为：================200
2018-07-04 11:24:28,723 - testlog - INFO - 正在初始化当前测试用例
2018-07-04 11:24:28,723 - testlog - INFO - ((1L, u'\u5b66\u5386\u7b80\u7248', u'/data-service/edu/querydet', u'get', u'cid,name', u'7', u'account,cid,name,reqTid', u'cid,name,reqTid,account,sign', u'ds_edu.user_edu_data', u'\u4e00\u4e2a\u6708'), (2L, u'\u5b66\u5386\u7b80\u72482', u'/data-service/edu/querydet', u'get', u'cid,name', u'7', u'account,cid,name,reqTid', u'cid,name,reqTid,account,sign', u'ds_edu.user_edu_data', u'30\u5929'), (14L, u'\u8fd0\u8425\u5546\u4e8c\u6b21\u653e\u53f7', u'/data-service/telecom/rephonenum', u'get', u'name,cid,mobile', u'456', u'mobile,reqTid,account', u'name,cid,mobile', u'', None))
2018-07-04 11:24:28,723 - testlog - INFO - 正在执行的是第2个接口:学历简版2，查询上游数据源
2018-07-04 11:24:28,724 - Method_Log - INFO - 存的有效期无效
2018-07-04 11:24:28,726 - testlog - INFO - 正在初始化当前测试用例
2018-07-04 11:24:28,726 - testlog - INFO - ((1L, u'\u5b66\u5386\u7b80\u7248', u'/data-service/edu/querydet', u'get', u'cid,name', u'7', u'account,cid,name,reqTid', u'cid,name,reqTid,account,sign', u'ds_edu.user_edu_data', u'\u4e00\u4e2a\u6708'), (2L, u'\u5b66\u5386\u7b80\u72482', u'/data-service/edu/querydet', u'get', u'cid,name', u'7', u'account,cid,name,reqTid', u'cid,name,reqTid,account,sign', u'ds_edu.user_edu_data', u'30\u5929'), (14L, u'\u8fd0\u8425\u5546\u4e8c\u6b21\u653e\u53f7', u'/data-service/telecom/rephonenum', u'get', u'name,cid,mobile', u'456', u'mobile,reqTid,account', u'name,cid,mobile', u'', None))
2018-07-04 11:24:28,726 - testlog - INFO - 正在执行的是第14个接口:运营商二次放号，查询上游数据源
2018-07-04 11:24:28,726 - testlog - INFO - 无缓存表。。。
2018-07-04 11:24:28,726 - testlog - INFO - md5排序后的值为：=============accountapisunsuweireqTid1234
2018-07-04 11:24:28,727 - Method_Log - INFO - 正在进行md5加密
2018-07-04 11:24:28,727 - testlog - INFO - 正在发送get请求:/data-service/telecom/rephonenum
2018-07-04 11:24:28,842 - testlog - INFO - 返回码statusCode为：================200
2018-07-04 11:24:28,928 - sendEmail - INFO - The new report name:2018-07-04-11_24_27HTMLtemplate.html
2018-07-04 11:24:31,313 - sendEmail - INFO - Send email successful!
