2018-06-27 16:39:24,154 - testlog - INFO - 正在获取apilist===============================================
2018-06-27 16:39:24,154 - testlog - INFO - 正在获取apilist===============================================
2018-06-27 16:39:24,197 - testlog - INFO - 已经获取到apilist并返回=========================
2018-06-27 16:39:24,197 - testlog - INFO - 已经获取到apilist并返回=========================
2018-06-27 16:39:24,198 - testlog - INFO - ((1L, u'\u5b66\u5386\u7b80\u7248', u'/data-service/edu/querydet', u'get', u'cid,name', u'7', u'account,cid,name,reqTid', u'cid,name,reqTid,account,sign', u'ds_edu.user_edu_data'), (2L, u'\u5b66\u5386\u7b80\u72482', u'/data-service/edu/querydet', u'get', u'cid,name', u'7', u'account,cid,name,reqTid', u'cid,name,reqTid,account,sign', u'ds_edu.user_edu_data'))
2018-06-27 16:39:24,198 - testlog - INFO - ((1L, u'\u5b66\u5386\u7b80\u7248', u'/data-service/edu/querydet', u'get', u'cid,name', u'7', u'account,cid,name,reqTid', u'cid,name,reqTid,account,sign', u'ds_edu.user_edu_data'), (2L, u'\u5b66\u5386\u7b80\u72482', u'/data-service/edu/querydet', u'get', u'cid,name', u'7', u'account,cid,name,reqTid', u'cid,name,reqTid,account,sign', u'ds_edu.user_edu_data'))
2018-06-27 16:39:24,526 - testlog - INFO - 正在获取apilist===============================================
2018-06-27 16:39:24,526 - testlog - INFO - 正在获取apilist===============================================
2018-06-27 16:39:24,572 - testlog - INFO - 已经获取到apilist并返回=========================
2018-06-27 16:39:24,572 - testlog - INFO - 已经获取到apilist并返回=========================
2018-06-27 16:39:24,572 - testlog - INFO - ((1L, u'\u5b66\u5386\u7b80\u7248', u'/data-service/edu/querydet', u'get', u'cid,name', u'7', u'account,cid,name,reqTid', u'cid,name,reqTid,account,sign', u'ds_edu.user_edu_data'), (2L, u'\u5b66\u5386\u7b80\u72482', u'/data-service/edu/querydet', u'get', u'cid,name', u'7', u'account,cid,name,reqTid', u'cid,name,reqTid,account,sign', u'ds_edu.user_edu_data'))
2018-06-27 16:39:24,572 - testlog - INFO - ((1L, u'\u5b66\u5386\u7b80\u7248', u'/data-service/edu/querydet', u'get', u'cid,name', u'7', u'account,cid,name,reqTid', u'cid,name,reqTid,account,sign', u'ds_edu.user_edu_data'), (2L, u'\u5b66\u5386\u7b80\u72482', u'/data-service/edu/querydet', u'get', u'cid,name', u'7', u'account,cid,name,reqTid', u'cid,name,reqTid,account,sign', u'ds_edu.user_edu_data'))
2018-06-27 16:39:28,665 - testlog - INFO - 正在初始化当前测试用例
2018-06-27 16:39:28,665 - testlog - INFO - 正在初始化当前测试用例
2018-06-27 16:39:28,665 - testlog - INFO - {'account': 'apisunsuwei', 'reqId': '1234', 'reqTid': '1234'}
2018-06-27 16:39:28,665 - testlog - INFO - {'account': 'apisunsuwei', 'reqId': '1234', 'reqTid': '1234'}
2018-06-27 16:39:28,665 - testlog - INFO - 正在执行的是第1个接口:学历简版，查询缓存
2018-06-27 16:39:28,665 - testlog - INFO - 正在执行的是第1个接口:学历简版，查询缓存
2018-06-27 16:39:28,665 - testlog - INFO - 正在从数据库中获取数据.......
2018-06-27 16:39:28,665 - testlog - INFO - 正在从数据库中获取数据.......
2018-06-27 16:39:28,694 - testlog - INFO - 正在从ds_edu.user_edu_data获取数据......
2018-06-27 16:39:28,694 - testlog - INFO - 正在从ds_edu.user_edu_data获取数据......
2018-06-27 16:39:28,701 - testlog - INFO - 正在使用idt排序查询
2018-06-27 16:39:28,701 - testlog - INFO - 正在使用idt排序查询
2018-06-27 16:39:28,711 - testlog - INFO - md5排序后的值为：=============accountapisunsuweicid422103197102276312name丰海兵reqTid1234
2018-06-27 16:39:28,711 - testlog - INFO - md5排序后的值为：=============accountapisunsuweicid422103197102276312name丰海兵reqTid1234
2018-06-27 16:39:28,711 - testlog - INFO - 正在进行md5加密
2018-06-27 16:39:28,711 - testlog - INFO - 正在进行md5加密
2018-06-27 16:39:28,711 - testlog - INFO - 正在发送get请求:/data-service/edu/querydet
2018-06-27 16:39:28,711 - testlog - INFO - 正在发送get请求:/data-service/edu/querydet
2018-06-27 16:39:28,775 - testlog - INFO - 返回码statusCode为：================200
2018-06-27 16:39:28,775 - testlog - INFO - 返回码statusCode为：================200
2018-06-27 16:39:28,775 - testlog - INFO - 正在初始化当前测试用例
2018-06-27 16:39:28,775 - testlog - INFO - 正在初始化当前测试用例
2018-06-27 16:39:28,776 - testlog - INFO - {'account': 'apisunsuwei', 'reqId': '1234', 'reqTid': '1234'}
2018-06-27 16:39:28,776 - testlog - INFO - {'account': 'apisunsuwei', 'reqId': '1234', 'reqTid': '1234'}
2018-06-27 16:39:28,776 - testlog - INFO - 正在执行的是第2个接口:学历简版2，查询缓存
2018-06-27 16:39:28,776 - testlog - INFO - 正在执行的是第2个接口:学历简版2，查询缓存
2018-06-27 16:39:28,776 - testlog - INFO - 正在从数据库中获取数据.......
2018-06-27 16:39:28,776 - testlog - INFO - 正在从数据库中获取数据.......
2018-06-27 16:39:28,806 - testlog - INFO - 正在从ds_edu.user_edu_data获取数据......
2018-06-27 16:39:28,806 - testlog - INFO - 正在从ds_edu.user_edu_data获取数据......
2018-06-27 16:39:28,812 - testlog - INFO - 正在使用idt排序查询
2018-06-27 16:39:28,812 - testlog - INFO - 正在使用idt排序查询
2018-06-27 16:39:28,822 - testlog - INFO - md5排序后的值为：=============accountapisunsuweicid422103197102276312name丰海兵reqTid1234
2018-06-27 16:39:28,822 - testlog - INFO - md5排序后的值为：=============accountapisunsuweicid422103197102276312name丰海兵reqTid1234
2018-06-27 16:39:28,823 - testlog - INFO - 正在进行md5加密
2018-06-27 16:39:28,823 - testlog - INFO - 正在进行md5加密
2018-06-27 16:39:28,823 - testlog - INFO - 正在发送get请求:/data-service/edu/querydet
2018-06-27 16:39:28,823 - testlog - INFO - 正在发送get请求:/data-service/edu/querydet
2018-06-27 16:39:28,877 - testlog - INFO - 返回码statusCode为：================200
2018-06-27 16:39:28,877 - testlog - INFO - 返回码statusCode为：================200
