2018-07-08 09:50:49,963 - Method_Log - INFO - 正在获取apilist===============================================
2018-07-08 09:50:50,013 - Method_Log - INFO - 已经获取到apilist并返回=========================
2018-07-08 09:50:54,779 - Flask - INFO - 进入get_url
2018-07-08 09:50:54,819 - Flask - INFO - url：data-service/identity/auth
2018-07-08 09:50:54,819 - Flask - INFO - {'res_data': u'{"resCode":"2010","resMsg":"\u8eab\u4efd\u9a8c\u8bc1\u6210\u529f","tid":"1035005015308488944002252","sign":"5BD345A74B2EECD92541B228553E3102"}', 'url_name': u'\u8eab\u4efd\u6838\u9a8c\u4e0d\u8fd4\u71672', 'req_form': u'name=&account=&sign=&cid=', 'req_blob': '{"tid": "1035005015310118542372260", "sign": "A74D2BFC07EFF29A597897E0BA48D427", "resCode": "2010", "resMsg": "\\u8eab\\u4efd\\u9a8c\\u8bc1\\u6210\\u529f"}', 'url': u'data-service/identity/auth', 'method': u'get', 'req_data': u'name=\u5f20\u4e09'}
2018-07-08 09:50:54,826 - Flask - INFO - data-service/identity/auth
2018-07-08 09:50:54,826 - Flask - INFO - url和path相同
2018-07-08 09:50:54,828 - Flask - INFO - {'res_data': u'{"resCode":"2010","resMsg":"\u8eab\u4efd\u9a8c\u8bc1\u6210\u529f","tid":"1035005015308488944002252","sign":"5BD345A74B2EECD92541B228553E3102"}', 'url_name': u'\u8eab\u4efd\u6838\u9a8c\u4e0d\u8fd4\u7167', 'req_form': u'name=&account=&sign=&cid=', 'req_blob': '{"tid": "1035005015310118542372260", "sign": "A74D2BFC07EFF29A597897E0BA48D427", "resCode": "2010", "resMsg": "\\u8eab\\u4efd\\u9a8c\\u8bc1\\u6210\\u529f"}', 'url': u'data-service/identity/auth', 'method': u'get', 'req_data': u'name=\u5f20\u4e09'}
2018-07-08 09:50:54,828 - Flask - INFO - data-service/identity/auth
2018-07-08 09:50:54,828 - Flask - INFO - url和path相同
2018-07-08 09:50:54,828 - Flask - INFO - [u'name=\u5f20\u4e09', u'name=\u5f20\u4e09']
2018-07-08 09:50:54,828 - Flask - INFO - ['{"tid": "1035005015310118542372260", "sign": "A74D2BFC07EFF29A597897E0BA48D427", "resCode": "2010", "resMsg": "\\u8eab\\u4efd\\u9a8c\\u8bc1\\u6210\\u529f"}', '{"tid": "1035005015310118542372260", "sign": "A74D2BFC07EFF29A597897E0BA48D427", "resCode": "2010", "resMsg": "\\u8eab\\u4efd\\u9a8c\\u8bc1\\u6210\\u529f"}']
2018-07-08 09:50:54,828 - Flask - INFO - method==GET
2018-07-08 09:50:54,828 - Flask - INFO - 获取请求参数:张三
2018-07-08 09:50:54,828 - Flask - INFO - 在库中找到了相同的参数
2018-07-08 09:51:04,451 - Flask - INFO - 进入get_url
2018-07-08 09:51:04,493 - Flask - INFO - url：data-service/identity/auth
2018-07-08 09:51:04,494 - Flask - INFO - {'res_data': u'{"resCode":"2010","resMsg":"\u8eab\u4efd\u9a8c\u8bc1\u6210\u529f","tid":"1035005015308488944002252","sign":"5BD345A74B2EECD92541B228553E3102"}', 'url_name': u'\u8eab\u4efd\u6838\u9a8c\u4e0d\u8fd4\u71672', 'req_form': u'name=&account=&sign=&cid=', 'req_blob': '{"tid": "1035005015310118542372260", "sign": "A74D2BFC07EFF29A597897E0BA48D427", "resCode": "2010", "resMsg": "\\u8eab\\u4efd\\u9a8c\\u8bc1\\u6210\\u529f"}', 'url': u'data-service/identity/auth', 'method': u'get', 'req_data': u'name=\u5f20\u4e09'}
2018-07-08 09:51:04,494 - Flask - INFO - data-service/identity/auth
2018-07-08 09:51:04,494 - Flask - INFO - url和path相同
2018-07-08 09:51:04,494 - Flask - INFO - {'res_data': u'{"resCode":"2010","resMsg":"\u8eab\u4efd\u9a8c\u8bc1\u6210\u529f","tid":"1035005015308488944002252","sign":"5BD345A74B2EECD92541B228553E3102"}', 'url_name': u'\u8eab\u4efd\u6838\u9a8c\u4e0d\u8fd4\u7167', 'req_form': u'name=&account=&sign=&cid=', 'req_blob': '{"tid": "1035005015310118542372260", "sign": "A74D2BFC07EFF29A597897E0BA48D427", "resCode": "2010", "resMsg": "\\u8eab\\u4efd\\u9a8c\\u8bc1\\u6210\\u529f"}', 'url': u'data-service/identity/auth', 'method': u'get', 'req_data': u'name=\u5f20\u4e09'}
2018-07-08 09:51:04,494 - Flask - INFO - data-service/identity/auth
2018-07-08 09:51:04,494 - Flask - INFO - url和path相同
2018-07-08 09:51:04,494 - Flask - INFO - [u'name=\u5f20\u4e09', u'name=\u5f20\u4e09']
2018-07-08 09:51:04,494 - Flask - INFO - ['{"tid": "1035005015310118542372260", "sign": "A74D2BFC07EFF29A597897E0BA48D427", "resCode": "2010", "resMsg": "\\u8eab\\u4efd\\u9a8c\\u8bc1\\u6210\\u529f"}', '{"tid": "1035005015310118542372260", "sign": "A74D2BFC07EFF29A597897E0BA48D427", "resCode": "2010", "resMsg": "\\u8eab\\u4efd\\u9a8c\\u8bc1\\u6210\\u529f"}']
2018-07-08 09:51:04,496 - Flask - INFO - method==GET
2018-07-08 09:51:04,496 - Flask - INFO - 获取请求参数:张三
2018-07-08 09:51:04,496 - Flask - INFO - 在库中找到了相同的参数
2018-07-08 09:51:17,848 - Flask - INFO - 进入get_url
2018-07-08 09:51:17,890 - Flask - INFO - url：data-service/identity/auth
2018-07-08 09:51:17,890 - Flask - INFO - {'res_data': u'{"resCode":"2010","resMsg":"\u8eab\u4efd\u9a8c\u8bc1\u6210\u529f","tid":"1035005015308488944002252","sign":"5BD345A74B2EECD92541B228553E3102"}', 'url_name': u'\u8eab\u4efd\u6838\u9a8c\u4e0d\u8fd4\u71672', 'req_form': u'name=&account=&sign=&cid=', 'req_blob': '{"tid": "1035005015310118542372260", "sign": "A74D2BFC07EFF29A597897E0BA48D427", "resCode": "2010", "resMsg": "\\u8eab\\u4efd\\u9a8c\\u8bc1\\u6210\\u529f"}', 'url': u'data-service/identity/auth', 'method': u'get', 'req_data': u'name=\u5f20\u4e09'}
2018-07-08 09:51:17,890 - Flask - INFO - data-service/identity/auth
2018-07-08 09:51:17,890 - Flask - INFO - url和path相同
2018-07-08 09:51:17,890 - Flask - INFO - {'res_data': u'{"resCode":"2010","resMsg":"\u8eab\u4efd\u9a8c\u8bc1\u6210\u529f","tid":"1035005015308488944002252","sign":"5BD345A74B2EECD92541B228553E3102"}', 'url_name': u'\u8eab\u4efd\u6838\u9a8c\u4e0d\u8fd4\u7167', 'req_form': u'name=&account=&sign=&cid=', 'req_blob': '{"tid": "1035005015310118542372260", "sign": "A74D2BFC07EFF29A597897E0BA48D427", "resCode": "2010", "resMsg": "\\u8eab\\u4efd\\u9a8c\\u8bc1\\u6210\\u529f"}', 'url': u'data-service/identity/auth', 'method': u'get', 'req_data': u'name=\u5f20\u4e09'}
2018-07-08 09:51:17,890 - Flask - INFO - data-service/identity/auth
2018-07-08 09:51:17,890 - Flask - INFO - url和path相同
2018-07-08 09:51:17,891 - Flask - INFO - [u'name=\u5f20\u4e09', u'name=\u5f20\u4e09']
2018-07-08 09:51:17,891 - Flask - INFO - ['{"tid": "1035005015310118542372260", "sign": "A74D2BFC07EFF29A597897E0BA48D427", "resCode": "2010", "resMsg": "\\u8eab\\u4efd\\u9a8c\\u8bc1\\u6210\\u529f"}', '{"tid": "1035005015310118542372260", "sign": "A74D2BFC07EFF29A597897E0BA48D427", "resCode": "2010", "resMsg": "\\u8eab\\u4efd\\u9a8c\\u8bc1\\u6210\\u529f"}']
2018-07-08 09:51:17,891 - Flask - INFO - method==GET
2018-07-08 09:51:17,891 - Flask - INFO - 获取请求参数:张三
2018-07-08 09:51:17,891 - Flask - INFO - 在库中找到了相同的参数
