2018-07-09 17:59:04,096 - Method_Log - INFO - 正在获取apilist===============================================
2018-07-09 17:59:04,141 - Method_Log - INFO - 已经获取到apilist并返回=========================
2018-07-09 17:59:04,477 - Method_Log - INFO - 正在获取apilist===============================================
2018-07-09 17:59:04,532 - Method_Log - INFO - 已经获取到apilist并返回=========================
2018-07-09 17:59:06,836 - Flask - INFO - 进入get_url
2018-07-09 17:59:06,880 - Flask - INFO - url：identity/auth
2018-07-09 17:59:06,881 - Flask - INFO - {'res_data': None, 'url_name': u'\u8eab\u4efd\u6838\u9a8c', 'req_form': u'name=&cid=', 'req_blob': '"{\\"resCode\\":\\"2010\\",\\"resMsg\\":\\"\\u8eab\\u4efd\\u9a8c\\u8bc1\\u6210\\u529f\\",\\"tid\\":\\"1035005015311265343457585\\",\\"sign\\":\\"DA2978EA49CF70124E897277145C153D\\"}"', 'url': u'identity/auth', 'method': u'get', 'req_data': u'name=\u674e\u56db'}
2018-07-09 17:59:06,888 - Flask - INFO - identity/auth
2018-07-09 17:59:06,888 - Flask - INFO - url和path相同
2018-07-09 17:59:06,888 - Flask - INFO - {'res_data': None, 'url_name': u'1', 'req_form': u'1', 'req_blob': '"1"', 'url': u'1', 'method': u'1', 'req_data': u'1'}
2018-07-09 17:59:06,888 - Flask - INFO - 1
2018-07-09 17:59:06,888 - Flask - INFO - {'res_data': u'{"resCode":"2010","resMsg":"\u8eab\u4efd\u9a8c\u8bc1\u6210\u529f","tid":"1035005015308488944002252","sign":"5BD345A74B2EECD92541B228553E3102"}', 'url_name': u'\u8eab\u4efd\u6838\u9a8c\u4e0d\u8fd4\u71672', 'req_form': u'name=&account=&sign=&cid=', 'req_blob': '{"tid": "1035005015310118542372260", "sign": "A74D2BFC07EFF29A597897E0BA48D427", "resCode": "2010", "resMsg": "\\u8eab\\u4efd\\u9a8c\\u8bc1\\u6210\\u529f"}', 'url': u'data-service/identity/auth', 'method': u'get', 'req_data': u'name=\u5f20\u4e09'}
2018-07-09 17:59:06,888 - Flask - INFO - data-service/identity/auth
2018-07-09 17:59:06,888 - Flask - INFO - {'res_data': u'{"resCode":"2010","resMsg":"\u8eab\u4efd\u9a8c\u8bc1\u6210\u529f","tid":"1035005015308488944002252","sign":"5BD345A74B2EECD92541B228553E3102"}', 'url_name': u'\u8eab\u4efd\u6838\u9a8c\u4e0d\u8fd4\u7167', 'req_form': u'name=&account=&sign=&cid=', 'req_blob': '{"tid": "1035005015310118542372260", "sign": "A74D2BFC07EFF29A597897E0BA48D427", "resCode": "2010", "resMsg": "\\u8eab\\u4efd\\u9a8c\\u8bc1\\u6210\\u529f"}', 'url': u'identity/auth', 'method': u'get', 'req_data': u'name=\u5f20\u4e09'}
2018-07-09 17:59:06,888 - Flask - INFO - identity/auth
2018-07-09 17:59:06,890 - Flask - INFO - url和path相同
2018-07-09 17:59:06,890 - Flask - INFO - [u'name=\u674e\u56db', u'name=\u5f20\u4e09']
2018-07-09 17:59:06,890 - Flask - INFO - ['"{\\"resCode\\":\\"2010\\",\\"resMsg\\":\\"\\u8eab\\u4efd\\u9a8c\\u8bc1\\u6210\\u529f\\",\\"tid\\":\\"1035005015311265343457585\\",\\"sign\\":\\"DA2978EA49CF70124E897277145C153D\\"}"', '{"tid": "1035005015310118542372260", "sign": "A74D2BFC07EFF29A597897E0BA48D427", "resCode": "2010", "resMsg": "\\u8eab\\u4efd\\u9a8c\\u8bc1\\u6210\\u529f"}']
2018-07-09 17:59:06,890 - Flask - INFO - method==GET
2018-07-09 17:59:06,890 - Flask - INFO - 获取请求参数:李四是
2018-07-09 17:59:06,890 - Flask - INFO - 获取数据库中存储的请求参数：李四
2018-07-09 17:59:06,890 - Flask - INFO - 字段继续找下一个
2018-07-09 17:59:06,891 - Flask - INFO - 获取请求参数:李四是
2018-07-09 17:59:06,891 - Flask - INFO - 获取数据库中存储的请求参数：张三
2018-07-09 17:59:14,414 - Flask - INFO - 进入get_url
2018-07-09 17:59:14,456 - Flask - INFO - url：identity/auth
2018-07-09 17:59:14,456 - Flask - INFO - {'res_data': None, 'url_name': u'\u8eab\u4efd\u6838\u9a8c', 'req_form': u'name=&cid=', 'req_blob': '"{\\"resCode\\":\\"2010\\",\\"resMsg\\":\\"\\u8eab\\u4efd\\u9a8c\\u8bc1\\u6210\\u529f\\",\\"tid\\":\\"1035005015311265343457585\\",\\"sign\\":\\"DA2978EA49CF70124E897277145C153D\\"}"', 'url': u'identity/auth', 'method': u'get', 'req_data': u'name=\u674e\u56db'}
2018-07-09 17:59:14,456 - Flask - INFO - identity/auth
2018-07-09 17:59:14,456 - Flask - INFO - url和path相同
2018-07-09 17:59:14,457 - Flask - INFO - {'res_data': None, 'url_name': u'1', 'req_form': u'1', 'req_blob': '"1"', 'url': u'1', 'method': u'1', 'req_data': u'1'}
2018-07-09 17:59:14,457 - Flask - INFO - 1
2018-07-09 17:59:14,457 - Flask - INFO - {'res_data': u'{"resCode":"2010","resMsg":"\u8eab\u4efd\u9a8c\u8bc1\u6210\u529f","tid":"1035005015308488944002252","sign":"5BD345A74B2EECD92541B228553E3102"}', 'url_name': u'\u8eab\u4efd\u6838\u9a8c\u4e0d\u8fd4\u71672', 'req_form': u'name=&account=&sign=&cid=', 'req_blob': '{"tid": "1035005015310118542372260", "sign": "A74D2BFC07EFF29A597897E0BA48D427", "resCode": "2010", "resMsg": "\\u8eab\\u4efd\\u9a8c\\u8bc1\\u6210\\u529f"}', 'url': u'data-service/identity/auth', 'method': u'get', 'req_data': u'name=\u5f20\u4e09'}
2018-07-09 17:59:14,457 - Flask - INFO - data-service/identity/auth
2018-07-09 17:59:14,457 - Flask - INFO - {'res_data': u'{"resCode":"2010","resMsg":"\u8eab\u4efd\u9a8c\u8bc1\u6210\u529f","tid":"1035005015308488944002252","sign":"5BD345A74B2EECD92541B228553E3102"}', 'url_name': u'\u8eab\u4efd\u6838\u9a8c\u4e0d\u8fd4\u7167', 'req_form': u'name=&account=&sign=&cid=', 'req_blob': '{"tid": "1035005015310118542372260", "sign": "A74D2BFC07EFF29A597897E0BA48D427", "resCode": "2010", "resMsg": "\\u8eab\\u4efd\\u9a8c\\u8bc1\\u6210\\u529f"}', 'url': u'identity/auth', 'method': u'get', 'req_data': u'name=\u5f20\u4e09'}
2018-07-09 17:59:14,457 - Flask - INFO - identity/auth
2018-07-09 17:59:14,457 - Flask - INFO - url和path相同
2018-07-09 17:59:14,457 - Flask - INFO - [u'name=\u674e\u56db', u'name=\u5f20\u4e09']
2018-07-09 17:59:14,457 - Flask - INFO - ['"{\\"resCode\\":\\"2010\\",\\"resMsg\\":\\"\\u8eab\\u4efd\\u9a8c\\u8bc1\\u6210\\u529f\\",\\"tid\\":\\"1035005015311265343457585\\",\\"sign\\":\\"DA2978EA49CF70124E897277145C153D\\"}"', '{"tid": "1035005015310118542372260", "sign": "A74D2BFC07EFF29A597897E0BA48D427", "resCode": "2010", "resMsg": "\\u8eab\\u4efd\\u9a8c\\u8bc1\\u6210\\u529f"}']
2018-07-09 17:59:14,457 - Flask - INFO - method==GET
2018-07-09 17:59:14,457 - Flask - INFO - 获取请求参数:李四
2018-07-09 17:59:14,457 - Flask - INFO - 获取数据库中存储的请求参数：李四
2018-07-09 17:59:14,457 - Flask - INFO - 在库中找到了相同的参数
2018-07-09 17:59:20,825 - Flask - INFO - 进入get_url
2018-07-09 17:59:20,865 - Flask - INFO - url：identity/auth
2018-07-09 17:59:20,867 - Flask - INFO - {'res_data': None, 'url_name': u'\u8eab\u4efd\u6838\u9a8c', 'req_form': u'name=&cid=', 'req_blob': '"{\\"resCode\\":\\"2010\\",\\"resMsg\\":\\"\\u8eab\\u4efd\\u9a8c\\u8bc1\\u6210\\u529f\\",\\"tid\\":\\"1035005015311265343457585\\",\\"sign\\":\\"DA2978EA49CF70124E897277145C153D\\"}"', 'url': u'identity/auth', 'method': u'get', 'req_data': u'name=\u674e\u56db'}
2018-07-09 17:59:20,867 - Flask - INFO - identity/auth
2018-07-09 17:59:20,867 - Flask - INFO - url和path相同
2018-07-09 17:59:20,867 - Flask - INFO - {'res_data': None, 'url_name': u'1', 'req_form': u'1', 'req_blob': '"1"', 'url': u'1', 'method': u'1', 'req_data': u'1'}
2018-07-09 17:59:20,867 - Flask - INFO - 1
2018-07-09 17:59:20,867 - Flask - INFO - {'res_data': u'{"resCode":"2010","resMsg":"\u8eab\u4efd\u9a8c\u8bc1\u6210\u529f","tid":"1035005015308488944002252","sign":"5BD345A74B2EECD92541B228553E3102"}', 'url_name': u'\u8eab\u4efd\u6838\u9a8c\u4e0d\u8fd4\u71672', 'req_form': u'name=&account=&sign=&cid=', 'req_blob': '{"tid": "1035005015310118542372260", "sign": "A74D2BFC07EFF29A597897E0BA48D427", "resCode": "2010", "resMsg": "\\u8eab\\u4efd\\u9a8c\\u8bc1\\u6210\\u529f"}', 'url': u'data-service/identity/auth', 'method': u'get', 'req_data': u'name=\u5f20\u4e09'}
2018-07-09 17:59:20,867 - Flask - INFO - data-service/identity/auth
2018-07-09 17:59:20,867 - Flask - INFO - {'res_data': u'{"resCode":"2010","resMsg":"\u8eab\u4efd\u9a8c\u8bc1\u6210\u529f","tid":"1035005015308488944002252","sign":"5BD345A74B2EECD92541B228553E3102"}', 'url_name': u'\u8eab\u4efd\u6838\u9a8c\u4e0d\u8fd4\u7167', 'req_form': u'name=&account=&sign=&cid=', 'req_blob': '{"tid": "1035005015310118542372260", "sign": "A74D2BFC07EFF29A597897E0BA48D427", "resCode": "2010", "resMsg": "\\u8eab\\u4efd\\u9a8c\\u8bc1\\u6210\\u529f"}', 'url': u'identity/auth', 'method': u'get', 'req_data': u'name=\u5f20\u4e09'}
2018-07-09 17:59:20,867 - Flask - INFO - identity/auth
2018-07-09 17:59:20,867 - Flask - INFO - url和path相同
2018-07-09 17:59:20,868 - Flask - INFO - [u'name=\u674e\u56db', u'name=\u5f20\u4e09']
2018-07-09 17:59:20,868 - Flask - INFO - ['"{\\"resCode\\":\\"2010\\",\\"resMsg\\":\\"\\u8eab\\u4efd\\u9a8c\\u8bc1\\u6210\\u529f\\",\\"tid\\":\\"1035005015311265343457585\\",\\"sign\\":\\"DA2978EA49CF70124E897277145C153D\\"}"', '{"tid": "1035005015310118542372260", "sign": "A74D2BFC07EFF29A597897E0BA48D427", "resCode": "2010", "resMsg": "\\u8eab\\u4efd\\u9a8c\\u8bc1\\u6210\\u529f"}']
2018-07-09 17:59:20,868 - Flask - INFO - method==GET
2018-07-09 17:59:20,868 - Flask - INFO - 获取请求参数:张三
2018-07-09 17:59:20,868 - Flask - INFO - 获取数据库中存储的请求参数：李四
2018-07-09 17:59:20,868 - Flask - INFO - 字段继续找下一个
2018-07-09 17:59:20,868 - Flask - INFO - 获取请求参数:张三
2018-07-09 17:59:20,868 - Flask - INFO - 获取数据库中存储的请求参数：张三
2018-07-09 17:59:20,868 - Flask - INFO - 在库中找到了相同的参数
2018-07-09 17:59:20,868 - Flask - INFO - 参数继续找下一个
2018-07-09 17:59:20,868 - Flask - INFO - 参数继续找下一个
2018-07-09 17:59:20,868 - Flask - INFO - 参数继续找下一个
2018-07-09 17:59:20,868 - Flask - INFO - 参数继续找下一个
