2018-06-27 16:33:02,546 - testlog - INFO - 正在获取apilist===============================================
2018-06-27 16:33:02,546 - testlog - INFO - 正在获取apilist===============================================
2018-06-27 16:33:02,605 - testlog - INFO - 已经获取到apilist并返回=========================
2018-06-27 16:33:02,605 - testlog - INFO - 已经获取到apilist并返回=========================
2018-06-27 16:33:02,605 - testlog - INFO - ((1L, u'\u5b66\u5386\u7b80\u7248', u'/data-service/edu/querydet', u'get', u'cid,name', u'7', u'account,cid,name,reqTid', u'cid,name,reqTid,account,sign', u'ds_edu.user_edu_data'), (2L, u'\u5b66\u5386\u7b80\u72482', u'/data-service/edu/querydet', u'get', u'cid,name', u'7', u'account,cid,name,reqTid', u'cid,name,reqTid,account,sign', u'ds_edu.user_edu_data'), (3L, u'test1', u'/data-server/ssw', u'post', u'name,cid', u'1111', u'name,cid,phone', u'name,cid', u'zx_user_history'))
2018-06-27 16:33:02,605 - testlog - INFO - ((1L, u'\u5b66\u5386\u7b80\u7248', u'/data-service/edu/querydet', u'get', u'cid,name', u'7', u'account,cid,name,reqTid', u'cid,name,reqTid,account,sign', u'ds_edu.user_edu_data'), (2L, u'\u5b66\u5386\u7b80\u72482', u'/data-service/edu/querydet', u'get', u'cid,name', u'7', u'account,cid,name,reqTid', u'cid,name,reqTid,account,sign', u'ds_edu.user_edu_data'), (3L, u'test1', u'/data-server/ssw', u'post', u'name,cid', u'1111', u'name,cid,phone', u'name,cid', u'zx_user_history'))
2018-06-27 16:33:02,947 - testlog - INFO - 正在获取apilist===============================================
2018-06-27 16:33:02,947 - testlog - INFO - 正在获取apilist===============================================
2018-06-27 16:33:02,992 - testlog - INFO - 已经获取到apilist并返回=========================
2018-06-27 16:33:02,992 - testlog - INFO - 已经获取到apilist并返回=========================
2018-06-27 16:33:02,992 - testlog - INFO - ((1L, u'\u5b66\u5386\u7b80\u7248', u'/data-service/edu/querydet', u'get', u'cid,name', u'7', u'account,cid,name,reqTid', u'cid,name,reqTid,account,sign', u'ds_edu.user_edu_data'), (2L, u'\u5b66\u5386\u7b80\u72482', u'/data-service/edu/querydet', u'get', u'cid,name', u'7', u'account,cid,name,reqTid', u'cid,name,reqTid,account,sign', u'ds_edu.user_edu_data'), (3L, u'test1', u'/data-server/ssw', u'post', u'name,cid', u'1111', u'name,cid,phone', u'name,cid', u'zx_user_history'))
2018-06-27 16:33:02,992 - testlog - INFO - ((1L, u'\u5b66\u5386\u7b80\u7248', u'/data-service/edu/querydet', u'get', u'cid,name', u'7', u'account,cid,name,reqTid', u'cid,name,reqTid,account,sign', u'ds_edu.user_edu_data'), (2L, u'\u5b66\u5386\u7b80\u72482', u'/data-service/edu/querydet', u'get', u'cid,name', u'7', u'account,cid,name,reqTid', u'cid,name,reqTid,account,sign', u'ds_edu.user_edu_data'), (3L, u'test1', u'/data-server/ssw', u'post', u'name,cid', u'1111', u'name,cid,phone', u'name,cid', u'zx_user_history'))
2018-06-27 16:33:12,519 - testlog - INFO - 正在初始化当前测试用例
2018-06-27 16:33:12,519 - testlog - INFO - 正在初始化当前测试用例
2018-06-27 16:33:12,519 - testlog - INFO - {'account': 'apisunsuwei', 'reqId': '1234', 'reqTid': '1234'}
2018-06-27 16:33:12,519 - testlog - INFO - {'account': 'apisunsuwei', 'reqId': '1234', 'reqTid': '1234'}
2018-06-27 16:33:12,519 - testlog - INFO - 正在执行的是第1个接口:学历简版，查询缓存
2018-06-27 16:33:12,519 - testlog - INFO - 正在执行的是第1个接口:学历简版，查询缓存
2018-06-27 16:33:12,519 - testlog - INFO - 正在从数据库中获取数据.......
2018-06-27 16:33:12,519 - testlog - INFO - 正在从数据库中获取数据.......
2018-06-27 16:33:12,552 - testlog - INFO - 正在从ds_edu.user_edu_data获取数据......
2018-06-27 16:33:12,552 - testlog - INFO - 正在从ds_edu.user_edu_data获取数据......
2018-06-27 16:33:12,559 - testlog - INFO - 正在使用idt排序查询
2018-06-27 16:33:12,559 - testlog - INFO - 正在使用idt排序查询
2018-06-27 16:33:12,569 - testlog - INFO - md5排序后的值为：=============accountapisunsuweicid422103197102276312name丰海兵reqTid1234
2018-06-27 16:33:12,569 - testlog - INFO - md5排序后的值为：=============accountapisunsuweicid422103197102276312name丰海兵reqTid1234
2018-06-27 16:33:12,569 - testlog - INFO - 正在进行md5加密
2018-06-27 16:33:12,569 - testlog - INFO - 正在进行md5加密
2018-06-27 16:33:12,571 - testlog - INFO - 正在发送get请求:/data-service/edu/querydet
2018-06-27 16:33:12,571 - testlog - INFO - 正在发送get请求:/data-service/edu/querydet
2018-06-27 16:33:12,605 - testlog - INFO - 正在初始化当前测试用例
2018-06-27 16:33:12,605 - testlog - INFO - 正在初始化当前测试用例
2018-06-27 16:33:12,605 - testlog - INFO - {'account': 'apisunsuwei', 'reqId': '1234', 'reqTid': '1234'}
2018-06-27 16:33:12,605 - testlog - INFO - {'account': 'apisunsuwei', 'reqId': '1234', 'reqTid': '1234'}
2018-06-27 16:33:12,605 - testlog - INFO - 正在执行的是第2个接口:学历简版2，查询缓存
2018-06-27 16:33:12,605 - testlog - INFO - 正在执行的是第2个接口:学历简版2，查询缓存
2018-06-27 16:33:12,605 - testlog - INFO - 正在从数据库中获取数据.......
2018-06-27 16:33:12,605 - testlog - INFO - 正在从数据库中获取数据.......
2018-06-27 16:33:12,661 - testlog - INFO - 正在从ds_edu.user_edu_data获取数据......
2018-06-27 16:33:12,661 - testlog - INFO - 正在从ds_edu.user_edu_data获取数据......
2018-06-27 16:33:12,667 - testlog - INFO - 正在使用idt排序查询
2018-06-27 16:33:12,667 - testlog - INFO - 正在使用idt排序查询
2018-06-27 16:33:12,678 - testlog - INFO - md5排序后的值为：=============accountapisunsuweicid422103197102276312name丰海兵reqTid1234
2018-06-27 16:33:12,678 - testlog - INFO - md5排序后的值为：=============accountapisunsuweicid422103197102276312name丰海兵reqTid1234
2018-06-27 16:33:12,678 - testlog - INFO - 正在进行md5加密
2018-06-27 16:33:12,678 - testlog - INFO - 正在进行md5加密
2018-06-27 16:33:12,678 - testlog - INFO - 正在发送get请求:/data-service/edu/querydet
2018-06-27 16:33:12,678 - testlog - INFO - 正在发送get请求:/data-service/edu/querydet
2018-06-27 16:33:12,680 - testlog - INFO - 正在初始化当前测试用例
2018-06-27 16:33:12,680 - testlog - INFO - 正在初始化当前测试用例
2018-06-27 16:33:12,680 - testlog - INFO - {'account': 'apisunsuwei', 'reqId': '1234', 'reqTid': '1234'}
2018-06-27 16:33:12,680 - testlog - INFO - {'account': 'apisunsuwei', 'reqId': '1234', 'reqTid': '1234'}
2018-06-27 16:33:12,681 - testlog - INFO - 正在执行的是第3个接口:test1，查询缓存
2018-06-27 16:33:12,681 - testlog - INFO - 正在执行的是第3个接口:test1，查询缓存
2018-06-27 16:33:12,681 - testlog - INFO - 正在从数据库中获取数据.......
2018-06-27 16:33:12,681 - testlog - INFO - 正在从数据库中获取数据.......
