2018-07-04 16:37:25,052 - Method_Log - INFO - 正在获取apilist===============================================
2018-07-04 16:37:25,348 - Method_Log - INFO - 已经获取到apilist并返回=========================
2018-07-04 16:37:25,694 - Method_Log - INFO - 正在获取apilist===============================================
2018-07-04 16:37:26,022 - Method_Log - INFO - 已经获取到apilist并返回=========================
2018-07-04 16:37:28,653 - Flask - INFO - 来到了测试历史记录页面===================
2018-07-04 16:37:28,923 - Flask - INFO - [{'status': u'Failed', 'report': u'D:pythonapi_flask/apiTest/report/2018-07-04-15_20_16HTMLtemplate.html', 'pass_num': u'3', 'date': u'2018-07-04 15:20:20', 'history_id': 1, 'fail_num': u'3'}, {'status': u'FAIL', 'report': u'D:pythonapi_flask/apiTest/report/2018-07-04-15_20_16HTMLtemplate.html', 'pass_num': u'15', 'date': u'2018-06-21 11:11:22', 'history_id': 2, 'fail_num': u'1'}, {'status': u'Pass', 'report': u'D:pythonapi_flask/apiTest/report/2018-07-04-15_20_16HTMLtemplate.html', 'pass_num': u'11', 'date': u'2018-06-21 11:11:11', 'history_id': 3, 'fail_num': u'2'}]
2018-07-04 16:37:32,686 - Flask - INFO - 来到了主界面===========================
2018-07-04 16:37:33,713 - Flask - INFO - 来到了测试历史记录页面===================
2018-07-04 16:37:34,006 - Flask - INFO - [{'status': u'Failed', 'report': u'D:pythonapi_flask/apiTest/report/2018-07-04-15_20_16HTMLtemplate.html', 'pass_num': u'3', 'date': u'2018-07-04 15:20:20', 'history_id': 1, 'fail_num': u'3'}, {'status': u'FAIL', 'report': u'D:pythonapi_flask/apiTest/report/2018-07-04-15_20_16HTMLtemplate.html', 'pass_num': u'15', 'date': u'2018-06-21 11:11:22', 'history_id': 2, 'fail_num': u'1'}, {'status': u'Pass', 'report': u'D:pythonapi_flask/apiTest/report/2018-07-04-15_20_16HTMLtemplate.html', 'pass_num': u'11', 'date': u'2018-06-21 11:11:11', 'history_id': 3, 'fail_num': u'2'}]
2018-07-04 16:37:35,039 - Flask - INFO - 来到了start_test页面=========================
2018-07-04 16:37:35,039 - Flask - INFO - 获取到的select_value为：None
2018-07-04 16:37:35,039 - Flask - INFO - 当前展示第1页数据
2018-07-04 16:37:35,319 - Flask - INFO - 总共有3个api
2018-07-04 16:37:35,319 - Flask - INFO - (0.3, 0.0)
2018-07-04 16:37:35,319 - Flask - INFO - ================当前的页数为1=========
2018-07-04 16:37:35,319 - Flask - INFO - ===============应分为1页=============
2018-07-04 16:37:35,364 - Flask - INFO - [{'cache_table': u'ds_edu.user_edu_data', 'url': u'/data-service/edu/querydet', 'url_name': u'\u5b66\u5386\u7b80\u7248', 'id': 1L}, {'cache_table': u'ds_edu.user_edu_data', 'url': u'/data-service/edu/querydet', 'url_name': u'\u5b66\u5386\u7b80\u72482', 'id': 2L}, {'cache_table': u'', 'url': u'/data-service/telecom/rephonenum', 'url_name': u'\u8fd0\u8425\u5546\u4e8c\u6b21\u653e\u53f7', 'id': 14L}]
2018-07-04 16:37:36,835 - Flask - INFO - 来到了添加新接口界面=========================
2018-07-04 16:37:39,489 - Flask - INFO - 来到了主界面===========================
2018-07-04 16:37:57,598 - Flask - INFO - 来到了测试历史记录页面===================
2018-07-04 16:37:57,907 - Flask - INFO - [{'status': u'Failed', 'report': u'D:pythonapi_flask/apiTest/report/2018-07-04-15_20_16HTMLtemplate.html', 'pass_num': u'3', 'date': u'2018-07-04 15:20:20', 'history_id': 1, 'fail_num': u'3'}, {'status': u'FAIL', 'report': u'D:pythonapi_flask/apiTest/report/2018-07-04-15_20_16HTMLtemplate.html', 'pass_num': u'15', 'date': u'2018-06-21 11:11:22', 'history_id': 2, 'fail_num': u'1'}, {'status': u'Pass', 'report': u'D:pythonapi_flask/apiTest/report/2018-07-04-15_20_16HTMLtemplate.html', 'pass_num': u'11', 'date': u'2018-06-21 11:11:11', 'history_id': 3, 'fail_num': u'2'}]
2018-07-04 16:38:19,901 - Flask - INFO - 来到了start_test页面=========================
2018-07-04 16:38:19,901 - Flask - INFO - 获取到的select_value为：None
2018-07-04 16:38:19,901 - Flask - INFO - 当前展示第1页数据
2018-07-04 16:38:19,944 - Flask - INFO - 总共有3个api
2018-07-04 16:38:19,944 - Flask - INFO - (0.3, 0.0)
2018-07-04 16:38:19,944 - Flask - INFO - ================当前的页数为1=========
2018-07-04 16:38:19,944 - Flask - INFO - ===============应分为1页=============
2018-07-04 16:38:19,953 - Flask - INFO - [{'cache_table': u'ds_edu.user_edu_data', 'url': u'/data-service/edu/querydet', 'url_name': u'\u5b66\u5386\u7b80\u7248', 'id': 1L}, {'cache_table': u'ds_edu.user_edu_data', 'url': u'/data-service/edu/querydet', 'url_name': u'\u5b66\u5386\u7b80\u72482', 'id': 2L}, {'cache_table': u'', 'url': u'/data-service/telecom/rephonenum', 'url_name': u'\u8fd0\u8425\u5546\u4e8c\u6b21\u653e\u53f7', 'id': 14L}]
2018-07-04 16:38:24,961 - Flask - INFO - 来到了测试历史记录页面===================
2018-07-04 16:38:25,000 - Flask - INFO - [{'status': u'Failed', 'report': u'D:pythonapi_flask/apiTest/report/2018-07-04-15_20_16HTMLtemplate.html', 'pass_num': u'3', 'date': u'2018-07-04 15:20:20', 'history_id': 1, 'fail_num': u'3'}, {'status': u'FAIL', 'report': u'D:pythonapi_flask/apiTest/report/2018-07-04-15_20_16HTMLtemplate.html', 'pass_num': u'15', 'date': u'2018-06-21 11:11:22', 'history_id': 2, 'fail_num': u'1'}, {'status': u'Pass', 'report': u'D:pythonapi_flask/apiTest/report/2018-07-04-15_20_16HTMLtemplate.html', 'pass_num': u'11', 'date': u'2018-06-21 11:11:11', 'history_id': 3, 'fail_num': u'2'}]
2018-07-04 16:38:25,992 - Flask - INFO - 来到了start_test页面=========================
2018-07-04 16:38:25,993 - Flask - INFO - 获取到的select_value为：None
2018-07-04 16:38:25,993 - Flask - INFO - 当前展示第1页数据
2018-07-04 16:38:26,029 - Flask - INFO - 总共有3个api
2018-07-04 16:38:26,029 - Flask - INFO - (0.3, 0.0)
2018-07-04 16:38:26,029 - Flask - INFO - ================当前的页数为1=========
2018-07-04 16:38:26,029 - Flask - INFO - ===============应分为1页=============
2018-07-04 16:38:26,038 - Flask - INFO - [{'cache_table': u'ds_edu.user_edu_data', 'url': u'/data-service/edu/querydet', 'url_name': u'\u5b66\u5386\u7b80\u7248', 'id': 1L}, {'cache_table': u'ds_edu.user_edu_data', 'url': u'/data-service/edu/querydet', 'url_name': u'\u5b66\u5386\u7b80\u72482', 'id': 2L}, {'cache_table': u'', 'url': u'/data-service/telecom/rephonenum', 'url_name': u'\u8fd0\u8425\u5546\u4e8c\u6b21\u653e\u53f7', 'id': 14L}]
2018-07-04 16:38:26,894 - Flask - INFO - 来到了添加新接口界面=========================
2018-07-04 16:38:29,223 - Flask - INFO - 来到了测试历史记录页面===================
2018-07-04 16:38:29,303 - Flask - INFO - [{'status': u'Failed', 'report': u'D:pythonapi_flask/apiTest/report/2018-07-04-15_20_16HTMLtemplate.html', 'pass_num': u'3', 'date': u'2018-07-04 15:20:20', 'history_id': 1, 'fail_num': u'3'}, {'status': u'FAIL', 'report': u'D:pythonapi_flask/apiTest/report/2018-07-04-15_20_16HTMLtemplate.html', 'pass_num': u'15', 'date': u'2018-06-21 11:11:22', 'history_id': 2, 'fail_num': u'1'}, {'status': u'Pass', 'report': u'D:pythonapi_flask/apiTest/report/2018-07-04-15_20_16HTMLtemplate.html', 'pass_num': u'11', 'date': u'2018-06-21 11:11:11', 'history_id': 3, 'fail_num': u'2'}]
2018-07-04 16:38:30,101 - Flask - INFO - 来到了主界面===========================
2018-07-04 16:38:32,332 - Flask - INFO - 来到了测试历史记录页面===================
2018-07-04 16:38:32,369 - Flask - INFO - [{'status': u'Failed', 'report': u'D:pythonapi_flask/apiTest/report/2018-07-04-15_20_16HTMLtemplate.html', 'pass_num': u'3', 'date': u'2018-07-04 15:20:20', 'history_id': 1, 'fail_num': u'3'}, {'status': u'FAIL', 'report': u'D:pythonapi_flask/apiTest/report/2018-07-04-15_20_16HTMLtemplate.html', 'pass_num': u'15', 'date': u'2018-06-21 11:11:22', 'history_id': 2, 'fail_num': u'1'}, {'status': u'Pass', 'report': u'D:pythonapi_flask/apiTest/report/2018-07-04-15_20_16HTMLtemplate.html', 'pass_num': u'11', 'date': u'2018-06-21 11:11:11', 'history_id': 3, 'fail_num': u'2'}]
2018-07-04 16:38:50,186 - Flask - INFO - 来到了start_test页面=========================
2018-07-04 16:38:50,187 - Flask - INFO - 获取到的select_value为：None
2018-07-04 16:38:50,187 - Flask - INFO - 当前展示第1页数据
2018-07-04 16:38:50,223 - Flask - INFO - 总共有3个api
2018-07-04 16:38:50,224 - Flask - INFO - (0.3, 0.0)
2018-07-04 16:38:50,224 - Flask - INFO - ================当前的页数为1=========
2018-07-04 16:38:50,224 - Flask - INFO - ===============应分为1页=============
2018-07-04 16:38:50,233 - Flask - INFO - [{'cache_table': u'ds_edu.user_edu_data', 'url': u'/data-service/edu/querydet', 'url_name': u'\u5b66\u5386\u7b80\u7248', 'id': 1L}, {'cache_table': u'ds_edu.user_edu_data', 'url': u'/data-service/edu/querydet', 'url_name': u'\u5b66\u5386\u7b80\u72482', 'id': 2L}, {'cache_table': u'', 'url': u'/data-service/telecom/rephonenum', 'url_name': u'\u8fd0\u8425\u5546\u4e8c\u6b21\u653e\u53f7', 'id': 14L}]
2018-07-04 16:38:59,631 - Flask - INFO - 来到了测试历史记录页面===================
2018-07-04 16:38:59,671 - Flask - INFO - [{'status': u'Failed', 'report': u'D:pythonapi_flask/apiTest/report/2018-07-04-15_20_16HTMLtemplate.html', 'pass_num': u'3', 'date': u'2018-07-04 15:20:20', 'history_id': 1, 'fail_num': u'3'}, {'status': u'FAIL', 'report': u'D:pythonapi_flask/apiTest/report/2018-07-04-15_20_16HTMLtemplate.html', 'pass_num': u'15', 'date': u'2018-06-21 11:11:22', 'history_id': 2, 'fail_num': u'1'}, {'status': u'Pass', 'report': u'D:pythonapi_flask/apiTest/report/2018-07-04-15_20_16HTMLtemplate.html', 'pass_num': u'11', 'date': u'2018-06-21 11:11:11', 'history_id': 3, 'fail_num': u'2'}]
2018-07-04 16:39:01,292 - Flask - INFO - 来到了start_test页面=========================
2018-07-04 16:39:01,293 - Flask - INFO - 获取到的select_value为：None
2018-07-04 16:39:01,293 - Flask - INFO - 当前展示第1页数据
2018-07-04 16:39:01,331 - Flask - INFO - 总共有3个api
2018-07-04 16:39:01,332 - Flask - INFO - (0.3, 0.0)
2018-07-04 16:39:01,332 - Flask - INFO - ================当前的页数为1=========
2018-07-04 16:39:01,332 - Flask - INFO - ===============应分为1页=============
2018-07-04 16:39:01,338 - Flask - INFO - [{'cache_table': u'ds_edu.user_edu_data', 'url': u'/data-service/edu/querydet', 'url_name': u'\u5b66\u5386\u7b80\u7248', 'id': 1L}, {'cache_table': u'ds_edu.user_edu_data', 'url': u'/data-service/edu/querydet', 'url_name': u'\u5b66\u5386\u7b80\u72482', 'id': 2L}, {'cache_table': u'', 'url': u'/data-service/telecom/rephonenum', 'url_name': u'\u8fd0\u8425\u5546\u4e8c\u6b21\u653e\u53f7', 'id': 14L}]
2018-07-04 16:39:29,576 - Flask - INFO - 来到了start_test页面=========================
2018-07-04 16:39:29,576 - Flask - INFO - 获取到的select_value为：None
2018-07-04 16:39:29,578 - Flask - INFO - 当前展示第1页数据
2018-07-04 16:39:29,628 - Flask - INFO - 总共有3个api
2018-07-04 16:39:29,628 - Flask - INFO - (0.3, 0.0)
2018-07-04 16:39:29,630 - Flask - INFO - ================当前的页数为1=========
2018-07-04 16:39:29,630 - Flask - INFO - ===============应分为1页=============
2018-07-04 16:39:29,638 - Flask - INFO - [{'cache_table': u'ds_edu.user_edu_data', 'url': u'/data-service/edu/querydet', 'url_name': u'\u5b66\u5386\u7b80\u7248', 'id': 1L}, {'cache_table': u'ds_edu.user_edu_data', 'url': u'/data-service/edu/querydet', 'url_name': u'\u5b66\u5386\u7b80\u72482', 'id': 2L}, {'cache_table': u'', 'url': u'/data-service/telecom/rephonenum', 'url_name': u'\u8fd0\u8425\u5546\u4e8c\u6b21\u653e\u53f7', 'id': 14L}]
2018-07-04 16:39:30,631 - Flask - INFO - 来到了start_test页面=========================
2018-07-04 16:39:30,631 - Flask - INFO - 获取到的select_value为：None
2018-07-04 16:39:30,632 - Flask - INFO - 当前展示第2页数据
2018-07-04 16:39:30,670 - Flask - INFO - 总共有3个api
2018-07-04 16:39:30,670 - Flask - INFO - (0.3, 0.0)
2018-07-04 16:39:30,670 - Flask - INFO - ================当前的页数为2=========
2018-07-04 16:39:30,670 - Flask - INFO - ===============应分为1页=============
2018-07-04 16:39:30,676 - Flask - INFO - []
2018-07-04 16:39:33,536 - Flask - INFO - 来到了start_test页面=========================
2018-07-04 16:39:33,536 - Flask - INFO - 获取到的select_value为：None
2018-07-04 16:39:33,536 - Flask - INFO - 当前展示第1页数据
2018-07-04 16:39:33,572 - Flask - INFO - 总共有3个api
2018-07-04 16:39:33,572 - Flask - INFO - (0.3, 0.0)
2018-07-04 16:39:33,572 - Flask - INFO - ================当前的页数为1=========
2018-07-04 16:39:33,572 - Flask - INFO - ===============应分为1页=============
2018-07-04 16:39:33,579 - Flask - INFO - [{'cache_table': u'ds_edu.user_edu_data', 'url': u'/data-service/edu/querydet', 'url_name': u'\u5b66\u5386\u7b80\u7248', 'id': 1L}, {'cache_table': u'ds_edu.user_edu_data', 'url': u'/data-service/edu/querydet', 'url_name': u'\u5b66\u5386\u7b80\u72482', 'id': 2L}, {'cache_table': u'', 'url': u'/data-service/telecom/rephonenum', 'url_name': u'\u8fd0\u8425\u5546\u4e8c\u6b21\u653e\u53f7', 'id': 14L}]
2018-07-04 16:39:35,148 - Flask - INFO - 来到了测试历史记录页面===================
2018-07-04 16:39:35,187 - Flask - INFO - [{'status': u'Failed', 'report': u'D:pythonapi_flask/apiTest/report/2018-07-04-15_20_16HTMLtemplate.html', 'pass_num': u'3', 'date': u'2018-07-04 15:20:20', 'history_id': 1, 'fail_num': u'3'}, {'status': u'FAIL', 'report': u'D:pythonapi_flask/apiTest/report/2018-07-04-15_20_16HTMLtemplate.html', 'pass_num': u'15', 'date': u'2018-06-21 11:11:22', 'history_id': 2, 'fail_num': u'1'}, {'status': u'Pass', 'report': u'D:pythonapi_flask/apiTest/report/2018-07-04-15_20_16HTMLtemplate.html', 'pass_num': u'11', 'date': u'2018-06-21 11:11:11', 'history_id': 3, 'fail_num': u'2'}]
2018-07-04 16:39:56,403 - Flask - INFO - 来到了start_test页面=========================
2018-07-04 16:39:56,403 - Flask - INFO - 获取到的select_value为：None
2018-07-04 16:39:56,403 - Flask - INFO - 当前展示第1页数据
2018-07-04 16:39:56,437 - Flask - INFO - 总共有3个api
2018-07-04 16:39:56,437 - Flask - INFO - (0.3, 0.0)
2018-07-04 16:39:56,437 - Flask - INFO - ================当前的页数为1=========
2018-07-04 16:39:56,437 - Flask - INFO - ===============应分为1页=============
2018-07-04 16:39:56,444 - Flask - INFO - [{'cache_table': u'ds_edu.user_edu_data', 'url': u'/data-service/edu/querydet', 'url_name': u'\u5b66\u5386\u7b80\u7248', 'id': 1L}, {'cache_table': u'ds_edu.user_edu_data', 'url': u'/data-service/edu/querydet', 'url_name': u'\u5b66\u5386\u7b80\u72482', 'id': 2L}, {'cache_table': u'', 'url': u'/data-service/telecom/rephonenum', 'url_name': u'\u8fd0\u8425\u5546\u4e8c\u6b21\u653e\u53f7', 'id': 14L}]
2018-07-04 16:39:57,372 - Flask - INFO - 来到了添加新接口界面=========================
2018-07-04 16:39:58,273 - Flask - INFO - 来到了start_test页面=========================
2018-07-04 16:39:58,273 - Flask - INFO - 获取到的select_value为：None
2018-07-04 16:39:58,273 - Flask - INFO - 当前展示第1页数据
2018-07-04 16:39:58,312 - Flask - INFO - 总共有3个api
2018-07-04 16:39:58,312 - Flask - INFO - (0.3, 0.0)
2018-07-04 16:39:58,312 - Flask - INFO - ================当前的页数为1=========
2018-07-04 16:39:58,312 - Flask - INFO - ===============应分为1页=============
2018-07-04 16:39:58,319 - Flask - INFO - [{'cache_table': u'ds_edu.user_edu_data', 'url': u'/data-service/edu/querydet', 'url_name': u'\u5b66\u5386\u7b80\u7248', 'id': 1L}, {'cache_table': u'ds_edu.user_edu_data', 'url': u'/data-service/edu/querydet', 'url_name': u'\u5b66\u5386\u7b80\u72482', 'id': 2L}, {'cache_table': u'', 'url': u'/data-service/telecom/rephonenum', 'url_name': u'\u8fd0\u8425\u5546\u4e8c\u6b21\u653e\u53f7', 'id': 14L}]
2018-07-04 16:39:58,895 - Flask - INFO - 来到了添加新接口界面=========================
2018-07-04 16:40:04,029 - Flask - INFO - 来到了start_test页面=========================
2018-07-04 16:40:04,029 - Flask - INFO - 获取到的select_value为：None
2018-07-04 16:40:04,029 - Flask - INFO - 当前展示第1页数据
2018-07-04 16:40:04,069 - Flask - INFO - 总共有3个api
2018-07-04 16:40:04,069 - Flask - INFO - (0.3, 0.0)
2018-07-04 16:40:04,069 - Flask - INFO - ================当前的页数为1=========
2018-07-04 16:40:04,069 - Flask - INFO - ===============应分为1页=============
2018-07-04 16:40:04,078 - Flask - INFO - [{'cache_table': u'ds_edu.user_edu_data', 'url': u'/data-service/edu/querydet', 'url_name': u'\u5b66\u5386\u7b80\u7248', 'id': 1L}, {'cache_table': u'ds_edu.user_edu_data', 'url': u'/data-service/edu/querydet', 'url_name': u'\u5b66\u5386\u7b80\u72482', 'id': 2L}, {'cache_table': u'', 'url': u'/data-service/telecom/rephonenum', 'url_name': u'\u8fd0\u8425\u5546\u4e8c\u6b21\u653e\u53f7', 'id': 14L}]
2018-07-04 16:40:05,197 - Flask - INFO - 来到了测试历史记录页面===================
2018-07-04 16:40:05,272 - Flask - INFO - [{'status': u'Failed', 'report': u'D:pythonapi_flask/apiTest/report/2018-07-04-15_20_16HTMLtemplate.html', 'pass_num': u'3', 'date': u'2018-07-04 15:20:20', 'history_id': 1, 'fail_num': u'3'}, {'status': u'FAIL', 'report': u'D:pythonapi_flask/apiTest/report/2018-07-04-15_20_16HTMLtemplate.html', 'pass_num': u'15', 'date': u'2018-06-21 11:11:22', 'history_id': 2, 'fail_num': u'1'}, {'status': u'Pass', 'report': u'D:pythonapi_flask/apiTest/report/2018-07-04-15_20_16HTMLtemplate.html', 'pass_num': u'11', 'date': u'2018-06-21 11:11:11', 'history_id': 3, 'fail_num': u'2'}]
2018-07-04 16:41:01,887 - Flask - INFO - 来到了start_test页面=========================
2018-07-04 16:41:01,887 - Flask - INFO - 获取到的select_value为：None
2018-07-04 16:41:01,887 - Flask - INFO - 当前展示第1页数据
2018-07-04 16:41:01,924 - Flask - INFO - 总共有3个api
2018-07-04 16:41:01,924 - Flask - INFO - (0.3, 0.0)
2018-07-04 16:41:01,924 - Flask - INFO - ================当前的页数为1=========
2018-07-04 16:41:01,924 - Flask - INFO - ===============应分为1页=============
2018-07-04 16:41:01,933 - Flask - INFO - [{'cache_table': u'ds_edu.user_edu_data', 'url': u'/data-service/edu/querydet', 'url_name': u'\u5b66\u5386\u7b80\u7248', 'id': 1L}, {'cache_table': u'ds_edu.user_edu_data', 'url': u'/data-service/edu/querydet', 'url_name': u'\u5b66\u5386\u7b80\u72482', 'id': 2L}, {'cache_table': u'', 'url': u'/data-service/telecom/rephonenum', 'url_name': u'\u8fd0\u8425\u5546\u4e8c\u6b21\u653e\u53f7', 'id': 14L}]
2018-07-04 16:41:02,793 - Flask - INFO - 来到了添加新接口界面=========================
2018-07-04 16:41:03,440 - Flask - INFO - 来到了start_test页面=========================
2018-07-04 16:41:03,440 - Flask - INFO - 获取到的select_value为：None
2018-07-04 16:41:03,440 - Flask - INFO - 当前展示第1页数据
2018-07-04 16:41:03,483 - Flask - INFO - 总共有3个api
2018-07-04 16:41:03,483 - Flask - INFO - (0.3, 0.0)
2018-07-04 16:41:03,483 - Flask - INFO - ================当前的页数为1=========
2018-07-04 16:41:03,483 - Flask - INFO - ===============应分为1页=============
2018-07-04 16:41:03,493 - Flask - INFO - [{'cache_table': u'ds_edu.user_edu_data', 'url': u'/data-service/edu/querydet', 'url_name': u'\u5b66\u5386\u7b80\u7248', 'id': 1L}, {'cache_table': u'ds_edu.user_edu_data', 'url': u'/data-service/edu/querydet', 'url_name': u'\u5b66\u5386\u7b80\u72482', 'id': 2L}, {'cache_table': u'', 'url': u'/data-service/telecom/rephonenum', 'url_name': u'\u8fd0\u8425\u5546\u4e8c\u6b21\u653e\u53f7', 'id': 14L}]
2018-07-04 16:48:24,971 - Flask - INFO - 来到了主界面===========================
2018-07-04 16:48:25,969 - Flask - INFO - 来到了测试历史记录页面===================
2018-07-04 16:48:26,015 - Flask - INFO - [{'status': u'Failed', 'report': u'D:pythonapi_flask/apiTest/report/2018-07-04-15_20_16HTMLtemplate.html', 'pass_num': u'3', 'date': u'2018-07-04 15:20:20', 'history_id': 1, 'fail_num': u'3'}, {'status': u'FAIL', 'report': u'D:pythonapi_flask/apiTest/report/2018-07-04-15_20_16HTMLtemplate.html', 'pass_num': u'15', 'date': u'2018-06-21 11:11:22', 'history_id': 2, 'fail_num': u'1'}, {'status': u'Pass', 'report': u'D:pythonapi_flask/apiTest/report/2018-07-04-15_20_16HTMLtemplate.html', 'pass_num': u'11', 'date': u'2018-06-21 11:11:11', 'history_id': 3, 'fail_num': u'2'}]
2018-07-04 16:48:27,641 - Flask - INFO - 来到了start_test页面=========================
2018-07-04 16:48:27,642 - Flask - INFO - 获取到的select_value为：None
2018-07-04 16:48:27,642 - Flask - INFO - 当前展示第1页数据
2018-07-04 16:48:27,677 - Flask - INFO - 总共有3个api
2018-07-04 16:48:27,677 - Flask - INFO - (0.3, 0.0)
2018-07-04 16:48:27,677 - Flask - INFO - ================当前的页数为1=========
2018-07-04 16:48:27,677 - Flask - INFO - ===============应分为1页=============
2018-07-04 16:48:27,686 - Flask - INFO - [{'cache_table': u'ds_edu.user_edu_data', 'url': u'/data-service/edu/querydet', 'url_name': u'\u5b66\u5386\u7b80\u7248', 'id': 1L}, {'cache_table': u'ds_edu.user_edu_data', 'url': u'/data-service/edu/querydet', 'url_name': u'\u5b66\u5386\u7b80\u72482', 'id': 2L}, {'cache_table': u'', 'url': u'/data-service/telecom/rephonenum', 'url_name': u'\u8fd0\u8425\u5546\u4e8c\u6b21\u653e\u53f7', 'id': 14L}]
2018-07-04 16:48:35,022 - Flask - INFO - 来到了测试历史记录页面===================
2018-07-04 16:48:35,061 - Flask - INFO - [{'status': u'Failed', 'report': u'D:pythonapi_flask/apiTest/report/2018-07-04-15_20_16HTMLtemplate.html', 'pass_num': u'3', 'date': u'2018-07-04 15:20:20', 'history_id': 1, 'fail_num': u'3'}, {'status': u'FAIL', 'report': u'D:pythonapi_flask/apiTest/report/2018-07-04-15_20_16HTMLtemplate.html', 'pass_num': u'15', 'date': u'2018-06-21 11:11:22', 'history_id': 2, 'fail_num': u'1'}, {'status': u'Pass', 'report': u'D:pythonapi_flask/apiTest/report/2018-07-04-15_20_16HTMLtemplate.html', 'pass_num': u'11', 'date': u'2018-06-21 11:11:11', 'history_id': 3, 'fail_num': u'2'}]
2018-07-04 16:48:35,923 - Flask - INFO - 来到了主界面===========================
2018-07-04 16:48:36,802 - Flask - INFO - 来到了测试历史记录页面===================
2018-07-04 16:48:36,842 - Flask - INFO - [{'status': u'Failed', 'report': u'D:pythonapi_flask/apiTest/report/2018-07-04-15_20_16HTMLtemplate.html', 'pass_num': u'3', 'date': u'2018-07-04 15:20:20', 'history_id': 1, 'fail_num': u'3'}, {'status': u'FAIL', 'report': u'D:pythonapi_flask/apiTest/report/2018-07-04-15_20_16HTMLtemplate.html', 'pass_num': u'15', 'date': u'2018-06-21 11:11:22', 'history_id': 2, 'fail_num': u'1'}, {'status': u'Pass', 'report': u'D:pythonapi_flask/apiTest/report/2018-07-04-15_20_16HTMLtemplate.html', 'pass_num': u'11', 'date': u'2018-06-21 11:11:11', 'history_id': 3, 'fail_num': u'2'}]
2018-07-04 16:48:38,056 - Flask - INFO - 来到了start_test页面=========================
2018-07-04 16:48:38,056 - Flask - INFO - 获取到的select_value为：None
2018-07-04 16:48:38,056 - Flask - INFO - 当前展示第1页数据
2018-07-04 16:48:38,096 - Flask - INFO - 总共有3个api
2018-07-04 16:48:38,096 - Flask - INFO - (0.3, 0.0)
2018-07-04 16:48:38,096 - Flask - INFO - ================当前的页数为1=========
2018-07-04 16:48:38,096 - Flask - INFO - ===============应分为1页=============
2018-07-04 16:48:38,102 - Flask - INFO - [{'cache_table': u'ds_edu.user_edu_data', 'url': u'/data-service/edu/querydet', 'url_name': u'\u5b66\u5386\u7b80\u7248', 'id': 1L}, {'cache_table': u'ds_edu.user_edu_data', 'url': u'/data-service/edu/querydet', 'url_name': u'\u5b66\u5386\u7b80\u72482', 'id': 2L}, {'cache_table': u'', 'url': u'/data-service/telecom/rephonenum', 'url_name': u'\u8fd0\u8425\u5546\u4e8c\u6b21\u653e\u53f7', 'id': 14L}]
2018-07-04 16:48:39,964 - Flask - INFO - 来到了主界面===========================
2018-07-04 16:48:45,299 - Flask - INFO - 来到了测试历史记录页面===================
2018-07-04 16:48:45,341 - Flask - INFO - [{'status': u'Failed', 'report': u'D:pythonapi_flask/apiTest/report/2018-07-04-15_20_16HTMLtemplate.html', 'pass_num': u'3', 'date': u'2018-07-04 15:20:20', 'history_id': 1, 'fail_num': u'3'}, {'status': u'FAIL', 'report': u'D:pythonapi_flask/apiTest/report/2018-07-04-15_20_16HTMLtemplate.html', 'pass_num': u'15', 'date': u'2018-06-21 11:11:22', 'history_id': 2, 'fail_num': u'1'}, {'status': u'Pass', 'report': u'D:pythonapi_flask/apiTest/report/2018-07-04-15_20_16HTMLtemplate.html', 'pass_num': u'11', 'date': u'2018-06-21 11:11:11', 'history_id': 3, 'fail_num': u'2'}]
2018-07-04 16:50:16,664 - Flask - INFO - 来到了测试历史记录页面===================
2018-07-04 16:50:16,703 - Flask - INFO - [{'status': u'Failed', 'report': u'D:pythonapi_flask/apiTest/report/2018-07-04-15_20_16HTMLtemplate.html', 'pass_num': u'3', 'date': u'2018-07-04 15:20:20', 'history_id': 1, 'fail_num': u'3'}, {'status': u'FAIL', 'report': u'D:pythonapi_flask/apiTest/report/2018-07-04-15_20_16HTMLtemplate.html', 'pass_num': u'15', 'date': u'2018-06-21 11:11:22', 'history_id': 2, 'fail_num': u'1'}, {'status': u'Pass', 'report': u'D:pythonapi_flask/apiTest/report/2018-07-04-15_20_16HTMLtemplate.html', 'pass_num': u'11', 'date': u'2018-06-21 11:11:11', 'history_id': 3, 'fail_num': u'2'}]
2018-07-04 16:50:35,506 - Flask - INFO - 来到了测试历史记录页面===================
2018-07-04 16:50:35,545 - Flask - INFO - [{'status': u'Failed', 'report': u'D:pythonapi_flask/apiTest/report/2018-07-04-15_20_16HTMLtemplate.html', 'pass_num': u'3', 'date': u'2018-07-04 15:20:20', 'history_id': 1, 'fail_num': u'3'}, {'status': u'FAIL', 'report': u'D:pythonapi_flask/apiTest/report/2018-07-04-15_20_16HTMLtemplate.html', 'pass_num': u'15', 'date': u'2018-06-21 11:11:22', 'history_id': 2, 'fail_num': u'1'}, {'status': u'Pass', 'report': u'D:pythonapi_flask/apiTest/report/2018-07-04-15_20_16HTMLtemplate.html', 'pass_num': u'11', 'date': u'2018-06-21 11:11:11', 'history_id': 3, 'fail_num': u'2'}]
2018-07-04 16:51:04,993 - Flask - INFO - 来到了主界面===========================
2018-07-04 16:51:05,779 - Flask - INFO - 来到了测试历史记录页面===================
2018-07-04 16:51:05,818 - Flask - INFO - [{'status': u'Failed', 'report': u'D:pythonapi_flask/apiTest/report/2018-07-04-15_20_16HTMLtemplate.html', 'pass_num': u'3', 'date': u'2018-07-04 15:20:20', 'history_id': 1, 'fail_num': u'3'}, {'status': u'FAIL', 'report': u'D:pythonapi_flask/apiTest/report/2018-07-04-15_20_16HTMLtemplate.html', 'pass_num': u'15', 'date': u'2018-06-21 11:11:22', 'history_id': 2, 'fail_num': u'1'}, {'status': u'Pass', 'report': u'D:pythonapi_flask/apiTest/report/2018-07-04-15_20_16HTMLtemplate.html', 'pass_num': u'11', 'date': u'2018-06-21 11:11:11', 'history_id': 3, 'fail_num': u'2'}]
2018-07-04 16:51:21,724 - Flask - INFO - 来到了测试历史记录页面===================
2018-07-04 16:51:21,788 - Flask - INFO - [{'status': u'Failed', 'report': u'D:pythonapi_flask/apiTest/report/2018-07-04-15_20_16HTMLtemplate.html', 'pass_num': u'3', 'date': u'2018-07-04 15:20:20', 'history_id': 1, 'fail_num': u'3'}, {'status': u'FAIL', 'report': u'D:pythonapi_flask/apiTest/report/2018-07-04-15_20_16HTMLtemplate.html', 'pass_num': u'15', 'date': u'2018-06-21 11:11:22', 'history_id': 2, 'fail_num': u'1'}, {'status': u'Pass', 'report': u'D:pythonapi_flask/apiTest/report/2018-07-04-15_20_16HTMLtemplate.html', 'pass_num': u'11', 'date': u'2018-06-21 11:11:11', 'history_id': 3, 'fail_num': u'2'}]
2018-07-04 16:51:51,236 - Flask - INFO - 来到了start_test页面=========================
2018-07-04 16:51:51,236 - Flask - INFO - 获取到的select_value为：None
2018-07-04 16:51:51,236 - Flask - INFO - 当前展示第1页数据
2018-07-04 16:51:51,328 - Flask - INFO - 总共有3个api
2018-07-04 16:51:51,328 - Flask - INFO - (0.3, 0.0)
2018-07-04 16:51:51,328 - Flask - INFO - ================当前的页数为1=========
2018-07-04 16:51:51,328 - Flask - INFO - ===============应分为1页=============
2018-07-04 16:51:51,339 - Flask - INFO - [{'cache_table': u'ds_edu.user_edu_data', 'url': u'/data-service/edu/querydet', 'url_name': u'\u5b66\u5386\u7b80\u7248', 'id': 1L}, {'cache_table': u'ds_edu.user_edu_data', 'url': u'/data-service/edu/querydet', 'url_name': u'\u5b66\u5386\u7b80\u72482', 'id': 2L}, {'cache_table': u'', 'url': u'/data-service/telecom/rephonenum', 'url_name': u'\u8fd0\u8425\u5546\u4e8c\u6b21\u653e\u53f7', 'id': 14L}]
2018-07-04 16:56:12,505 - Flask - INFO - 来到了start_test页面=========================
2018-07-04 16:56:12,505 - Flask - INFO - 获取到的select_value为：None
2018-07-04 16:56:12,505 - Flask - INFO - 当前展示第1页数据
2018-07-04 16:56:12,545 - Flask - INFO - 总共有3个api
2018-07-04 16:56:12,545 - Flask - INFO - (0.3, 0.0)
2018-07-04 16:56:12,545 - Flask - INFO - ================当前的页数为1=========
2018-07-04 16:56:12,545 - Flask - INFO - ===============应分为1页=============
2018-07-04 16:56:12,559 - Flask - INFO - [{'cache_table': u'ds_edu.user_edu_data', 'url': u'/data-service/edu/querydet', 'url_name': u'\u5b66\u5386\u7b80\u7248', 'id': 1L}, {'cache_table': u'ds_edu.user_edu_data', 'url': u'/data-service/edu/querydet', 'url_name': u'\u5b66\u5386\u7b80\u72482', 'id': 2L}, {'cache_table': u'', 'url': u'/data-service/telecom/rephonenum', 'url_name': u'\u8fd0\u8425\u5546\u4e8c\u6b21\u653e\u53f7', 'id': 14L}]
2018-07-04 16:56:45,207 - Flask - INFO - 来到了start_test页面=========================
2018-07-04 16:56:45,209 - Flask - INFO - 获取到的select_value为：None
2018-07-04 16:56:45,210 - Flask - INFO - 当前展示第1页数据
2018-07-04 16:56:45,276 - Flask - INFO - 总共有3个api
2018-07-04 16:56:45,276 - Flask - INFO - (0.3, 0.0)
2018-07-04 16:56:45,276 - Flask - INFO - ================当前的页数为1=========
2018-07-04 16:56:45,276 - Flask - INFO - ===============应分为1页=============
2018-07-04 16:56:45,285 - Flask - INFO - [{'cache_table': u'ds_edu.user_edu_data', 'url': u'/data-service/edu/querydet', 'url_name': u'\u5b66\u5386\u7b80\u7248', 'id': 1L}, {'cache_table': u'ds_edu.user_edu_data', 'url': u'/data-service/edu/querydet', 'url_name': u'\u5b66\u5386\u7b80\u72482', 'id': 2L}, {'cache_table': u'', 'url': u'/data-service/telecom/rephonenum', 'url_name': u'\u8fd0\u8425\u5546\u4e8c\u6b21\u653e\u53f7', 'id': 14L}]
2018-07-04 16:57:20,358 - Flask - INFO - 来到了start_test页面=========================
2018-07-04 16:57:20,358 - Flask - INFO - 获取到的select_value为：None
2018-07-04 16:57:20,359 - Flask - INFO - 当前展示第1页数据
2018-07-04 16:57:20,397 - Flask - INFO - 总共有3个api
2018-07-04 16:57:20,397 - Flask - INFO - (0.3, 0.0)
2018-07-04 16:57:20,397 - Flask - INFO - ================当前的页数为1=========
2018-07-04 16:57:20,397 - Flask - INFO - ===============应分为1页=============
2018-07-04 16:57:20,404 - Flask - INFO - [{'cache_table': u'ds_edu.user_edu_data', 'url': u'/data-service/edu/querydet', 'url_name': u'\u5b66\u5386\u7b80\u7248', 'id': 1L}, {'cache_table': u'ds_edu.user_edu_data', 'url': u'/data-service/edu/querydet', 'url_name': u'\u5b66\u5386\u7b80\u72482', 'id': 2L}, {'cache_table': u'', 'url': u'/data-service/telecom/rephonenum', 'url_name': u'\u8fd0\u8425\u5546\u4e8c\u6b21\u653e\u53f7', 'id': 14L}]
2018-07-04 16:58:03,891 - Flask - INFO - 来到了start_test页面=========================
2018-07-04 16:58:03,891 - Flask - INFO - 获取到的select_value为：None
2018-07-04 16:58:03,891 - Flask - INFO - 当前展示第1页数据
2018-07-04 16:58:03,937 - Flask - INFO - 总共有3个api
2018-07-04 16:58:03,938 - Flask - INFO - (0.3, 0.0)
2018-07-04 16:58:03,938 - Flask - INFO - ================当前的页数为1=========
2018-07-04 16:58:03,938 - Flask - INFO - ===============应分为1页=============
2018-07-04 16:58:03,946 - Flask - INFO - [{'cache_table': u'ds_edu.user_edu_data', 'url': u'/data-service/edu/querydet', 'url_name': u'\u5b66\u5386\u7b80\u7248', 'id': 1L}, {'cache_table': u'ds_edu.user_edu_data', 'url': u'/data-service/edu/querydet', 'url_name': u'\u5b66\u5386\u7b80\u72482', 'id': 2L}, {'cache_table': u'', 'url': u'/data-service/telecom/rephonenum', 'url_name': u'\u8fd0\u8425\u5546\u4e8c\u6b21\u653e\u53f7', 'id': 14L}]
2018-07-04 16:59:02,019 - Flask - INFO - 来到了start_test页面=========================
2018-07-04 16:59:02,019 - Flask - INFO - 获取到的select_value为：None
2018-07-04 16:59:02,019 - Flask - INFO - 当前展示第1页数据
2018-07-04 16:59:02,092 - Flask - INFO - 总共有3个api
2018-07-04 16:59:02,092 - Flask - INFO - (0.3, 0.0)
2018-07-04 16:59:02,092 - Flask - INFO - ================当前的页数为1=========
2018-07-04 16:59:02,092 - Flask - INFO - ===============应分为1页=============
2018-07-04 16:59:02,114 - Flask - INFO - [{'cache_table': u'ds_edu.user_edu_data', 'url': u'/data-service/edu/querydet', 'url_name': u'\u5b66\u5386\u7b80\u7248', 'id': 1L}, {'cache_table': u'ds_edu.user_edu_data', 'url': u'/data-service/edu/querydet', 'url_name': u'\u5b66\u5386\u7b80\u72482', 'id': 2L}, {'cache_table': u'', 'url': u'/data-service/telecom/rephonenum', 'url_name': u'\u8fd0\u8425\u5546\u4e8c\u6b21\u653e\u53f7', 'id': 14L}]
2018-07-04 16:59:58,428 - Flask - INFO - 来到了start_test页面=========================
2018-07-04 16:59:58,428 - Flask - INFO - 获取到的select_value为：None
2018-07-04 16:59:58,430 - Flask - INFO - 当前展示第1页数据
2018-07-04 16:59:58,469 - Flask - INFO - 总共有3个api
2018-07-04 16:59:58,469 - Flask - INFO - (0.3, 0.0)
2018-07-04 16:59:58,470 - Flask - INFO - ================当前的页数为1=========
2018-07-04 16:59:58,470 - Flask - INFO - ===============应分为1页=============
2018-07-04 16:59:58,477 - Flask - INFO - [{'cache_table': u'ds_edu.user_edu_data', 'url': u'/data-service/edu/querydet', 'url_name': u'\u5b66\u5386\u7b80\u7248', 'id': 1L}, {'cache_table': u'ds_edu.user_edu_data', 'url': u'/data-service/edu/querydet', 'url_name': u'\u5b66\u5386\u7b80\u72482', 'id': 2L}, {'cache_table': u'', 'url': u'/data-service/telecom/rephonenum', 'url_name': u'\u8fd0\u8425\u5546\u4e8c\u6b21\u653e\u53f7', 'id': 14L}]
2018-07-04 17:00:49,482 - Flask - INFO - 来到了start_test页面=========================
2018-07-04 17:00:49,483 - Flask - INFO - 获取到的select_value为：None
2018-07-04 17:00:49,483 - Flask - INFO - 当前展示第1页数据
2018-07-04 17:00:49,520 - Flask - INFO - 总共有3个api
2018-07-04 17:00:49,520 - Flask - INFO - (0.3, 0.0)
2018-07-04 17:00:49,520 - Flask - INFO - ================当前的页数为1=========
2018-07-04 17:00:49,520 - Flask - INFO - ===============应分为1页=============
2018-07-04 17:00:49,529 - Flask - INFO - [{'cache_table': u'ds_edu.user_edu_data', 'url': u'/data-service/edu/querydet', 'url_name': u'\u5b66\u5386\u7b80\u7248', 'id': 1L}, {'cache_table': u'ds_edu.user_edu_data', 'url': u'/data-service/edu/querydet', 'url_name': u'\u5b66\u5386\u7b80\u72482', 'id': 2L}, {'cache_table': u'', 'url': u'/data-service/telecom/rephonenum', 'url_name': u'\u8fd0\u8425\u5546\u4e8c\u6b21\u653e\u53f7', 'id': 14L}]
2018-07-04 17:01:27,582 - Flask - INFO - 来到了测试历史记录页面===================
2018-07-04 17:01:27,625 - Flask - INFO - [{'status': u'Failed', 'report': u'D:pythonapi_flask/apiTest/report/2018-07-04-15_20_16HTMLtemplate.html', 'pass_num': u'3', 'date': u'2018-07-04 15:20:20', 'history_id': 1, 'fail_num': u'3'}, {'status': u'FAIL', 'report': u'D:pythonapi_flask/apiTest/report/2018-07-04-15_20_16HTMLtemplate.html', 'pass_num': u'15', 'date': u'2018-06-21 11:11:22', 'history_id': 2, 'fail_num': u'1'}, {'status': u'Pass', 'report': u'D:pythonapi_flask/apiTest/report/2018-07-04-15_20_16HTMLtemplate.html', 'pass_num': u'11', 'date': u'2018-06-21 11:11:11', 'history_id': 3, 'fail_num': u'2'}]
2018-07-04 17:02:11,378 - Flask - INFO - 来到了测试历史记录页面===================
2018-07-04 17:02:11,418 - Flask - INFO - [{'status': u'Failed', 'report': u'D:pythonapi_flask/apiTest/report/2018-07-04-15_20_16HTMLtemplate.html', 'pass_num': u'3', 'date': u'2018-07-04 15:20:20', 'history_id': 1, 'fail_num': u'3'}, {'status': u'FAIL', 'report': u'D:pythonapi_flask/apiTest/report/2018-07-04-15_20_16HTMLtemplate.html', 'pass_num': u'15', 'date': u'2018-06-21 11:11:22', 'history_id': 2, 'fail_num': u'1'}, {'status': u'Pass', 'report': u'D:pythonapi_flask/apiTest/report/2018-07-04-15_20_16HTMLtemplate.html', 'pass_num': u'11', 'date': u'2018-06-21 11:11:11', 'history_id': 3, 'fail_num': u'2'}]
2018-07-04 17:12:25,101 - Flask - INFO - 来到了start_test页面=========================
2018-07-04 17:12:25,102 - Flask - INFO - 获取到的select_value为：None
2018-07-04 17:12:25,102 - Flask - INFO - 当前展示第1页数据
2018-07-04 17:12:25,140 - Flask - INFO - 总共有3个api
2018-07-04 17:12:25,140 - Flask - INFO - (0.3, 0.0)
2018-07-04 17:12:25,141 - Flask - INFO - ================当前的页数为1=========
2018-07-04 17:12:25,141 - Flask - INFO - ===============应分为1页=============
2018-07-04 17:12:25,148 - Flask - INFO - [{'cache_table': u'ds_edu.user_edu_data', 'url': u'/data-service/edu/querydet', 'url_name': u'\u5b66\u5386\u7b80\u7248', 'id': 1L}, {'cache_table': u'ds_edu.user_edu_data', 'url': u'/data-service/edu/querydet', 'url_name': u'\u5b66\u5386\u7b80\u72482', 'id': 2L}, {'cache_table': u'', 'url': u'/data-service/telecom/rephonenum', 'url_name': u'\u8fd0\u8425\u5546\u4e8c\u6b21\u653e\u53f7', 'id': 14L}]
2018-07-04 17:12:27,819 - Flask - INFO - 来到了添加新接口界面=========================
2018-07-04 17:12:31,525 - Flask - INFO - 来到了测试历史记录页面===================
2018-07-04 17:12:31,568 - Flask - INFO - [{'status': u'Failed', 'report': u'D:pythonapi_flask/apiTest/report/2018-07-04-15_20_16HTMLtemplate.html', 'pass_num': u'3', 'date': u'2018-07-04 15:20:20', 'history_id': 1, 'fail_num': u'3'}, {'status': u'FAIL', 'report': u'D:pythonapi_flask/apiTest/report/2018-07-04-15_20_16HTMLtemplate.html', 'pass_num': u'15', 'date': u'2018-06-21 11:11:22', 'history_id': 2, 'fail_num': u'1'}, {'status': u'Pass', 'report': u'D:pythonapi_flask/apiTest/report/2018-07-04-15_20_16HTMLtemplate.html', 'pass_num': u'11', 'date': u'2018-06-21 11:11:11', 'history_id': 3, 'fail_num': u'2'}]
2018-07-04 17:12:32,447 - Flask - INFO - 来到了主界面===========================
2018-07-04 17:12:33,440 - Flask - INFO - 来到了测试历史记录页面===================
2018-07-04 17:12:33,483 - Flask - INFO - [{'status': u'Failed', 'report': u'D:pythonapi_flask/apiTest/report/2018-07-04-15_20_16HTMLtemplate.html', 'pass_num': u'3', 'date': u'2018-07-04 15:20:20', 'history_id': 1, 'fail_num': u'3'}, {'status': u'FAIL', 'report': u'D:pythonapi_flask/apiTest/report/2018-07-04-15_20_16HTMLtemplate.html', 'pass_num': u'15', 'date': u'2018-06-21 11:11:22', 'history_id': 2, 'fail_num': u'1'}, {'status': u'Pass', 'report': u'D:pythonapi_flask/apiTest/report/2018-07-04-15_20_16HTMLtemplate.html', 'pass_num': u'11', 'date': u'2018-06-21 11:11:11', 'history_id': 3, 'fail_num': u'2'}]
2018-07-04 17:12:34,476 - Flask - INFO - 来到了start_test页面=========================
2018-07-04 17:12:34,477 - Flask - INFO - 获取到的select_value为：None
2018-07-04 17:12:34,477 - Flask - INFO - 当前展示第1页数据
2018-07-04 17:12:34,516 - Flask - INFO - 总共有3个api
2018-07-04 17:12:34,516 - Flask - INFO - (0.3, 0.0)
2018-07-04 17:12:34,517 - Flask - INFO - ================当前的页数为1=========
2018-07-04 17:12:34,517 - Flask - INFO - ===============应分为1页=============
2018-07-04 17:12:34,523 - Flask - INFO - [{'cache_table': u'ds_edu.user_edu_data', 'url': u'/data-service/edu/querydet', 'url_name': u'\u5b66\u5386\u7b80\u7248', 'id': 1L}, {'cache_table': u'ds_edu.user_edu_data', 'url': u'/data-service/edu/querydet', 'url_name': u'\u5b66\u5386\u7b80\u72482', 'id': 2L}, {'cache_table': u'', 'url': u'/data-service/telecom/rephonenum', 'url_name': u'\u8fd0\u8425\u5546\u4e8c\u6b21\u653e\u53f7', 'id': 14L}]
2018-07-04 17:12:35,917 - Flask - INFO - 来到了添加新接口界面=========================
2018-07-04 17:12:37,869 - Flask - INFO - 来到了start_test页面=========================
2018-07-04 17:12:37,871 - Flask - INFO - 获取到的select_value为：None
2018-07-04 17:12:37,871 - Flask - INFO - 当前展示第1页数据
2018-07-04 17:12:37,911 - Flask - INFO - 总共有3个api
2018-07-04 17:12:37,911 - Flask - INFO - (0.3, 0.0)
2018-07-04 17:12:37,911 - Flask - INFO - ================当前的页数为1=========
2018-07-04 17:12:37,913 - Flask - INFO - ===============应分为1页=============
2018-07-04 17:12:37,921 - Flask - INFO - [{'cache_table': u'ds_edu.user_edu_data', 'url': u'/data-service/edu/querydet', 'url_name': u'\u5b66\u5386\u7b80\u7248', 'id': 1L}, {'cache_table': u'ds_edu.user_edu_data', 'url': u'/data-service/edu/querydet', 'url_name': u'\u5b66\u5386\u7b80\u72482', 'id': 2L}, {'cache_table': u'', 'url': u'/data-service/telecom/rephonenum', 'url_name': u'\u8fd0\u8425\u5546\u4e8c\u6b21\u653e\u53f7', 'id': 14L}]
2018-07-04 17:12:39,213 - Flask - INFO - 来到了测试历史记录页面===================
2018-07-04 17:12:39,309 - Flask - INFO - [{'status': u'Failed', 'report': u'D:pythonapi_flask/apiTest/report/2018-07-04-15_20_16HTMLtemplate.html', 'pass_num': u'3', 'date': u'2018-07-04 15:20:20', 'history_id': 1, 'fail_num': u'3'}, {'status': u'FAIL', 'report': u'D:pythonapi_flask/apiTest/report/2018-07-04-15_20_16HTMLtemplate.html', 'pass_num': u'15', 'date': u'2018-06-21 11:11:22', 'history_id': 2, 'fail_num': u'1'}, {'status': u'Pass', 'report': u'D:pythonapi_flask/apiTest/report/2018-07-04-15_20_16HTMLtemplate.html', 'pass_num': u'11', 'date': u'2018-06-21 11:11:11', 'history_id': 3, 'fail_num': u'2'}]
2018-07-04 17:12:40,500 - Flask - INFO - 来到了start_test页面=========================
2018-07-04 17:12:40,500 - Flask - INFO - 获取到的select_value为：None
2018-07-04 17:12:40,500 - Flask - INFO - 当前展示第1页数据
2018-07-04 17:12:40,536 - Flask - INFO - 总共有3个api
2018-07-04 17:12:40,536 - Flask - INFO - (0.3, 0.0)
2018-07-04 17:12:40,536 - Flask - INFO - ================当前的页数为1=========
2018-07-04 17:12:40,536 - Flask - INFO - ===============应分为1页=============
2018-07-04 17:12:40,545 - Flask - INFO - [{'cache_table': u'ds_edu.user_edu_data', 'url': u'/data-service/edu/querydet', 'url_name': u'\u5b66\u5386\u7b80\u7248', 'id': 1L}, {'cache_table': u'ds_edu.user_edu_data', 'url': u'/data-service/edu/querydet', 'url_name': u'\u5b66\u5386\u7b80\u72482', 'id': 2L}, {'cache_table': u'', 'url': u'/data-service/telecom/rephonenum', 'url_name': u'\u8fd0\u8425\u5546\u4e8c\u6b21\u653e\u53f7', 'id': 14L}]
2018-07-04 17:12:59,335 - Flask - INFO - 来到了start_test页面=========================
2018-07-04 17:12:59,869 - Flask - INFO - 来到了测试历史记录页面===================
2018-07-04 17:13:02,359 - Flask - INFO - 来到了主界面===========================
2018-07-04 17:13:04,007 - Flask - INFO - 来到了测试历史记录页面===================
2018-07-04 17:13:04,066 - Flask - INFO - [{'status': u'Failed', 'report': u'D:pythonapi_flask/apiTest/report/2018-07-04-15_20_16HTMLtemplate.html', 'pass_num': u'3', 'date': u'2018-07-04 15:20:20', 'history_id': 1, 'fail_num': u'3'}, {'status': u'FAIL', 'report': u'D:pythonapi_flask/apiTest/report/2018-07-04-15_20_16HTMLtemplate.html', 'pass_num': u'15', 'date': u'2018-06-21 11:11:22', 'history_id': 2, 'fail_num': u'1'}, {'status': u'Pass', 'report': u'D:pythonapi_flask/apiTest/report/2018-07-04-15_20_16HTMLtemplate.html', 'pass_num': u'11', 'date': u'2018-06-21 11:11:11', 'history_id': 3, 'fail_num': u'2'}]
2018-07-04 17:13:06,862 - Flask - INFO - 来到了主界面===========================
2018-07-04 17:13:08,500 - Flask - INFO - 来到了测试历史记录页面===================
2018-07-04 17:13:08,542 - Flask - INFO - [{'status': u'Failed', 'report': u'D:pythonapi_flask/apiTest/report/2018-07-04-15_20_16HTMLtemplate.html', 'pass_num': u'3', 'date': u'2018-07-04 15:20:20', 'history_id': 1, 'fail_num': u'3'}, {'status': u'FAIL', 'report': u'D:pythonapi_flask/apiTest/report/2018-07-04-15_20_16HTMLtemplate.html', 'pass_num': u'15', 'date': u'2018-06-21 11:11:22', 'history_id': 2, 'fail_num': u'1'}, {'status': u'Pass', 'report': u'D:pythonapi_flask/apiTest/report/2018-07-04-15_20_16HTMLtemplate.html', 'pass_num': u'11', 'date': u'2018-06-21 11:11:11', 'history_id': 3, 'fail_num': u'2'}]
2018-07-04 17:13:09,572 - Flask - INFO - 来到了start_test页面=========================
2018-07-04 17:13:09,572 - Flask - INFO - 获取到的select_value为：None
2018-07-04 17:13:09,572 - Flask - INFO - 当前展示第1页数据
2018-07-04 17:13:09,621 - Flask - INFO - 总共有3个api
2018-07-04 17:13:09,621 - Flask - INFO - (0.3, 0.0)
2018-07-04 17:13:09,621 - Flask - INFO - ================当前的页数为1=========
2018-07-04 17:13:09,621 - Flask - INFO - ===============应分为1页=============
2018-07-04 17:13:09,628 - Flask - INFO - [{'cache_table': u'ds_edu.user_edu_data', 'url': u'/data-service/edu/querydet', 'url_name': u'\u5b66\u5386\u7b80\u7248', 'id': 1L}, {'cache_table': u'ds_edu.user_edu_data', 'url': u'/data-service/edu/querydet', 'url_name': u'\u5b66\u5386\u7b80\u72482', 'id': 2L}, {'cache_table': u'', 'url': u'/data-service/telecom/rephonenum', 'url_name': u'\u8fd0\u8425\u5546\u4e8c\u6b21\u653e\u53f7', 'id': 14L}]
2018-07-04 17:13:22,266 - Flask - INFO - 来到了测试历史记录页面===================
2018-07-04 17:13:22,545 - Flask - INFO - [{'status': u'Failed', 'report': u'D:pythonapi_flask/apiTest/report/2018-07-04-15_20_16HTMLtemplate.html', 'pass_num': u'3', 'date': u'2018-07-04 15:20:20', 'history_id': 1, 'fail_num': u'3'}, {'status': u'FAIL', 'report': u'D:pythonapi_flask/apiTest/report/2018-07-04-15_20_16HTMLtemplate.html', 'pass_num': u'15', 'date': u'2018-06-21 11:11:22', 'history_id': 2, 'fail_num': u'1'}, {'status': u'Pass', 'report': u'D:pythonapi_flask/apiTest/report/2018-07-04-15_20_16HTMLtemplate.html', 'pass_num': u'11', 'date': u'2018-06-21 11:11:11', 'history_id': 3, 'fail_num': u'2'}]
