2018-06-27 16:08:51,714 - testlog - INFO - 正在获取apilist===============================================
2018-06-27 16:08:51,714 - testlog - INFO - 正在获取apilist===============================================
2018-06-27 16:08:51,927 - testlog - INFO - 已经获取到apilist并返回=========================
2018-06-27 16:08:51,927 - testlog - INFO - 已经获取到apilist并返回=========================
2018-06-27 16:08:51,927 - testlog - INFO - ((1L, u'\u5b66\u5386\u7b80\u7248', u'/data-service/edu/querydet', u'get', u'cid,name', u'7', u'account,cid,name,reqTid', u'cid,name,reqTid,account,sign', u'ds_edu.user_edu_data'), (2L, u'\u5b66\u5386\u7b80\u72482', u'/data-service/edu/querydet', u'get', u'cid,name', u'7', u'account,cid,name,reqTid', u'cid,name,reqTid,account,sign', u'ds_edu.user_edu_data'), (3L, u'test1', u'/data-server/ssw', u'post', u'name,cid', u'1111', u'name,cid,phone', u'name,cid', u'zx_user_history'))
2018-06-27 16:08:51,927 - testlog - INFO - ((1L, u'\u5b66\u5386\u7b80\u7248', u'/data-service/edu/querydet', u'get', u'cid,name', u'7', u'account,cid,name,reqTid', u'cid,name,reqTid,account,sign', u'ds_edu.user_edu_data'), (2L, u'\u5b66\u5386\u7b80\u72482', u'/data-service/edu/querydet', u'get', u'cid,name', u'7', u'account,cid,name,reqTid', u'cid,name,reqTid,account,sign', u'ds_edu.user_edu_data'), (3L, u'test1', u'/data-server/ssw', u'post', u'name,cid', u'1111', u'name,cid,phone', u'name,cid', u'zx_user_history'))
2018-06-27 16:08:52,348 - testlog - INFO - 正在获取apilist===============================================
2018-06-27 16:08:52,348 - testlog - INFO - 正在获取apilist===============================================
2018-06-27 16:08:52,599 - testlog - INFO - 已经获取到apilist并返回=========================
2018-06-27 16:08:52,599 - testlog - INFO - 已经获取到apilist并返回=========================
2018-06-27 16:08:52,601 - testlog - INFO - ((1L, u'\u5b66\u5386\u7b80\u7248', u'/data-service/edu/querydet', u'get', u'cid,name', u'7', u'account,cid,name,reqTid', u'cid,name,reqTid,account,sign', u'ds_edu.user_edu_data'), (2L, u'\u5b66\u5386\u7b80\u72482', u'/data-service/edu/querydet', u'get', u'cid,name', u'7', u'account,cid,name,reqTid', u'cid,name,reqTid,account,sign', u'ds_edu.user_edu_data'), (3L, u'test1', u'/data-server/ssw', u'post', u'name,cid', u'1111', u'name,cid,phone', u'name,cid', u'zx_user_history'))
2018-06-27 16:08:52,601 - testlog - INFO - ((1L, u'\u5b66\u5386\u7b80\u7248', u'/data-service/edu/querydet', u'get', u'cid,name', u'7', u'account,cid,name,reqTid', u'cid,name,reqTid,account,sign', u'ds_edu.user_edu_data'), (2L, u'\u5b66\u5386\u7b80\u72482', u'/data-service/edu/querydet', u'get', u'cid,name', u'7', u'account,cid,name,reqTid', u'cid,name,reqTid,account,sign', u'ds_edu.user_edu_data'), (3L, u'test1', u'/data-server/ssw', u'post', u'name,cid', u'1111', u'name,cid,phone', u'name,cid', u'zx_user_history'))
2018-06-27 16:09:00,548 - testlog - INFO - 正在初始化当前测试用例
2018-06-27 16:09:00,548 - testlog - INFO - 正在初始化当前测试用例
2018-06-27 16:09:00,548 - testlog - INFO - {'account': 'apisunsuwei', 'reqId': '1234', 'reqTid': '1234'}
2018-06-27 16:09:00,548 - testlog - INFO - {'account': 'apisunsuwei', 'reqId': '1234', 'reqTid': '1234'}
2018-06-27 16:09:00,549 - testlog - INFO - 正在执行的是第1个接口:学历简版，查询缓存
2018-06-27 16:09:00,549 - testlog - INFO - 正在执行的是第1个接口:学历简版，查询缓存
2018-06-27 16:09:00,549 - testlog - INFO - 正在从数据库中获取数据.......
2018-06-27 16:09:00,549 - testlog - INFO - 正在从数据库中获取数据.......
2018-06-27 16:09:00,782 - testlog - INFO - 正在从ds_edu.user_edu_data获取数据......
2018-06-27 16:09:00,782 - testlog - INFO - 正在从ds_edu.user_edu_data获取数据......
2018-06-27 16:09:00,816 - testlog - INFO - 正在使用idt排序查询
2018-06-27 16:09:00,816 - testlog - INFO - 正在使用idt排序查询
2018-06-27 16:09:00,855 - testlog - INFO - 正在初始化当前测试用例
2018-06-27 16:09:00,855 - testlog - INFO - 正在初始化当前测试用例
2018-06-27 16:09:00,855 - testlog - INFO - {'account': 'apisunsuwei', 'reqId': '1234', 'reqTid': '1234'}
2018-06-27 16:09:00,855 - testlog - INFO - {'account': 'apisunsuwei', 'reqId': '1234', 'reqTid': '1234'}
2018-06-27 16:09:00,855 - testlog - INFO - 正在执行的是第2个接口:学历简版2，查询缓存
2018-06-27 16:09:00,855 - testlog - INFO - 正在执行的是第2个接口:学历简版2，查询缓存
2018-06-27 16:09:00,855 - testlog - INFO - 正在从数据库中获取数据.......
2018-06-27 16:09:00,855 - testlog - INFO - 正在从数据库中获取数据.......
2018-06-27 16:09:01,051 - testlog - INFO - 正在从ds_edu.user_edu_data获取数据......
2018-06-27 16:09:01,051 - testlog - INFO - 正在从ds_edu.user_edu_data获取数据......
2018-06-27 16:09:01,082 - testlog - INFO - 正在使用idt排序查询
2018-06-27 16:09:01,082 - testlog - INFO - 正在使用idt排序查询
2018-06-27 16:09:01,134 - testlog - INFO - 正在初始化当前测试用例
2018-06-27 16:09:01,134 - testlog - INFO - 正在初始化当前测试用例
2018-06-27 16:09:01,134 - testlog - INFO - {'account': 'apisunsuwei', 'reqId': '1234', 'reqTid': '1234'}
2018-06-27 16:09:01,134 - testlog - INFO - {'account': 'apisunsuwei', 'reqId': '1234', 'reqTid': '1234'}
2018-06-27 16:09:01,134 - testlog - INFO - 正在执行的是第3个接口:test1，查询缓存
2018-06-27 16:09:01,134 - testlog - INFO - 正在执行的是第3个接口:test1，查询缓存
2018-06-27 16:09:01,134 - testlog - INFO - 正在从数据库中获取数据.......
2018-06-27 16:09:01,134 - testlog - INFO - 正在从数据库中获取数据.......
